# Generated by: ./jointDeconvolution Data/MALDI_ToF_Low_B.csv -o Data/MALDI_ToF_Low_B3.csv.out -p --sigma_left 2 --sigma_right 2 --lambda_1 0.5 
2575.14, 1833, 0, 1836.66, 7.88316e-72, 1836.66
2575.26, 1812, 0, 1829.78, 2.2771e-71, 1829.78
2575.37, 1713, 0, 1826.6, 6.56187e-71, 1826.6
2575.49, 1771, 0, 1823.65, 1.88467e-70, 1823.65
2575.6, 1740, 0, 1820.8, 5.39022e-70, 1820.8
2575.72, 1739, 0, 1818.11, 1.53793e-69, 1818.11
2575.83, 1830, 0, 1815.59, 4.37351e-69, 1815.59
2575.95, 1742, 0, 1813.03, 1.23961e-68, 1813.03
2576.07, 1743, 0, 1810.61, 3.50187e-68, 1810.61
2576.18, 1759, 0, 1808.33, 9.86003e-68, 1808.33
2576.3, 1691, 0, 1806.15, 2.76458e-67, 1806.15
2576.41, 1726, 0, 1804.2, 7.73269e-67, 1804.2
2576.53, 1756, 0, 1802.41, 2.15573e-66, 1802.41
2576.64, 1729, 0, 1800.7, 5.9899e-66, 1800.7
2576.76, 1801, 0, 1799.15, 1.65885e-65, 1799.15
2576.87, 1823, 0, 1797.58, 4.57884e-65, 1797.58
2576.99, 1689, 0, 1795.97, 1.2597e-64, 1795.97
2577.1, 1751, 0, 1794.57, 3.45412e-64, 1794.57
2577.22, 1702, 0, 1793.26, 9.44821e-64, 1793.26
2577.33, 1768, 0, 1792.13, 2.57361e-63, 1792.13
2577.45, 1746, 0, 1791.05, 6.98713e-63, 1791.05
2577.56, 1739, 0, 1790.06, 1.89067e-62, 1790.06
2577.68, 1898, 0, 1789.17, 5.09911e-62, 1789.17
2577.79, 1855, 0, 1788.06, 1.37185e-61, 1788.06
2577.91, 1792, 0, 1786.82, 3.67542e-61, 1786.82
2578.02, 1749, 0, 1785.57, 9.81453e-61, 1785.57
2578.14, 1766, 0, 1784.39, 2.61212e-60, 1784.39
2578.25, 1700, 0, 1783.25, 6.935e-60, 1783.25
2578.37, 1669, 0, 1782.28, 1.83355e-59, 1782.28
2578.48, 1678, 0, 1781.53, 4.8317e-59, 1781.53
2578.6, 1780, 0, 1780.99, 1.27008e-58, 1780.99
2578.71, 1746, 0, 1780.45, 3.32477e-58, 1780.45
2578.83, 1819, 0, 1779.98, 8.68188e-58, 1779.98
2578.94, 1789, 0, 1779.43, 2.2577e-57, 1779.43
2579.06, 1907, 0, 1778.87, 5.85649e-57, 1778.87
2579.17, 1706, 0, 1778.04, 1.5129e-56, 1778.04
2579.29, 1757, 0, 1777.36, 3.89854e-56, 1777.36
2579.4, 1757, 0, 1776.73, 1.00127e-55, 1776.73
2579.52, 1647, 0, 1776.13, 2.56099e-55, 1776.13
2579.63, 1722, 0, 1775.79, 6.53398e-55, 1775.79
2579.75, 1797, 0, 1775.55, 1.66152e-54, 1775.55
2579.86, 1762, 0, 1775.28, 4.2077e-54, 1775.28
2579.98, 1765, 0, 1775.03, 1.0629e-53, 1775.03
2580.09, 1698, 0, 1774.8, 2.67609e-53, 1774.8
2580.21, 1770, 0, 1774.72, 6.71532e-53, 1774.72
2580.32, 1801, 0, 1774.66, 1.67822e-52, 1774.66
2580.44, 1819, 0, 1774.54, 4.18344e-52, 1774.54
2580.56, 1674, 0, 1774.33, 1.03939e-51, 1774.33
2580.67, 1738, 0, 1774.32, 2.57385e-51, 1774.32
2580.79, 1717, 0, 1774.39, 6.35253e-51, 1774.39
2580.9, 1769, 0, 1774.57, 1.56268e-50, 1774.57
2581.02, 1784, 0, 1774.76, 3.83134e-50, 1774.76
2581.13, 1701, 0, 1774.93, 9.3625e-50, 1774.93
2581.25, 1744, 0, 1775.25, 2.2803e-49, 1775.25
2581.36, 1705, 0, 1775.63, 5.53542e-49, 1775.63
2581.48, 1765, 0, 1776.16, 1.33927e-48, 1776.16
2581.59, 1859, 0, 1776.7, 3.22958e-48, 1776.7
2581.71, 1806, 0, 1777.09, 7.76216e-48, 1777.09
2581.82, 1769, 0, 1777.41, 1.85942e-47, 1777.41
2581.94, 1725, 0, 1777.75, 4.43949e-47, 1777.75
2582.05, 1760, 0, 1778.2, 1.05724e-46, 1778.2
2582.17, 1791, 0, 1778.68, 2.50752e-46, 1778.68
2582.28, 1809, 0, 1779.14, 5.92755e-46, 1779.14
2582.4, 1790, 0, 1779.54, 1.39658e-45, 1779.54
2582.51, 1844, 0, 1779.92, 3.28197e-45, 1779.92
2582.63, 1810, 0, 1780.16, 7.68142e-45, 1780.16
2582.74, 1724, 0, 1780.35, 1.79187e-44, 1780.35
2582.86, 1752, 0, 1780.66, 4.16918e-44, 1780.66
2582.97, 1724, 0, 1781.02, 9.66124e-44, 1781.02
2583.09, 1853, 0, 1781.49, 2.23139e-43, 1781.49
2583.21, 1815, 0, 1781.82, 5.14032e-43, 1781.82
2583.32, 1839, 0, 1782.09, 1.17937e-42, 1782.09
2583.44, 1778, 0, 1782.24, 2.69885e-42, 1782.24
2583.55, 1715, 0, 1782.4, 6.15112e-42, 1782.4
2583.67, 1739, 0, 1782.69, 1.39829e-41, 1782.69
2583.78, 1706, 0, 1783.07, 3.1681e-41, 1783.07
2583.9, 1827, 0, 1783.61, 7.14906e-41, 1783.61
2584.01, 1812, 0, 1784.06, 1.60903e-40, 1784.06
2584.13, 1777, 0, 1784.45, 3.6094e-40, 1784.45
2584.24, 1854, 0, 1784.86, 8.0642e-40, 1784.86
2584.36, 1966, 0, 1785.12, 1.797e-39, 1785.12
2584.47, 1919, 0, 1785.03, 3.99107e-39, 1785.03
2584.59, 1727, 0, 1784.67, 8.82856e-39, 1784.67
2584.7, 1772, 0, 1784.43, 1.94781e-38, 1784.43
2584.82, 1683, 0, 1784.21, 4.28312e-38, 1784.21
2584.93, 1738, 0, 1784.19, 9.38709e-38, 1784.19
2585.05, 1754, 0, 1784.26, 2.05049e-37, 1784.26
2585.16, 1763, 0, 1784.4, 4.46418e-37, 1784.4
2585.28, 1813, 0, 1784.58, 9.68683e-37, 1784.58
2585.4, 1701, 0, 1784.7, 2.09357e-36, 1784.7
2585.51, 1665, 0, 1784.99, 4.51277e-36, 1784.99
2585.63, 1694, 0, 1785.52, 9.69514e-36, 1785.52
2585.74, 1866, 0, 1786.23, 2.07597e-35, 1786.23
2585.86, 1791, 0, 1786.78, 4.43334e-35, 1786.78
2585.97, 1687, 0, 1787.32, 9.42998e-35, 1787.32
2586.09, 1709, 0, 1788.07, 1.99916e-34, 1788.07
2586.2, 1754, 0, 1788.97, 4.22416e-34, 1788.97
2586.32, 1679, 0, 1789.94, 8.8959e-34, 1789.94
2586.43, 1800, 0, 1791.14, 1.86722e-33, 1791.14
2586.55, 1735, 0, 1792.31, 3.90624e-33, 1792.31
2586.66, 1779, 0, 1793.6, 8.14994e-33, 1793.6
2586.78, 1856, 0, 1794.92, 1.69367e-32, 1794.92
2586.89, 1765, 0, 1796.12, 3.50801e-32, 1796.12
2587.01, 1839, 0, 1797.38, 7.24184e-32, 1797.38
2587.13, 1791, 0, 1798.56, 1.49096e-31, 1798.56
2587.24, 1682, 0, 1799.75, 3.05749e-31, 1799.75
2587.36, 1816, 0, 1801.18, 6.25302e-31, 1801.18
2587.47, 1893, 0, 1802.58, 1.2738e-30, 1802.58
2587.59, 1864, 0, 1803.79, 2.58625e-30, 1803.79
2587.7, 1853, 0, 1804.89, 5.23674e-30, 1804.89
2587.82, 1740, 0, 1805.89, 1.05619e-29, 1805.89
2587.93, 1836, 0, 1807.02, 2.12442e-29, 1807.02
2588.05, 1851, 0, 1808.1, 4.25631e-29, 1808.1
2588.16, 1902, 0, 1809.09, 8.50437e-29, 1809.09
2588.28, 1884, 0, 1809.89, 1.69358e-28, 1809.89
2588.39, 1933, 0, 1810.54, 3.35943e-28, 1810.54
2588.51, 1960, 0, 1810.95, 6.64566e-28, 1810.95
2588.62, 1892, 0, 1811.07, 1.31028e-27, 1811.07
2588.74, 1831, 0, 1811.02, 2.57331e-27, 1811.02
2588.86, 1826, 0, 1810.93, 5.03997e-27, 1810.93
2588.97, 1914, 0, 1810.81, 9.83826e-27, 1810.81
2589.09, 1844, 0, 1810.48, 1.91299e-26, 1810.48
2589.2, 1886, 0, 1810.08, 3.70948e-26, 1810.08
2589.32, 1895, 0, 1809.54, 7.16913e-26, 1809.54
2589.43, 1917, 0, 1808.82, 1.38094e-25, 1808.82
2589.55, 1822, 0, 1807.89, 2.65116e-25, 1807.89
2589.66, 1711, 0, 1806.93, 5.07286e-25, 1806.93
2589.78, 1787, 0, 1806.16, 9.67438e-25, 1806.16
2589.89, 1808, 0, 1805.43, 1.83885e-24, 1805.43
2590.01, 1793, 0, 1804.69, 3.48358e-24, 1804.69
2590.12, 1890, 0, 1803.98, 6.57746e-24, 1803.98
2590.24, 1847, 0, 1803.09, 1.23778e-23, 1803.09
2590.36, 1853, 0, 1802.12, 2.32159e-23, 1802.12
2590.47, 1862, 0, 1801.05, 4.33991e-23, 1801.05
2590.59, 1730, 0, 1799.85, 8.08593e-23, 1799.85
2590.7, 1835, 0, 1798.79, 1.50153e-22, 1798.79
2590.82, 1878, 0, 1797.67, 2.77901e-22, 1797.67
2590.93, 1820, 0, 1796.38, 5.12627e-22, 1796.38
2591.05, 1759, 0, 1795.04, 9.42966e-22, 1795.04
2591.16, 1712, 0, 1793.77, 1.72788e-21, 1793.77
2591.28, 1814, 0, 1792.67, 3.15563e-21, 1792.67
2591.39, 1763, 0, 1791.53, 5.74398e-21, 1791.53
2591.51, 1683, 0, 1790.44, 1.0426e-20, 1790.44
2591.63, 1731, 0, 1789.57, 1.88517e-20, 1789.57
2591.74, 1761, 0, 1788.82, 3.39734e-20, 1788.82
2591.86, 1734, 0, 1788.12, 6.1052e-20, 1788.12
2591.97, 1747, 0, 1787.53, 1.09294e-19, 1787.53
2592.09, 1705, 0, 1787.02, 1.95101e-19, 1787.02
2592.2, 1708, 0, 1786.67, 3.46946e-19, 1786.67
2592.32, 1763, 0, 1786.48, 6.15223e-19, 1786.48
2592.43, 1719, 0, 1786.34, 1.08678e-18, 1786.34
2592.55, 1776, 0, 1786.33, 1.91433e-18, 1786.33
2592.66, 1780, 0, 1786.35, 3.35916e-18, 1786.35
2592.78, 1817, 0, 1786.37, 5.87774e-18, 1786.37
2592.9, 1741, 0, 1786.34, 1.02504e-17, 1786.34
2593.01, 1862, 0, 1786.39, 1.78081e-17, 1786.39
2593.13, 1723, 0, 1786.3, 3.08498e-17, 1786.3
2593.24, 1773, 0, 1786.33, 5.32647e-17, 1786.33
2593.36, 1697, 0, 1786.39, 9.16166e-17, 1786.39
2593.47, 1695, 0, 1786.62, 1.57132e-16, 1786.62
2593.59, 1710, 0, 1787.04, 2.68602e-16, 1787.04
2593.7, 1806, 0, 1787.62, 4.57618e-16, 1787.62
2593.82, 1828, 0, 1788.16, 7.76696e-16, 1788.16
2593.93, 1846, 0, 1788.61, 1.31447e-15, 1788.61
2594.05, 1863, 0, 1788.96, 2.21718e-15, 1788.96
2594.17, 1845, 0, 1789.15, 3.72738e-15, 1789.15
2594.28, 1819, 0, 1789.23, 6.24535e-15, 1789.23
2594.4, 1834, 0, 1789.26, 1.04295e-14, 1789.26
2594.51, 1818, 0, 1789.19, 1.73588e-14, 1789.19
2594.63, 1845, 0, 1789.07, 2.87957e-14, 1789.07
2594.74, 1870, 0, 1788.83, 4.76089e-14, 1788.83
2594.86, 1895, 0, 1788.44, 7.84514e-14, 1788.44
2594.97, 1824, 0, 1787.82, 1.28844e-13, 1787.82
2595.09, 1803, 0, 1787.14, 2.10901e-13, 1787.14
2595.2, 1705, 0, 1786.43, 3.44215e-13, 1786.43
2595.32, 1710, 0, 1785.87, 5.59688e-13, 1785.87
2595.44, 1772, 0, 1785.47, 9.07016e-13, 1785.47
2595.55, 1827, 0, 1785.1, 1.46499e-12, 1785.1
2595.67, 1821, 0, 1784.64, 2.35834e-12, 1784.64
2595.78, 1803, 0, 1784.11, 3.78536e-12, 1784.11
2595.9, 1733, 0, 1783.55, 6.05315e-12, 1783.55
2596.01, 1689, 0, 1783.08, 9.64732e-12, 1783.08
2596.13, 1747, 0, 1782.8, 1.53305e-11, 1782.8
2596.24, 1747, 0, 1782.59, 2.42708e-11, 1782.59
2596.36, 1725, 0, 1782.46, 3.82969e-11, 1782.46
2596.48, 1718, 0, 1782.44, 6.02509e-11, 1782.44
2596.59, 1821, 0, 1782.55, 9.44375e-11, 1782.55
2596.71, 1872, 0, 1782.58, 1.47586e-10, 1782.58
2596.82, 1766, 0, 1782.43, 2.29788e-10, 1782.43
2596.94, 1756, 0, 1782.31, 3.56719e-10, 1782.31
2597.05, 1673, 0, 1782.25, 5.5171e-10, 1782.25
2597.17, 1732, 0, 1782.41, 8.50764e-10, 1782.41
2597.28, 1930, 0, 1782.67, 1.30755e-09, 1782.67
2597.4, 1820, 0, 1782.63, 2.00214e-09, 1782.63
2597.52, 1849, 0, 1782.52, 3.05662e-09, 1782.52
2597.63, 1799, 0, 1782.27, 4.6509e-09, 1782.27
2597.75, 1818, 0, 1781.99, 7.0506e-09, 1781.99
2597.86, 1802, 0, 1781.64, 1.06567e-08, 1781.64
2597.98, 1736, 0, 1781.25, 1.60534e-08, 1781.25
2598.09, 1756, 0, 1780.95, 2.41024e-08, 1780.95
2598.21, 1709, 0, 1780.7, 3.60539e-08, 1780.7
2598.32, 1695, 0, 1780.59, 5.37707e-08, 1780.59
2598.44, 1772, 0, 1780.65, 7.99259e-08, 1780.65
2598.56, 1815, 0, 1780.73, 1.18407e-07, 1780.73
2598.67, 1856, 0, 1780.75, 1.74831e-07, 1780.75
2598.79, 1760, 0, 1780.61, 2.57282e-07, 1780.61
2598.9, 1724, 0, 1780.51, 3.77353e-07, 1780.51
2599.02, 1688, 0, 1780.53, 5.51614e-07, 1780.53
2599.13, 1788, 0, 1780.73, 8.03659e-07, 1780.73
2599.25, 1809, 0, 1780.92, 1.16697e-06, 1780.92
2599.37, 1757, 0, 1781.05, 1.68886e-06, 1781.05
2599.48, 1803, 0, 1781.23, 2.436e-06, 1781.23
2599.6, 1703, 0, 1781.36, 3.50195e-06, 1781.36
2599.71, 1654, 0, 1781.65, 5.01756e-06, 1781.65
2599.83, 1651, 0, 1782.2, 7.16732e-06, 1782.2
2599.94, 1621, 0, 1783.01, 1.02008e-05, 1783.01
2600.06, 1720, 0, 1784.14, 1.44699e-05, 1784.14
2600.17, 1830, 0, 1785.4, 2.0457e-05, 1785.4
2600.29, 1855, 0, 1786.58, 2.88334e-05, 1786.58
2600.41, 1821, 0, 1787.61, 4.04921e-05, 1787.61
2600.52, 1903, 0, 1788.58, 5.66753e-05, 1788.58
2600.64, 1999, 0, 1789.32, 7.90844e-05, 1789.32
2600.75, 1965, 0, 1789.64, 0.000109954, 1789.64
2600.87, 1794, 0, 1789.61, 0.000152363, 1789.61
2600.98, 1848, 0, 1789.57, 0.000210484, 1789.57
2601.1, 1773, 0, 1789.42, 0.000289725, 1789.42
2601.22, 1848, 0, 1789.29, 0.000397576, 1789.29
2601.33, 1870, 0, 1789.05, 0.000543604, 1789.05
2601.45, 1793, 0, 1788.65, 0.000740988, 1788.65
2601.56, 1873, 0, 1788.24, 0.0010064, 1788.24
2601.68, 1887, 0, 1787.66, 0.00136268, 1787.66
2601.79, 1862, 0, 1786.88, 0.00183892, 1786.88
2601.91, 1831, 0, 1785.95, 0.00247268, 1785.95
2602.02, 1925, 0, 1784.93, 0.0033146, 1784.94
2602.14, 1881, 0, 1783.63, 0.00442834, 1783.64
2602.26, 1756, 0, 1782.14, 0.00589509, 1782.14
2602.37, 1708, 0, 1780.7, 0.00782339, 1780.71
2602.49, 1742, 0, 1779.4, 0.0103478, 1779.41
2602.6, 1773, 0, 1778.18, 0.0136409, 1778.19
2602.72, 1828, 0, 1776.97, 0.0179221, 1776.99
2602.83, 1738, 0, 1775.65, 0.0234627, 1775.68
2602.95, 1759, 0, 1774.42, 0.0306208, 1774.45
2603.07, 1770, 0, 1773.21, 0.0398292, 1773.25
2603.18, 1701, 0, 1772.01, 0.0516337, 1772.06
2603.3, 1778, 0, 1770.95, 0.0667132, 1771.02
2603.41, 1831, 0, 1769.88, 0.0859086, 1769.96
2603.53, 1727, 0, 1768.68, 0.110257, 1768.79
2603.64, 1814, 0, 1767.57, 0.141035, 1767.71
2603.76, 1827, 0, 1766.37, 0.1798, 1766.55
2603.88, 1883, 0, 1765.04, 0.228456, 1765.27
2603.99, 1740, 0, 1763.48, 0.289308, 1763.77
2604.11, 1737, 0, 1761.97, 0.365217, 1762.34
2604.22, 1834, 0, 1760.51, 0.45941, 1760.97
2604.34, 1775, 0, 1758.9, 0.575966, 1759.48
2604.45, 1754, 0, 1757.26, 0.71968, 1757.98
2604.57, 1723, 0, 1755.63, 0.89625, 1756.53
2604.69, 1686, 0, 1754.07, 1.11262, 1755.18
2604.8, 1788, 0, 1752.65, 1.37634, 1754.02
2604.92, 1776, 0, 1751.15, 1.69689, 1752.85
2605.03, 1729, 0, 1749.61, 2.08548, 1751.7
2605.15, 1705, 0, 1748.12, 2.55403, 1750.67
2605.26, 1662, 0, 1746.72, 3.1174, 1749.83
2605.38, 1727, 0, 1745.49, 3.79296, 1749.28
2605.5, 1692, 0, 1744.31, 4.59872, 1748.9
2605.61, 1750, 0, 1743.24, 5.55791, 1748.79
2605.73, 1783, 0, 1742.17, 6.69364, 1748.86
2605.84, 1754, 0, 1741.03, 8.03576, 1749.06
2605.96, 1777, 0, 1739.88, 9.61322, 1749.49
2606.07, 1770, 0, 1738.67, 11.4637, 1750.14
2606.19, 1848, 0, 1737.43, 13.6225, 1751.05
2606.31, 1845, 0, 1735.99, 16.1362, 1752.13
2606.42, 1795, 0, 1734.37, 19.0497, 1753.42
2606.54, 1821, 0, 1732.66, 22.4109, 1755.07
2606.65, 1763, 0, 1730.82, 26.2807, 1757.1
2606.77, 1700, 0, 1728.97, 30.7155, 1759.69
2606.89, 1642, 0, 1727.24, 35.7785, 1763.02
2607, 1732, 0, 1725.75, 41.5314, 1767.28
2607.12, 1718, 0, 1724.33, 48.0541, 1772.39
2607.23, 1860, 0, 1723.02, 55.4152, 1778.44
2607.35, 1895, 0, 1721.55, 63.6901, 1785.24
2607.46, 1816, 0, 1719.86, 72.9556, 1792.81
2607.58, 1887, 0, 1718.12, 83.2893, 1801.41
2607.7, 1810, 0, 1716.21, 94.7685, 1810.98
2607.81, 1730, 0, 1714.3, 107.469, 1821.77
2607.93, 1777, 0, 1712.57, 121.463, 1834.04
2608.04, 1788, 0, 1710.96, 136.821, 1847.78
2608.16, 1861, 0, 1709.47, 153.604, 1863.08
2608.27, 1744, 0, 1707.99, 171.87, 1879.86
2608.39, 1747, 0, 1706.77, 191.663, 1898.43
2608.51, 1789, 0, 1705.86, 213.021, 1918.88
2608.62, 1839, 0, 1705.21, 235.966, 1941.17
2608.74, 1902, 0, 1704.76, 260.507, 1965.27
2608.85, 1900, 0, 1704.44, 286.639, 1991.08
2608.97, 1944, 0, 1704.3, 314.361, 2018.66
2609.09, 2025, 0, 1704.31, 343.583, 2047.89
2609.2, 2026, 0, 1704.36, 374.264, 2078.63
2609.32, 2008, 0, 1704.52, 406.348, 2110.87
2609.43, 2037, 0, 1704.89, 439.675, 2144.57
2609.55, 2103, 0, 1705.47, 474.143, 2179.62
2609.66, 2103, 0, 1706.21, 509.632, 2215.84
2609.78, 2075, 0, 1707.17, 545.91, 2253.08
2609.9, 2157, 0, 1708.49, 582.813, 2291.3
2610.01, 2210, 0, 1710.07, 620.161, 2330.23
2610.13, 2451, 0, 1711.9, 657.657, 2369.55
2610.24, 2425, 0, 1713.56, 695.119, 2408.68
2610.36, 2385, 0, 1715.19, 732.219, 2447.41
2610.48, 2516, 0, 1716.95, 768.75, 2485.7
2610.59, 2523, 0, 1718.64, 804.397, 2523.04
2610.71, 2553, 0, 1720.34, 838.845, 2559.18
2610.82, 2579, 0, 1722.04, 871.87, 2593.91
2610.94, 2673, 0, 1723.78, 903.13, 2626.91
2611.05, 2717, 0, 1725.42, 932.404, 2657.83
2611.17, 2802, 0, 1726.95, 959.4, 2686.35
2611.29, 2809, 0, 1728.25, 983.868, 2712.11
2611.4, 2945, 0, 1729.35, 1005.56, 2734.91
2611.52, 2934, 0, 1730.03, 1024.31, 2754.33
2611.63, 2838, 0, 1730.35, 1039.9, 2770.25
2611.75, 2752, 0, 1730.54, 1052.2, 2782.73
2611.87, 2814, 0, 1730.78, 1061.07, 2791.85
2611.98, 2872, 0, 1730.99, 1066.43, 2797.41
2612.1, 2726, 1068.22, 1731.04, 1068.22, 2799.26
2612.21, 2808, 0, 1731.24, 1066.43, 2797.67
2612.33, 2844, 0, 1731.42, 1061.07, 2792.5
2612.45, 3007, 0, 1731.5, 1052.21, 2783.71
2612.56, 3035, 0, 1731.13, 1039.9, 2771.03
2612.68, 2816, 0, 1730.23, 1024.31, 2754.54
2612.79, 2557, 0, 1729.21, 1005.56, 2734.77
2612.91, 2631, 0, 1728.55, 983.848, 2712.4
2613.03, 2463, 0, 1728.05, 959.378, 2687.42
2613.14, 2613, 0, 1727.99, 932.38, 2660.37
2613.26, 2702, 0, 1728.03, 903.104, 2631.14
2613.37, 2621, 0, 1727.93, 871.814, 2599.75
2613.49, 2619, 0, 1727.79, 838.758, 2566.55
2613.6, 2456, 0, 1727.54, 804.275, 2531.82
2613.72, 2353, 0, 1727.45, 768.625, 2496.07
2613.84, 2415, 0, 1727.64, 732.06, 2459.7
2613.95, 2450, 0, 1727.92, 694.926, 2422.84
2614.07, 2377, 0, 1728.14, 657.463, 2385.61
2614.18, 2341, 0, 1728.39, 619.902, 2348.29
2614.3, 2235, 0, 1728.64, 582.557, 2311.2
2614.42, 2172, 0, 1729.05, 545.626, 2274.68
2614.53, 2260, 0, 1729.67, 509.291, 2238.96
2614.65, 2350, 0, 1730.24, 473.811, 2204.05
2614.76, 2237, 0, 1730.52, 439.294, 2169.81
2614.88, 2106, 0, 1730.67, 405.953, 2136.62
2615, 2000, 0, 1730.87, 373.857, 2104.73
2615.11, 1970, 0, 1731.29, 343.143, 2074.44
2615.23, 2045, 0, 1731.92, 313.919, 2045.84
2615.34, 1921, 0, 1732.55, 286.198, 2018.74
2615.46, 1885, 0, 1733.37, 260.048, 1993.42
2615.58, 1754, 0, 1734.41, 235.515, 1969.92
2615.69, 1835, 0, 1735.88, 212.562, 1948.44
2615.81, 1901, 0, 1737.58, 191.201, 1928.78
2615.92, 1923, 0, 1739.33, 171.41, 1910.74
2616.04, 1904, 0, 1741.06, 153.166, 1894.23
2616.16, 1946, 0, 1742.77, 136.392, 1879.17
2616.27, 1910, 0, 1744.35, 121.046, 1865.4
2616.39, 1889, 0, 1745.84, 107.066, 1852.91
2616.5, 1856, 0, 1747.25, 94.3832, 1841.64
2616.62, 1829, 0, 1748.64, 82.9231, 1831.56
2616.74, 1924, 0, 1750.03, 72.6097, 1822.64
2616.85, 1862, 0, 1751.22, 63.3656, 1814.59
2616.97, 1758, 0, 1752.32, 55.1126, 1807.43
2617.08, 1783, 0, 1753.51, 47.7736, 1801.28
2617.2, 1729, 0, 1754.74, 41.2727, 1796.01
2617.32, 1610, 0, 1756.1, 35.5368, 1791.64
2617.43, 1740, 0, 1757.83, 30.4952, 1788.32
2617.55, 1785, 0, 1759.65, 26.081, 1785.73
2617.66, 1753, 0, 1761.48, 22.2309, 1783.71
2617.78, 1795, 0, 1763.36, 18.8828, 1782.25
2617.9, 1828, 0, 1765.22, 15.9873, 1781.21
2618.01, 1762, 0, 1766.99, 13.4903, 1780.48
2618.13, 1785, 0, 1768.8, 11.3451, 1780.14
2618.24, 1794, 0, 1770.59, 9.50752, 1780.1
2618.36, 1781, 0, 1772.36, 7.94201, 1780.3
2618.48, 1791, 0, 1774.12, 6.61201, 1780.73
2618.59, 1787, 0, 1775.87, 5.48535, 1781.35
2618.71, 1811, 0, 1777.6, 4.53611, 1782.14
2618.82, 1742, 0, 1779.28, 3.73854, 1783.01
2618.94, 1714, 0, 1781.03, 3.07033, 1784.1
2619.06, 1800, 0, 1782.93, 2.51351, 1785.45
2619.17, 1726, 0, 1784.8, 2.05039, 1786.85
2619.29, 1711, 0, 1786.79, 1.66728, 1788.46
2619.4, 1766, 0, 1788.94, 1.35096, 1790.29
2619.52, 1747, 0, 1791.13, 1.09096, 1792.22
2619.64, 1833, 0, 1793.42, 0.878205, 1794.29
2619.75, 1882, 0, 1795.62, 0.704431, 1796.33
2619.87, 1804, 0, 1797.66, 0.563251, 1798.22
2619.98, 1765, 0, 1799.68, 0.448764, 1800.13
2620.1, 1822, 0, 1801.78, 0.356346, 1802.13
2620.22, 1817, 0, 1803.83, 0.282008, 1804.11
2620.33, 1847, 0, 1805.86, 0.222473, 1806.08
2620.45, 1736, 0, 1807.81, 0.17488, 1807.98
2620.57, 1753, 0, 1809.9, 0.137007, 1810.04
2620.68, 1721, 0, 1812.1, 0.106974, 1812.21
2620.8, 1860, 0, 1814.49, 0.0832439, 1814.58
2620.91, 1878, 0, 1816.79, 0.0645741, 1816.85
2621.03, 1866, 0, 1818.96, 0.0499122, 1819.01
2621.15, 1843, 0, 1821.04, 0.0384495, 1821.08
2621.26, 1779, 0, 1823.08, 0.0295197, 1823.11
2621.38, 1805, 0, 1825.21, 0.0225875, 1825.23
2621.49, 1787, 0, 1827.37, 0.0172252, 1827.39
2621.61, 1847, 0, 1829.62, 0.0130916, 1829.63
2621.73, 1868, 0, 1831.83, 0.00991655, 1831.84
2621.84, 1886, 0, 1833.97, 0.00748442, 1833.97
2621.96, 1860, 0, 1836, 0.00563115, 1836.01
2622.07, 1854, 0, 1837.99, 0.00422252, 1837.99
2622.19, 1820, 0, 1839.94, 0.00315561, 1839.95
2622.31, 1864, 0, 1841.94, 0.00235035, 1841.94
2622.42, 1879, 0, 1843.89, 0.00174468, 1843.89
2622.54, 1923, 0, 1845.77, 0.0012904, 1845.77
2622.65, 1931, 0, 1847.5, 0.00095144, 1847.5
2622.77, 1831, 0, 1849.06, 0.000699157, 1849.06
2622.89, 1873, 0, 1850.65, 0.000511902, 1850.65
2623, 1802, 0, 1852.2, 0.000373639, 1852.2
2623.12, 1894, 0, 1853.85, 0.000271802, 1853.85
2623.24, 1923, 0, 1855.42, 0.000197002, 1855.42
2623.35, 1803, 0, 1856.86, 0.000142345, 1856.86
2623.47, 1834, 0, 1858.4, 0.000102478, 1858.4
2623.58, 1903, 0, 1859.99, 7.35486e-05, 1859.99
2623.7, 1925, 0, 1861.5, 5.25932e-05, 1861.5
2623.82, 1875, 0, 1862.88, 3.74927e-05, 1862.88
2623.93, 1822, 0, 1864.23, 2.663e-05, 1864.23
2624.05, 1855, 0, 1865.67, 1.88564e-05, 1865.67
2624.16, 1961, 0, 1867.13, 1.33031e-05, 1867.13
2624.28, 1908, 0, 1868.41, 9.35366e-06, 1868.41
2624.4, 1936, 0, 1869.6, 6.55657e-06, 1869.6
2624.51, 1880, 0, 1870.66, 4.57904e-06, 1870.66
2624.63, 1913, 0, 1871.7, 3.18717e-06, 1871.7
2624.75, 1934, 0, 1872.66, 2.21161e-06, 1872.66
2624.86, 1881, 0, 1873.5, 1.529e-06, 1873.5
2624.98, 1902, 0, 1874.32, 1.05352e-06, 1874.32
2625.09, 1973, 0, 1875.09, 7.23455e-07, 1875.09
2625.21, 1976, 0, 1875.66, 4.95125e-07, 1875.66
2625.33, 1881, 0, 1876.03, 3.37717e-07, 1876.03
2625.44, 1942, 0, 1876.39, 2.29653e-07, 1876.39
2625.56, 1943, 0, 1876.62, 1.55593e-07, 1876.62
2625.68, 1958, 0, 1876.71, 1.05064e-07, 1876.71
2625.79, 1949, 0, 1876.65, 7.07115e-08, 1876.65
2625.91, 1936, 0, 1876.43, 4.744e-08, 1876.43
2626.02, 1896, 0, 1876.1, 3.17348e-08, 1876.1
2626.14, 1902, 0, 1875.73, 2.11809e-08, 1875.73
2626.26, 1995, 0, 1875.31, 1.41263e-08, 1875.31
2626.37, 1941, 0, 1874.65, 9.44478e-09, 1874.65
2626.49, 1828, 0, 1873.85, 6.38699e-09, 1873.85
2626.6, 1798, 0, 1873.15, 4.44606e-09, 1873.15
2626.72, 1817, 0, 1872.6, 3.29968e-09, 1872.6
2626.84, 1890, 0, 1872.16, 2.75642e-09, 1872.16
2626.95, 1801, 0, 1871.68, 2.72667e-09, 1871.68
2627.07, 1950, 0, 1871.34, 3.2099e-09, 1871.34
2627.19, 1993, 0, 1870.85, 4.29316e-09, 1870.85
2627.3, 1784, 0, 1870.11, 6.16821e-09, 1870.11
2627.42, 1841, 0, 1869.55, 9.16459e-09, 1869.55
2627.53, 1804, 0, 1869.04, 1.37908e-08, 1869.04
2627.65, 1865, 0, 1868.66, 2.08299e-08, 1868.66
2627.77, 1959, 0, 1868.29, 3.14616e-08, 1868.29
2627.88, 2016, 0, 1867.74, 4.74033e-08, 1867.74
2628, 1884, 0, 1866.89, 7.12451e-08, 1866.89
2628.12, 1809, 0, 1866.01, 1.06704e-07, 1866.01
2628.23, 1830, 0, 1865.24, 1.59342e-07, 1865.24
2628.35, 1848, 0, 1864.54, 2.37071e-07, 1864.54
2628.46, 1799, 0, 1863.87, 3.51655e-07, 1863.87
2628.58, 1806, 0, 1863.34, 5.1969e-07, 1863.34
2628.7, 1911, 0, 1862.92, 7.65686e-07, 1862.92
2628.81, 1984, 0, 1862.4, 1.12432e-06, 1862.4
2628.93, 1851, 0, 1861.64, 1.64482e-06, 1861.64
2629.05, 1876, 0, 1860.9, 2.39895e-06, 1860.9
2629.16, 1810, 0, 1860.13, 3.48703e-06, 1860.13
2629.28, 1834, 0, 1859.46, 5.05151e-06, 1859.46
2629.39, 1743, 0, 1858.84, 7.29092e-06, 1858.84
2629.51, 1872, 0, 1858.46, 1.04909e-05, 1858.46
2629.63, 1858, 0, 1858.04, 1.50444e-05, 1858.04
2629.74, 1779, 0, 1857.63, 2.15014e-05, 1857.63
2629.86, 1824, 0, 1857.37, 3.06261e-05, 1857.37
2629.98, 1846, 0, 1857.19, 4.34759e-05, 1857.19
2630.09, 1862, 0, 1857.02, 6.15086e-05, 1857.02
2630.21, 1895, 0, 1856.84, 8.67271e-05, 1856.84
2630.33, 1885, 0, 1856.59, 0.000121872, 1856.59
2630.44, 1805, 0, 1856.28, 0.000170682, 1856.28
2630.56, 1691, 0, 1856.07, 0.000238232, 1856.07
2630.67, 1693, 0, 1856.19, 0.000331395, 1856.19
2630.79, 1766, 0, 1856.64, 0.000459432, 1856.64
2630.91, 1759, 0, 1857.27, 0.000634789, 1857.27
2631.02, 1906, 0, 1858.1, 0.000874115, 1858.1
2631.14, 1868, 0, 1858.83, 0.00119961, 1858.83
2631.26, 1783, 0, 1859.54, 0.00164075, 1859.54
2631.37, 1799, 0, 1860.41, 0.00223713, 1860.41
2631.49, 1913, 0, 1861.4, 0.00303916, 1861.4
2631.6, 1935, 0, 1862.28, 0.00411481, 1862.29
2631.72, 1908, 0, 1863.02, 0.00555234, 1863.03
2631.84, 1851, 0, 1863.67, 0.00746869, 1863.68
2631.95, 1881, 0, 1864.35, 0.01001, 1864.36
2632.07, 1909, 0, 1864.99, 0.0133707, 1865
2632.19, 1951, 0, 1865.54, 0.0178037, 1865.56
2632.3, 1906, 0, 1865.93, 0.0236207, 1865.95
2632.42, 1939, 0, 1866.23, 0.0312399, 1866.26
2632.54, 1845, 0, 1866.39, 0.0411673, 1866.43
2632.65, 1927, 0, 1866.59, 0.054079, 1866.64
2632.77, 1935, 0, 1866.67, 0.0707837, 1866.74
2632.88, 1970, 0, 1866.61, 0.0923567, 1866.7
2633, 2002, 0, 1866.35, 0.12007, 1866.47
2633.12, 2002, 0, 1865.81, 0.155607, 1865.97
2633.23, 1988, 0, 1865.01, 0.20098, 1865.21
2633.35, 1990, 0, 1863.96, 0.258649, 1864.21
2633.47, 1974, 0, 1862.65, 0.331813, 1862.98
2633.58, 1883, 0, 1861.13, 0.424233, 1861.55
2633.7, 1784, 0, 1859.56, 0.540449, 1860.1
2633.82, 1813, 0, 1858.14, 0.686317, 1858.83
2633.93, 1821, 0, 1856.82, 0.868609, 1857.69
2634.05, 1842, 0, 1855.57, 1.0956, 1856.66
2634.16, 1897, 0, 1854.34, 1.37724, 1855.72
2634.28, 1829, 0, 1853.04, 1.72509, 1854.76
2634.4, 1855, 0, 1851.79, 2.15392, 1853.94
2634.51, 1840, 0, 1850.53, 2.68024, 1853.21
2634.63, 1861, 0, 1849.3, 3.3239, 1852.63
2634.75, 1787, 0, 1848.06, 4.1082, 1852.17
2634.86, 1774, 0, 1846.94, 5.06038, 1852
2634.98, 1841, 0, 1845.98, 6.21219, 1852.19
2635.1, 1839, 0, 1845.05, 7.60037, 1852.65
2635.21, 1876, 0, 1844.14, 9.26731, 1853.4
2635.33, 1791, 0, 1843.18, 11.2616, 1854.44
2635.44, 1888, 0, 1842.35, 13.6411, 1856
2635.56, 1926, 0, 1841.46, 16.4647, 1857.93
2635.68, 1890, 0, 1840.43, 19.8055, 1860.24
2635.79, 1833, 0, 1839.35, 23.7437, 1863.09
2635.91, 1960, 0, 1838.32, 28.3688, 1866.69
2636.03, 1797, 0, 1837.11, 33.7851, 1870.89
2636.14, 1779, 0, 1836.04, 40.0934, 1876.13
2636.26, 1873, 0, 1835.17, 47.4187, 1882.59
2636.38, 1906, 0, 1834.32, 55.9006, 1890.22
2636.49, 1926, 0, 1833.43, 65.6674, 1899.1
2636.61, 1963, 0, 1832.49, 76.8798, 1909.37
2636.73, 2071, 0, 1831.45, 89.7141, 1921.16
2636.84, 2098, 0, 1830.1, 104.323, 1934.43
2636.96, 2062, 0, 1828.43, 120.916, 1949.35
2637.07, 2001, 0, 1826.53, 139.655, 1966.19
2637.19, 1898, 0, 1824.57, 160.773, 1985.34
2637.31, 1995, 0, 1822.77, 184.436, 2007.21
2637.42, 1995, 0, 1821.01, 210.89, 2031.9
2637.54, 2051, 0, 1819.31, 240.296, 2059.61
2637.66, 2021, 0, 1817.64, 272.904, 2090.54
2637.77, 2056, 0, 1816.1, 308.888, 2124.99
2637.89, 2086, 0, 1814.7, 348.397, 2163.09
2638.01, 2168, 0, 1813.45, 391.669, 2205.12
2638.12, 2262, 0, 1812.28, 438.825, 2251.11
2638.24, 2244, 0, 1811.09, 489.947, 2301.03
2638.36, 2228, 0, 1810.01, 545.223, 2355.23
2638.47, 2225, 0, 1809.18, 604.681, 2413.86
2638.59, 2280, 0, 1808.74, 668.351, 2477.09
2638.71, 2367, 0, 1808.68, 736.223, 2544.91
2638.82, 2488, 0, 1808.99, 808.178, 2617.16
2638.94, 2583, 0, 1809.55, 884.231, 2693.78
2639.05, 2563, 0, 1810.33, 964.164, 2774.5
2639.17, 2727, 0, 1811.54, 1047.76, 2859.3
2639.29, 2962, 0, 1813.01, 1134.75, 2947.76
2639.4, 2965, 0, 1814.45, 1224.8, 3039.25
2639.52, 3049, 0, 1816.04, 1317.52, 3133.56
2639.64, 3070, 0, 1817.8, 1412.45, 3230.25
2639.75, 3203, 0, 1819.88, 1509.1, 3328.98
2639.87, 3167, 0, 1822.21, 1606.98, 3429.19
2639.99, 3349, 0, 1825.07, 1705.32, 3530.39
2640.1, 3582, 0, 1828.29, 1803.55, 3631.84
2640.22, 3537, 0, 1831.61, 1900.97, 3732.58
2640.34, 3758, 0, 1835.32, 1996.87, 3832.19
2640.45, 4064, 0, 1839.18, 2090.51, 3929.68
2640.57, 4367, 0, 1842.77, 2181.2, 4023.96
2640.69, 4332, 0, 1845.67, 2268.02, 4113.69
2640.8, 4407, 0, 1848.14, 2350.32, 4198.45
2640.92, 4357, 0, 1850.19, 2427.41, 4277.6
2641.04, 4361, 0, 1852.08, 2498.47, 4350.54
2641.15, 4370, 0, 1853.95, 2562.89, 4416.84
2641.27, 4491, 0, 1855.91, 2620.12, 4476.03
2641.39, 4724, 0, 1857.85, 2669.5, 4527.35
2641.5, 4756, 0, 1859.39, 2710.63, 4570.02
2641.62, 4777, 0, 1860.56, 2743.03, 4603.58
2641.73, 4764, 0, 1861.38, 2766.43, 4627.8
2641.85, 4882, 0, 1861.93, 2780.55, 4642.48
2641.97, 4850, 2785.28, 1862, 2785.28, 4647.28
2642.08, 4663, 0, 1861.66, 2780.56, 4642.22
2642.2, 4678, 0, 1861.29, 2766.43, 4627.71
2642.32, 4656, 0, 1860.81, 2743.03, 4603.84
2642.43, 4678, 0, 1860.23, 2710.63, 4570.86
2642.55, 4472, 0, 1859.43, 2669.5, 4528.93
2642.67, 4594, 0, 1858.75, 2620.08, 4478.83
2642.78, 4531, 0, 1857.84, 2562.84, 4420.68
2642.9, 4332, 0, 1856.71, 2498.41, 4355.11
2643.02, 4089, 0, 1855.62, 2427.28, 4282.9
2643.13, 3802, 0, 1854.92, 2350.18, 4205.1
2643.25, 3770, 0, 1855.03, 2267.8, 4122.83
2643.37, 3916, 0, 1855.84, 2180.89, 4036.73
2643.48, 4033, 0, 1856.9, 2090.19, 3947.09
2643.6, 3937, 0, 1857.78, 1996.47, 3854.25
2643.72, 3763, 0, 1858.5, 1900.48, 3758.97
2643.83, 3688, 0, 1859.21, 1802.96, 3662.17
2643.95, 3569, 0, 1859.86, 1704.65, 3564.51
2644.07, 3517, 0, 1860.51, 1606.22, 3466.73
2644.18, 3254, 0, 1861.06, 1508.35, 3369.41
2644.3, 3044, 0, 1861.84, 1411.63, 3273.47
2644.42, 2919, 0, 1863.08, 1316.63, 3179.71
2644.53, 2801, 0, 1864.84, 1223.86, 3088.69
2644.65, 2829, 0, 1867.17, 1133.76, 3000.93
2644.77, 2816, 0, 1869.85, 1046.74, 2916.59
2644.88, 2750, 0, 1872.73, 963.041, 2835.77
2645, 2744, 0, 1875.78, 883.093, 2758.87
2645.12, 2596, 0, 1878.86, 807.034, 2685.89
2645.23, 2570, 0, 1882.12, 735.023, 2617.14
2645.35, 2611, 0, 1885.48, 667.11, 2552.59
2645.47, 2522, 0, 1888.71, 603.466, 2492.18
2645.58, 2469, 0, 1891.89, 543.993, 2435.89
2645.7, 2469, 0, 1895.01, 488.76, 2383.77
2645.82, 2307, 0, 1897.95, 437.645, 2335.59
2645.93, 2341, 0, 1900.95, 390.507, 2291.45
2646.05, 2314, 0, 1903.85, 347.297, 2251.14
2646.17, 2256, 0, 1906.62, 307.789, 2214.41
2646.28, 2261, 0, 1909.31, 271.876, 2181.19
2646.4, 2228, 0, 1911.84, 239.313, 2151.16
2646.52, 2225, 0, 1914.22, 209.958, 2124.18
2646.63, 2335, 0, 1916.4, 183.557, 2099.95
2646.75, 2325, 0, 1918.1, 159.93, 2078.03
2646.87, 2325, 0, 1919.31, 138.888, 2058.2
2646.98, 2271, 0, 1919.99, 120.19, 2040.18
2647.1, 2241, 0, 1920.21, 103.656, 2023.87
2647.22, 2141, 0, 1919.99, 89.1044, 2009.1
2647.33, 2090, 0, 1919.51, 76.3253, 1995.84
2647.45, 2073, 0, 1918.84, 65.1568, 1984
2647.57, 1982, 0, 1917.99, 55.4334, 1973.43
2647.68, 1982, 0, 1917.13, 47.0008, 1964.13
2647.8, 2101, 0, 1916.23, 39.7155, 1955.94
2647.92, 2139, 0, 1915.04, 33.4504, 1948.49
2648.03, 2118, 0, 1913.47, 28.0737, 1941.54
2648.15, 2005, 0, 1911.54, 23.4812, 1935.02
2648.27, 1969, 0, 1909.48, 19.5732, 1929.05
2648.38, 1870, 0, 1907.33, 16.2601, 1923.59
2648.5, 1929, 0, 1905.3, 13.462, 1918.76
2648.62, 1871, 0, 1903.24, 11.1074, 1914.35
2648.73, 1869, 0, 1901.27, 9.13358, 1910.4
2648.85, 1885, 0, 1899.38, 7.48367, 1906.86
2648.97, 1944, 0, 1897.53, 6.11199, 1903.65
2649.08, 1998, 0, 1895.61, 4.97477, 1900.58
2649.2, 1911, 0, 1893.49, 4.03537, 1897.53
2649.32, 1914, 0, 1891.34, 3.26224, 1894.61
2649.43, 1940, 0, 1889.16, 2.62827, 1891.79
2649.55, 1884, 0, 1886.88, 2.1099, 1888.98
2649.67, 1971, 0, 1884.6, 1.68833, 1886.29
2649.78, 1980, 0, 1882.16, 1.3464, 1883.51
2649.9, 1945, 0, 1879.53, 1.06986, 1880.6
2650.02, 2006, 0, 1876.76, 0.847391, 1877.61
2650.13, 1854, 0, 1873.74, 0.668903, 1874.41
2650.25, 1873, 0, 1870.76, 0.526107, 1871.29
2650.37, 1851, 0, 1867.78, 0.412472, 1868.19
2650.48, 1846, 0, 1864.83, 0.322214, 1865.15
2650.6, 1780, 0, 1861.92, 0.250903, 1862.17
2650.72, 1850, 0, 1859.18, 0.194668, 1859.37
2650.83, 1875, 0, 1856.45, 0.150556, 1856.6
2650.95, 1920, 0, 1853.69, 0.116018, 1853.8
2651.07, 1838, 0, 1850.79, 0.0891191, 1850.88
2651.18, 1831, 0, 1847.92, 0.0682083, 1847.99
2651.3, 1749, 0, 1845.08, 0.0520262, 1845.14
2651.42, 1735, 0, 1842.44, 0.0395575, 1842.48
2651.53, 1780, 0, 1840.01, 0.0299677, 1840.04
2651.65, 1823, 0, 1837.7, 0.0226254, 1837.72
2651.77, 1833, 0, 1835.42, 0.017028, 1835.44
2651.88, 1880, 0, 1833.15, 0.0127687, 1833.16
2652, 1915, 0, 1830.78, 0.00954214, 1830.79
2652.12, 1900, 0, 1828.24, 0.00710665, 1828.25
2652.24, 1916, 0, 1825.56, 0.00527477, 1825.57
2652.35, 1830, 0, 1822.7, 0.00390176, 1822.7
2652.47, 1637, 0, 1819.82, 0.00287707, 1819.83
2652.59, 1651, 0, 1817.31, 0.00211371, 1817.32
2652.7, 1682, 0, 1815.14, 0.00154761, 1815.14
2652.82, 1787, 0, 1813.22, 0.00112926, 1813.23
2652.94, 1734, 0, 1811.37, 0.000821195, 1811.37
2653.05, 1789, 0, 1809.66, 0.000595137, 1809.66
2653.17, 1773, 0, 1808, 0.00042984, 1808
2653.29, 1782, 0, 1806.41, 0.000309309, 1806.41
2653.4, 1767, 0, 1804.86, 0.000221881, 1804.86
2653.52, 1774, 0, 1803.39, 0.000158622, 1803.39
2653.64, 1765, 0, 1801.98, 0.000113013, 1801.98
2653.75, 1758, 0, 1800.65, 8.02437e-05, 1800.65
2653.87, 1721, 0, 1799.4, 5.67822e-05, 1799.4
2653.99, 1910, 0, 1798.3, 4.00315e-05, 1798.3
2654.1, 1909, 0, 1796.99, 2.81346e-05, 1796.99
2654.22, 1871, 0, 1795.45, 1.97059e-05, 1795.45
2654.34, 1824, 0, 1793.75, 1.37554e-05, 1793.76
2654.45, 1803, 0, 1792, 9.56601e-06, 1792
2654.57, 1804, 0, 1790.23, 6.63197e-06, 1790.23
2654.69, 1815, 0, 1788.43, 4.58074e-06, 1788.43
2654.81, 1794, 0, 1786.57, 3.15416e-06, 1786.57
2654.92, 1661, 0, 1784.7, 2.16447e-06, 1784.7
2655.04, 1684, 0, 1783.08, 1.47977e-06, 1783.08
2655.16, 1761, 0, 1781.65, 1.00855e-06, 1781.65
2655.27, 1775, 0, 1780.27, 6.84819e-07, 1780.27
2655.39, 1781, 0, 1778.9, 4.6357e-07, 1778.9
2655.51, 1889, 0, 1777.52, 3.12627e-07, 1777.52
2655.62, 1712, 0, 1775.92, 2.10114e-07, 1775.92
2655.74, 1662, 0, 1774.45, 1.40782e-07, 1774.45
2655.86, 1591, 0, 1773.2, 9.39745e-08, 1773.2
2655.97, 1685, 0, 1772.32, 6.25155e-08, 1772.32
2656.09, 1708, 0, 1771.61, 4.14606e-08, 1771.61
2656.21, 1729, 0, 1771.03, 2.73935e-08, 1771.03
2656.32, 1766, 0, 1770.54, 1.80375e-08, 1770.54
2656.44, 1780, 0, 1770.05, 1.18364e-08, 1770.05
2656.56, 1793, 0, 1769.54, 7.74352e-09, 1769.54
2656.67, 1859, 0, 1768.99, 5.04681e-09, 1768.99
2656.79, 1765, 0, 1768.25, 3.27802e-09, 1768.25
2656.91, 1744, 0, 1767.52, 2.12188e-09, 1767.52
2657.03, 1760, 0, 1766.84, 1.36883e-09, 1766.84
2657.14, 1717, 0, 1766.18, 8.80019e-10, 1766.18
2657.26, 1687, 0, 1765.61, 5.63834e-10, 1765.61
2657.38, 1701, 0, 1765.19, 3.60021e-10, 1765.19
2657.49, 1656, 0, 1764.91, 2.29097e-10, 1764.91
2657.61, 1859, 0, 1764.85, 1.45288e-10, 1764.85
2657.73, 1751, 0, 1764.59, 9.18239e-11, 1764.59
2657.84, 1816, 0, 1764.37, 5.78365e-11, 1764.37
2657.96, 1765, 0, 1764.04, 3.63056e-11, 1764.04
2658.08, 1821, 0, 1763.7, 2.27137e-11, 1763.7
2658.19, 1764, 0, 1763.26, 1.41639e-11, 1763.26
2658.31, 1775, 0, 1762.81, 8.80234e-12, 1762.81
2658.43, 1773, 0, 1762.34, 5.45987e-12, 1762.34
2658.55, 1759, 0, 1761.84, 3.38497e-12, 1761.84
2658.66, 1730, 0, 1761.36, 2.1077e-12, 1761.36
2658.78, 1739, 0, 1760.93, 1.33395e-12, 1760.93
2658.9, 1752, 0, 1760.55, 8.84571e-13, 1760.55
2659.01, 1673, 0, 1760.19, 6.52149e-13, 1760.19
2659.13, 1722, 0, 1760, 5.80174e-13, 1760
2659.25, 1697, 0, 1759.88, 6.49416e-13, 1759.88
2659.36, 1720, 0, 1759.89, 8.73004e-13, 1759.89
2659.48, 1879, 0, 1759.99, 1.29799e-12, 1759.99
2659.6, 1746, 0, 1759.84, 2.01562e-12, 1759.84
2659.71, 1732, 0, 1759.72, 3.18007e-12, 1759.72
2659.83, 1755, 0, 1759.66, 5.03661e-12, 1759.66
2659.95, 1696, 0, 1759.6, 7.96852e-12, 1759.6
2660.07, 1730, 0, 1759.68, 1.2582e-11, 1759.68
2660.18, 1697, 0, 1759.81, 1.97985e-11, 1759.81
2660.3, 1773, 0, 1760.07, 3.10644e-11, 1760.07
2660.42, 1834, 0, 1760.3, 4.8577e-11, 1760.3
2660.53, 1865, 0, 1760.39, 7.56756e-11, 1760.39
2660.65, 1802, 0, 1760.26, 1.17534e-10, 1760.26
2660.77, 1808, 0, 1760.05, 1.81923e-10, 1760.05
2660.88, 1752, 0, 1759.75, 2.8052e-10, 1759.75
2661, 1686, 0, 1759.46, 4.31236e-10, 1759.46
2661.12, 1741, 0, 1759.32, 6.60665e-10, 1759.32
2661.24, 1754, 0, 1759.22, 1.0087e-09, 1759.22
2661.35, 1783, 0, 1759.12, 1.53481e-09, 1759.12
2661.47, 1793, 0, 1758.98, 2.32735e-09, 1758.98
2661.59, 1886, 0, 1758.77, 3.51709e-09, 1758.77
2661.7, 1819, 0, 1758.31, 5.29685e-09, 1758.31
2661.82, 1784, 0, 1757.72, 7.94998e-09, 1757.72
2661.94, 1772, 0, 1757.08, 1.18913e-08, 1757.08
2662.05, 1710, 0, 1756.41, 1.77257e-08, 1756.41
2662.17, 1653, 0, 1755.84, 2.63326e-08, 1755.84
2662.29, 1706, 0, 1755.47, 3.8985e-08, 1755.47
2662.41, 1758, 0, 1755.2, 5.75194e-08, 1755.2
2662.52, 1748, 0, 1754.92, 8.45756e-08, 1754.92
2662.64, 1608, 0, 1754.66, 1.23934e-07, 1754.66
2662.76, 1694, 0, 1754.69, 1.80987e-07, 1754.69
2662.87, 1732, 0, 1754.84, 2.63403e-07, 1754.84
2662.99, 1822, 0, 1755.04, 3.82158e-07, 1755.04
2663.11, 1720, 0, 1755.11, 5.52384e-07, 1755.11
2663.22, 1742, 0, 1755.24, 7.95708e-07, 1755.24
2663.34, 1779, 0, 1755.4, 1.14265e-06, 1755.4
2663.46, 1754, 0, 1755.51, 1.63475e-06, 1755.51
2663.58, 1740, 0, 1755.63, 2.33079e-06, 1755.63
2663.69, 1749, 0, 1755.78, 3.31282e-06, 1755.78
2663.81, 1855, 0, 1755.94, 4.69112e-06, 1755.94
2663.93, 1802, 0, 1755.9, 6.62016e-06, 1755.9
2664.04, 1722, 0, 1755.78, 9.31322e-06, 1755.78
2664.16, 1884, 0, 1755.71, 1.30532e-05, 1755.71
2664.28, 1763, 0, 1755.4, 1.82378e-05, 1755.4
2664.39, 1788, 0, 1755.06, 2.53874e-05, 1755.06
2664.51, 1774, 0, 1754.66, 3.52287e-05, 1754.66
2664.63, 1726, 0, 1754.23, 4.87177e-05, 1754.23
2664.75, 1770, 0, 1753.84, 6.71227e-05, 1753.84
2664.86, 1780, 0, 1753.43, 9.21898e-05, 1753.43
2664.98, 1783, 0, 1752.96, 0.000126185, 1752.96
2665.1, 1793, 0, 1752.44, 0.00017208, 1752.44
2665.21, 1780, 0, 1751.83, 0.000233926, 1751.83
2665.33, 1846, 0, 1751.17, 0.000316911, 1751.17
2665.45, 1741, 0, 1750.31, 0.000427867, 1750.31
2665.57, 1693, 0, 1749.48, 0.000575548, 1749.48
2665.68, 1822, 0, 1748.75, 0.000771749, 1748.76
2665.8, 1764, 0, 1747.89, 0.00103129, 1747.89
2665.92, 1778, 0, 1746.98, 0.00137341, 1746.99
2666.03, 1709, 0, 1746.02, 0.00182275, 1746.02
2666.15, 1694, 0, 1745.13, 0.00241083, 1745.14
2666.27, 1693, 0, 1744.35, 0.00317773, 1744.35
2666.39, 1699, 0, 1743.66, 0.00417426, 1743.67
2666.5, 1722, 0, 1743.07, 0.00546452, 1743.07
2666.62, 1743, 0, 1742.52, 0.00712912, 1742.52
2666.74, 1799, 0, 1741.96, 0.00926897, 1741.97
2666.85, 1660, 0, 1741.29, 0.0120099, 1741.31
2666.97, 1704, 0, 1740.79, 0.015508, 1740.8
2667.09, 1791, 0, 1740.36, 0.0199565, 1740.38
2667.2, 1701, 0, 1739.83, 0.0255932, 1739.85
2667.32, 1806, 0, 1739.37, 0.0327097, 1739.4
2667.44, 1853, 0, 1738.78, 0.0416704, 1738.82
2667.56, 1725, 0, 1737.97, 0.0528933, 1738.02
2667.67, 1727, 0, 1737.18, 0.0669089, 1737.24
2667.79, 1732, 0, 1736.41, 0.0843488, 1736.49
2667.91, 1735, 0, 1735.65, 0.105991, 1735.75
2668.02, 1747, 0, 1734.89, 0.132704, 1735.02
2668.14, 1714, 0, 1734.1, 0.165582, 1734.27
2668.26, 1766, 0, 1733.36, 0.205935, 1733.57
2668.38, 1707, 0, 1732.55, 0.255199, 1732.81
2668.49, 1739, 0, 1731.8, 0.315222, 1732.11
2668.61, 1752, 0, 1731.03, 0.387959, 1731.41
2668.73, 1736, 0, 1730.21, 0.475928, 1730.69
2668.84, 1780, 0, 1729.39, 0.581743, 1729.98
2668.96, 1722, 0, 1728.47, 0.708771, 1729.18
2669.08, 1784, 0, 1727.56, 0.860434, 1728.42
2669.2, 1665, 0, 1726.55, 1.04114, 1727.59
2669.31, 1624, 0, 1725.65, 1.25549, 1726.91
2669.43, 1609, 0, 1724.97, 1.50853, 1726.47
2669.55, 1605, 0, 1724.51, 1.80665, 1726.32
2669.67, 1671, 0, 1724.3, 2.15627, 1726.46
2669.78, 1707, 0, 1724.2, 2.56435, 1726.77
2669.9, 1680, 0, 1724.14, 3.03965, 1727.18
2670.02, 1748, 0, 1724.18, 3.59071, 1727.77
2670.13, 1697, 0, 1724.17, 4.22712, 1728.4
2670.25, 1615, 0, 1724.23, 4.95927, 1729.19
2670.37, 1671, 0, 1724.52, 5.79752, 1730.31
2670.49, 1640, 0, 1724.92, 6.75514, 1731.68
2670.6, 1585, 0, 1725.51, 7.84395, 1733.35
2670.72, 1730, 0, 1726.39, 9.07703, 1735.47
2670.84, 1687, 0, 1727.29, 10.4679, 1737.76
2670.95, 1714, 0, 1728.28, 12.0306, 1740.32
2671.07, 1771, 0, 1729.33, 13.7792, 1743.11
2671.19, 1788, 0, 1730.33, 15.7277, 1746.06
2671.31, 1799, 0, 1731.24, 17.8904, 1749.13
2671.42, 1825, 0, 1732.05, 20.2806, 1752.33
2671.54, 1795, 0, 1732.71, 22.9113, 1755.62
2671.66, 1801, 0, 1733.3, 25.7971, 1759.1
2671.77, 1776, 0, 1733.8, 28.9439, 1762.74
2671.89, 1768, 0, 1734.28, 32.3632, 1766.64
2672.01, 1735, 0, 1734.75, 36.0624, 1770.81
2672.13, 1823, 0, 1735.29, 40.0466, 1775.34
2672.24, 1855, 0, 1735.74, 44.3224, 1780.06
2672.36, 1754, 0, 1736.04, 48.8822, 1784.92
2672.48, 1743, 0, 1736.4, 53.7263, 1790.13
2672.6, 1784, 0, 1736.86, 58.8525, 1795.71
2672.71, 1758, 0, 1737.34, 64.2417, 1801.58
2672.83, 1798, 0, 1737.9, 69.8841, 1807.79
2672.95, 1915, 0, 1738.49, 75.7665, 1814.26
2673.06, 1918, 0, 1738.87, 81.8567, 1820.73
2673.18, 1961, 0, 1739.06, 88.1387, 1827.2
2673.3, 2002, 0, 1738.98, 94.5713, 1833.56
2673.42, 1868, 0, 1738.57, 101.131, 1839.7
2673.53, 1881, 0, 1738.1, 107.769, 1845.87
2673.65, 1806, 0, 1737.56, 114.455, 1852.01
2673.77, 1838, 0, 1737.11, 121.138, 1858.24
2673.88, 1841, 0, 1736.7, 127.765, 1864.46
2674, 1942, 0, 1736.33, 134.298, 1870.63
2674.12, 1879, 0, 1735.83, 140.681, 1876.51
2674.24, 1933, 0, 1735.32, 146.856, 1882.18
2674.35, 1820, 0, 1734.71, 152.781, 1887.49
2674.47, 1895, 0, 1734.23, 158.4, 1892.63
2674.59, 1910, 0, 1733.75, 163.661, 1897.41
2674.71, 1881, 0, 1733.24, 168.513, 1901.75
2674.82, 1939, 0, 1732.78, 172.916, 1905.69
2674.94, 1904, 0, 1732.25, 176.826, 1909.07
2675.06, 1839, 0, 1731.72, 180.203, 1911.93
2675.18, 1834, 0, 1731.35, 183.015, 1914.36
2675.29, 1781, 0, 1731.13, 185.231, 1916.36
2675.41, 1869, 0, 1731.19, 186.831, 1918.02
2675.53, 1842, 0, 1731.34, 187.798, 1919.14
2675.64, 1928, 188.121, 1731.65, 188.121, 1919.77
2675.76, 1968, 0, 1731.94, 187.798, 1919.74
2675.88, 1958, 0, 1732.14, 186.831, 1918.97
2676, 1962, 0, 1732.25, 185.231, 1917.48
2676.11, 1968, 0, 1732.28, 183.015, 1915.3
2676.23, 1885, 0, 1732.2, 180.203, 1912.41
2676.35, 1961, 0, 1732.18, 176.823, 1909
2676.47, 1990, 0, 1732.05, 172.913, 1904.97
2676.58, 1905, 0, 1731.76, 168.509, 1900.27
2676.7, 1824, 0, 1731.45, 163.652, 1895.1
2676.82, 1735, 0, 1731.29, 158.386, 1889.67
2676.93, 1782, 0, 1731.43, 152.766, 1884.2
2677.05, 1830, 0, 1731.78, 146.84, 1878.62
2677.17, 1816, 0, 1732.23, 140.654, 1872.88
2677.29, 1856, 0, 1732.79, 134.271, 1867.06
2677.4, 1834, 0, 1733.37, 127.737, 1861.11
2677.52, 1846, 0, 1734.01, 121.098, 1855.11
2677.64, 1813, 0, 1734.67, 114.415, 1849.08
2677.76, 1781, 0, 1735.39, 107.724, 1843.12
2677.87, 1804, 0, 1736.25, 101.081, 1837.33
2677.99, 1910, 0, 1737.16, 94.5159, 1831.68
2678.11, 1958, 0, 1737.93, 88.079, 1826
2678.23, 1898, 0, 1738.42, 81.7933, 1820.22
2678.34, 1956, 0, 1738.76, 75.695, 1814.46
2678.46, 1837, 0, 1738.82, 69.8152, 1808.64
2678.58, 1867, 0, 1738.83, 64.1664, 1802.99
2678.7, 1812, 0, 1738.7, 58.7718, 1797.47
2678.81, 1876, 0, 1738.55, 53.6498, 1792.2
2678.93, 1917, 0, 1738.22, 48.802, 1787.03
2679.05, 1908, 0, 1737.64, 44.2395, 1781.88
2679.16, 1807, 0, 1736.81, 39.9656, 1776.77
2679.28, 1785, 0, 1735.91, 35.9805, 1771.89
2679.4, 1806, 0, 1734.99, 32.2843, 1767.28
2679.52, 1701, 0, 1733.99, 28.8656, 1762.86
2679.63, 1727, 0, 1733.12, 25.7201, 1758.84
2679.75, 1825, 0, 1732.31, 22.8385, 1755.14
2679.87, 1744, 0, 1731.36, 20.21, 1751.57
2679.99, 1695, 0, 1730.42, 17.8225, 1748.24
2680.1, 1691, 0, 1729.59, 15.663, 1745.25
2680.22, 1734, 0, 1728.87, 13.7178, 1742.59
2680.34, 1758, 0, 1728.17, 11.9729, 1740.14
2680.46, 1735, 0, 1727.43, 10.414, 1737.84
2680.57, 1755, 0, 1726.69, 9.02686, 1735.72
2680.69, 1708, 0, 1725.92, 7.79661, 1733.72
2680.81, 1744, 0, 1725.2, 6.71169, 1731.91
2680.93, 1717, 0, 1724.45, 5.75787, 1730.21
2681.04, 1850, 0, 1723.74, 4.92261, 1728.66
2681.16, 1853, 0, 1722.77, 4.19404, 1726.97
2681.28, 1821, 0, 1721.56, 3.56051, 1725.12
2681.4, 1681, 0, 1720.16, 3.01269, 1723.17
2681.51, 1699, 0, 1718.84, 2.54039, 1721.38
2681.63, 1785, 0, 1717.56, 2.13445, 1719.69
2681.75, 1746, 0, 1716.15, 1.78747, 1717.94
2681.86, 1688, 0, 1714.69, 1.49174, 1716.18
2681.98, 1693, 0, 1713.28, 1.24047, 1714.52
2682.1, 1703, 0, 1711.92, 1.02813, 1712.95
2682.22, 1575, 0, 1710.58, 0.849064, 1711.43
2682.33, 1674, 0, 1709.51, 0.698888, 1710.21
2682.45, 1738, 0, 1708.51, 0.573198, 1709.08
2682.57, 1792, 0, 1707.45, 0.468574, 1707.92
2682.69, 1773, 0, 1706.23, 0.381662, 1706.61
2682.8, 1803, 0, 1704.87, 0.309854, 1705.18
2682.92, 1842, 0, 1703.32, 0.250646, 1703.57
2683.04, 1755, 0, 1701.49, 0.202053, 1701.69
2683.16, 1760, 0, 1699.55, 0.16235, 1699.72
2683.27, 1762, 0, 1697.5, 0.129975, 1697.63
2683.39, 1694, 0, 1695.31, 0.103698, 1695.41
2683.51, 1768, 0, 1693.13, 0.082448, 1693.21
2683.63, 1739, 0, 1690.8, 0.0653398, 1690.86
2683.74, 1764, 0, 1688.37, 0.0515931, 1688.42
2683.86, 1823, 0, 1685.79, 0.0405981, 1685.83
2683.98, 1836, 0, 1682.93, 0.0318362, 1682.97
2684.1, 1752, 0, 1679.77, 0.0248792, 1679.8
2684.21, 1654, 0, 1676.47, 0.0193756, 1676.49
2684.33, 1723, 0, 1673.21, 0.0150374, 1673.23
2684.45, 1650, 0, 1669.85, 0.0116303, 1669.86
2684.57, 1727, 0, 1666.53, 0.00896422, 1666.54
2684.68, 1696, 0, 1663.09, 0.00688547, 1663.1
2684.8, 1700, 0, 1659.59, 0.00527055, 1659.59
2684.92, 1656, 0, 1659.31, 0.00402049, 1659.31
