# Generated by: ./jointDeconvolution Data/MALDI_ToF_High_A.csv -p --sigma_left 0.15 --sigma_right 0.15 --yb_left 80 --yb_right 80 --lambda_1 0.5 
1871.03, 119, 0, 80.2375, 0, 80.2375
1871.06, 84, 0, 79.9891, 0, 79.9891
1871.08, 54, 0, 79.9701, 0, 79.9701
1871.11, 58, 0, 80.0031, 0, 80.0031
1871.13, 79, 0, 80.08, 0, 80.08
1871.16, 77, 0, 80.1592, 0, 80.1592
1871.18, 78, 0, 80.2446, 0, 80.2446
1871.21, 109, 0, 80.3346, 0, 80.3346
1871.23, 101, 0, 80.3672, 0, 80.3672
1871.26, 65, 0, 80.3585, 0, 80.3585
1871.28, 63, 0, 80.3806, 0, 80.3806
1871.3, 61, 0, 80.4374, 0, 80.4374
1871.33, 78, 0, 80.5331, 2.12251e-320, 80.5331
1871.35, 37, 0, 80.6339, 1.23922e-317, 80.6339
1871.38, 32, 0, 80.8219, 7.13803e-315, 80.8219
1871.4, 48, 0, 81.1076, 3.99948e-312, 81.1076
1871.43, 57, 0, 81.4595, 2.18058e-309, 81.4595
1871.45, 84, 0, 81.8603, 1.15628e-306, 81.8603
1871.48, 96, 0, 82.2568, 5.9662e-304, 82.2568
1871.5, 75, 0, 82.6259, 2.99478e-301, 82.6259
1871.53, 87, 0, 83.0102, 1.46239e-298, 83.0102
1871.55, 111, 0, 83.3865, 6.94698e-296, 83.3865
1871.58, 128, 0, 83.7076, 3.21041e-293, 83.7076
1871.6, 91, 0, 83.9401, 1.44366e-290, 83.9401
1871.63, 96, 0, 84.1585, 6.31537e-288, 84.1585
1871.65, 81, 0, 84.3532, 2.68695e-285, 84.3532
1871.68, 91, 0, 84.5546, 1.11239e-282, 84.5546
1871.7, 75, 0, 84.7431, 4.48119e-280, 84.7431
1871.73, 68, 0, 84.9511, 1.75572e-277, 84.9511
1871.75, 71, 0, 85.193, 6.69187e-275, 85.193
1871.78, 75, 0, 85.4633, 2.48185e-272, 85.4633
1871.8, 66, 0, 85.7546, 8.95434e-270, 85.7546
1871.83, 90, 0, 86.0853, 3.14284e-267, 86.0853
1871.85, 65, 0, 86.4082, 1.0731e-264, 86.4082
1871.88, 95, 0, 86.7739, 3.56528e-262, 86.7739
1871.9, 127, 0, 87.1232, 1.15206e-259, 87.1232
1871.93, 110, 0, 87.3927, 3.62231e-257, 87.3927
1871.95, 113, 0, 87.617, 1.10796e-254, 87.617
1871.98, 141, 0, 87.7905, 3.29683e-252, 87.7905
1872, 119, 0, 87.8576, 9.54326e-250, 87.8576
1872.03, 110, 0, 87.8624, 2.68736e-247, 87.8624
1872.05, 94, 0, 87.823, 7.36349e-245, 87.823
1872.08, 114, 0, 87.7712, 1.96233e-242, 87.7712
1872.1, 104, 0, 87.6669, 5.08848e-240, 87.6669
1872.13, 90, 0, 87.53, 1.28361e-237, 87.53
1872.15, 91, 0, 87.3881, 3.14996e-235, 87.3881
1872.18, 126, 0, 87.239, 7.52144e-233, 87.239
1872.2, 90, 0, 87.0124, 1.74675e-230, 87.0124
1872.23, 87, 0, 86.7799, 3.94715e-228, 86.7799
1872.25, 66, 0, 86.5468, 8.67689e-226, 86.5468
1872.28, 72, 0, 86.3549, 1.85555e-223, 86.3549
1872.3, 85, 0, 86.1917, 3.86019e-221, 86.1917
1872.33, 73, 0, 86.0308, 7.81218e-219, 86.0308
1872.35, 73, 0, 85.896, 1.53835e-216, 85.896
1872.38, 84, 0, 85.7871, 2.9469e-214, 85.7871
1872.4, 108, 0, 85.6816, 5.4905e-212, 85.6816
1872.43, 72, 0, 85.5316, 9.95351e-210, 85.5316
1872.45, 66, 0, 85.4086, 1.75537e-207, 85.4086
1872.48, 56, 0, 85.3244, 3.01214e-205, 85.3244
1872.5, 76, 0, 85.2989, 5.02712e-203, 85.2989
1872.53, 58, 0, 85.292, 8.16355e-201, 85.292
1872.55, 49, 0, 85.3397, 1.28963e-198, 85.3397
1872.58, 94, 0, 85.46, 1.98187e-196, 85.46
1872.6, 78, 0, 85.5633, 2.96287e-194, 85.5633
1872.62, 41, 0, 85.6817, 4.309e-192, 85.6817
1872.65, 27, 0, 85.8894, 6.09749e-190, 85.8894
1872.67, 68, 0, 86.2149, 8.39366e-188, 86.2149
1872.7, 69, 0, 86.5769, 1.1238e-185, 86.5769
1872.72, 62, 0, 86.974, 1.464e-183, 86.974
1872.75, 44, 0, 87.4211, 1.85567e-181, 87.4211
1872.77, 71, 0, 87.955, 2.2877e-179, 87.955
1872.8, 70, 0, 88.5228, 2.74362e-177, 88.5228
1872.82, 65, 0, 89.1276, 3.20152e-175, 89.1276
1872.85, 58, 0, 89.7808, 3.63423e-173, 89.7808
1872.87, 90, 0, 90.4974, 4.01321e-171, 90.4974
1872.9, 138, 0, 91.2151, 4.31118e-169, 91.2151
1872.92, 121, 0, 91.8392, 4.5053e-167, 91.8392
1872.95, 95, 0, 92.405, 4.58095e-165, 92.405
1872.97, 156, 0, 92.9656, 4.53117e-163, 92.9656
1873, 176, 0, 93.4001, 4.35922e-161, 93.4001
1873.02, 168, 0, 93.6694, 4.08047e-159, 93.6694
1873.05, 186, 0, 93.7901, 3.71565e-157, 93.7901
1873.07, 148, 0, 93.7263, 3.292e-155, 93.7263
1873.1, 105, 0, 93.554, 2.83681e-153, 93.554
1873.12, 66, 0, 93.3588, 2.37848e-151, 93.3588
1873.15, 70, 0, 93.2183, 1.93995e-149, 93.2183
1873.17, 92, 0, 93.1243, 1.53923e-147, 93.1243
1873.2, 88, 0, 93.0325, 1.18807e-145, 93.0325
1873.22, 130, 0, 92.9508, 8.92068e-144, 92.9508
1873.25, 105, 0, 92.7949, 6.51707e-142, 92.7949
1873.27, 95, 0, 92.6147, 4.63078e-140, 92.6147
1873.3, 108, 0, 92.4297, 3.20148e-138, 92.4297
1873.32, 99, 0, 92.2135, 2.15312e-136, 92.2135
1873.35, 73, 0, 91.9838, 1.40866e-134, 91.9838
1873.37, 59, 0, 91.792, 8.96685e-133, 91.792
1873.4, 53, 0, 91.6659, 5.55163e-131, 91.6659
1873.42, 44, 0, 91.617, 3.34421e-129, 91.617
1873.45, 53, 0, 91.6634, 1.95968e-127, 91.6634
1873.47, 64, 0, 91.7871, 1.11712e-125, 91.7871
1873.5, 102, 0, 91.9664, 6.19487e-124, 91.9664
1873.52, 120, 0, 92.1257, 3.34184e-122, 92.1257
1873.55, 89, 0, 92.2291, 1.75371e-120, 92.2291
1873.57, 83, 0, 92.3391, 8.95406e-119, 92.3391
1873.6, 105, 0, 92.4677, 4.44735e-117, 92.4677
1873.62, 116, 0, 92.5713, 2.14882e-115, 92.5713
1873.65, 91, 0, 92.6279, 1.01e-113, 92.6279
1873.67, 83, 0, 92.6879, 4.61804e-112, 92.6879
1873.7, 71, 0, 92.7672, 2.05438e-110, 92.7672
1873.72, 80, 0, 92.8901, 8.89042e-109, 92.8901
1873.75, 82, 0, 93.0387, 3.74211e-107, 93.0387
1873.77, 93, 0, 93.2094, 1.53248e-105, 93.2094
1873.8, 96, 0, 93.3806, 6.10508e-104, 93.3806
1873.82, 110, 0, 93.5465, 2.3663e-102, 93.5465
1873.85, 100, 0, 93.6795, 8.92075e-101, 93.6795
1873.87, 89, 0, 93.7998, 3.27201e-99, 93.7998
1873.9, 75, 0, 93.9298, 1.16747e-97, 93.9298
1873.92, 139, 0, 94.0976, 4.0522e-96, 94.0976
1873.95, 98, 0, 94.1756, 1.36822e-94, 94.1756
1873.97, 79, 0, 94.2459, 4.49404e-93, 94.2459
1874, 70, 0, 94.3468, 1.43614e-91, 94.3468
1874.02, 74, 0, 94.4963, 4.46387e-90, 94.4963
1874.04, 114, 0, 94.6868, 1.34991e-88, 94.6868
1874.07, 132, 0, 94.8387, 3.97111e-87, 94.8387
1874.09, 134, 0, 94.9163, 1.13641e-85, 94.9163
1874.12, 136, 0, 94.9157, 3.16356e-84, 94.9157
1874.14, 119, 0, 94.833, 8.56822e-83, 94.833
1874.17, 100, 0, 94.7019, 2.25716e-81, 94.7019
1874.19, 124, 0, 94.5602, 5.78507e-80, 94.5602
1874.22, 115, 0, 94.3597, 1.44234e-78, 94.3597
1874.24, 74, 0, 94.1178, 3.4982e-77, 94.1178
1874.27, 87, 0, 93.9162, 8.25449e-76, 93.9162
1874.29, 101, 0, 93.7284, 1.89451e-74, 93.7284
1874.32, 106, 0, 93.5261, 4.2303e-73, 93.5261
1874.34, 83, 0, 93.2988, 9.18882e-72, 93.2988
1874.37, 79, 0, 93.0922, 1.94138e-70, 93.0922
1874.39, 88, 0, 92.9137, 3.991e-69, 92.9137
1874.42, 100, 0, 92.745, 7.98019e-68, 92.745
1874.44, 86, 0, 92.5619, 1.55224e-66, 92.5619
1874.47, 69, 0, 92.3918, 2.93746e-65, 92.3918
1874.49, 76, 0, 92.2686, 5.4075e-64, 92.2686
1874.52, 75, 0, 92.1778, 9.68356e-63, 92.1778
1874.54, 86, 0, 92.1215, 1.68689e-61, 92.1215
1874.57, 90, 0, 92.0773, 2.85859e-60, 92.0773
1874.59, 100, 0, 92.0374, 4.7128e-59, 92.0374
1874.62, 91, 0, 91.9815, 7.55736e-58, 91.9815
1874.64, 91, 0, 91.9276, 1.17902e-56, 91.9276
1874.67, 69, 0, 91.8755, 1.78932e-55, 91.8755
1874.69, 64, 0, 91.8692, 2.64158e-54, 91.8692
1874.72, 83, 0, 91.9186, 3.79362e-53, 91.9186
1874.74, 88, 0, 91.9858, 5.30031e-52, 91.9858
1874.77, 116, 0, 92.061, 7.20303e-51, 92.061
1874.79, 98, 0, 92.0884, 9.52328e-50, 92.0884
1874.82, 89, 0, 92.1039, 1.22481e-48, 92.1039
1874.84, 69, 0, 92.1256, 1.53237e-47, 92.1256
1874.87, 93, 0, 92.1936, 1.86514e-46, 92.1936
1874.89, 67, 0, 92.26, 2.20814e-45, 92.26
1874.92, 115, 0, 92.3769, 2.54305e-44, 92.3769
1874.94, 124, 0, 92.4485, 2.84928e-43, 92.4485
1874.97, 104, 0, 92.457, 3.10547e-42, 92.457
1874.99, 94, 0, 92.4425, 3.29252e-41, 92.4425
1875.02, 120, 0, 92.4248, 3.39611e-40, 92.4248
1875.04, 142, 0, 92.352, 3.40725e-39, 92.352
1875.07, 119, 0, 92.1799, 3.32564e-38, 92.1799
1875.09, 91, 0, 91.9542, 3.15732e-37, 91.9542
1875.12, 96, 0, 91.7303, 2.91615e-36, 91.7303
1875.14, 96, 0, 91.4979, 2.62029e-35, 91.4979
1875.17, 104, 0, 91.2566, 2.29013e-34, 91.2566
1875.19, 106, 0, 90.9897, 1.94706e-33, 90.9897
1875.22, 116, 0, 90.6928, 1.61044e-32, 90.6928
1875.24, 75, 0, 90.3453, 1.29574e-31, 90.3453
1875.27, 74, 0, 90.0285, 1.01415e-30, 90.0285
1875.29, 93, 0, 89.7437, 7.72135e-30, 89.7437
1875.32, 117, 0, 89.4524, 5.71864e-29, 89.4524
1875.34, 94, 0, 89.1061, 4.12004e-28, 89.1061
1875.37, 84, 0, 88.7499, 2.8877e-27, 88.7499
1875.39, 88, 0, 88.4033, 1.96884e-26, 88.4033
1875.42, 80, 0, 88.0574, 1.3058e-25, 88.0574
1875.44, 74, 0, 87.7277, 8.4246e-25, 87.7277
1875.47, 60, 0, 87.4254, 5.28726e-24, 87.4254
1875.49, 44, 0, 87.178, 3.22789e-23, 87.178
1875.52, 47, 0, 87.0169, 1.9171e-22, 87.0169
1875.54, 47, 0, 86.9359, 1.10759e-21, 86.9359
1875.57, 57, 0, 86.9347, 6.22472e-21, 86.9347
1875.59, 83, 0, 86.9934, 3.40303e-20, 86.9934
1875.61, 67, 0, 87.0601, 1.80975e-19, 87.0601
1875.64, 77, 0, 87.1669, 9.36224e-19, 87.1669
1875.66, 94, 0, 87.294, 4.71166e-18, 87.294
1875.69, 76, 0, 87.4078, 2.30661e-17, 87.4078
1875.71, 91, 0, 87.5443, 1.09845e-16, 87.5443
1875.74, 67, 0, 87.674, 5.08852e-16, 87.674
1875.76, 59, 0, 87.8449, 2.29302e-15, 87.8449
1875.79, 92, 0, 88.0736, 1.00515e-14, 88.0736
1875.81, 93, 0, 88.2944, 4.28632e-14, 88.2944
1875.84, 114, 0, 88.5058, 1.77805e-13, 88.5058
1875.86, 107, 0, 88.6663, 7.17473e-13, 88.6663
1875.89, 105, 0, 88.79, 2.81626e-12, 88.79
1875.91, 124, 0, 88.8814, 1.07534e-11, 88.8814
1875.94, 136, 0, 88.9025, 3.99434e-11, 88.9025
1875.96, 99, 0, 88.8294, 1.4432e-10, 88.8294
1875.99, 102, 0, 88.7359, 5.07263e-10, 88.7359
1876.01, 120, 0, 88.616, 1.73438e-09, 88.616
1876.04, 127, 0, 88.4332, 5.76845e-09, 88.4332
1876.06, 115, 0, 88.1733, 1.86628e-08, 88.1733
1876.09, 92, 0, 87.8598, 5.87381e-08, 87.8598
1876.11, 110, 0, 87.538, 1.79823e-07, 87.538
1876.14, 133, 0, 87.1713, 5.35542e-07, 87.1713
1876.16, 108, 0, 86.7129, 1.55147e-06, 86.7129
1876.19, 76, 0, 86.212, 4.37218e-06, 86.212
1876.21, 88, 0, 85.7314, 1.19855e-05, 85.7314
1876.24, 111, 0, 85.2463, 3.19605e-05, 85.2464
1876.26, 128, 0, 84.7098, 8.29071e-05, 84.7099
1876.29, 91, 0, 84.0866, 0.000209205, 84.0868
1876.31, 76, 0, 83.4496, 0.000513516, 83.4501
1876.34, 65, 0, 82.8275, 0.00122613, 82.8288
1876.36, 89, 0, 82.2411, 0.00284789, 82.244
1876.39, 71, 0, 81.6412, 0.00643443, 81.6476
1876.41, 82, 0, 81.0625, 0.0141421, 81.0767
1876.44, 80, 0, 80.482, 0.0302354, 80.5123
1876.46, 72, 0, 79.9026, 0.0628811, 79.9655
1876.49, 48, 0, 79.339, 0.127211, 79.4662
1876.51, 68, 0, 78.8384, 0.250341, 79.0888
1876.54, 79, 0, 78.36, 0.479223, 78.8392
1876.56, 75, 0, 77.8813, 0.892393, 78.7737
1876.59, 94, 0, 77.4101, 1.61649, 79.0266
1876.61, 108, 0, 76.9089, 2.84828, 79.7572
1876.64, 97, 0, 76.3513, 4.88214, 81.2334
1876.66, 97, 0, 75.7621, 8.14006, 83.9022
1876.69, 70, 0, 75.1468, 13.2022, 88.3489
1876.71, 64, 0, 74.5681, 20.8291, 95.3972
1876.74, 63, 0, 74.0522, 31.9665, 106.019
1876.76, 81, 0, 73.6224, 47.7211, 121.344
1876.79, 82, 0, 73.2732, 69.3, 142.573
1876.81, 89, 0, 73.0452, 97.8949, 170.94
1876.84, 155, 0, 72.9811, 134.518, 207.499
1876.86, 191, 0, 73.022, 179.806, 252.828
1876.89, 195, 0, 73.1865, 233.787, 306.973
1876.91, 269, 0, 73.575, 295.692, 369.267
1876.94, 383, 0, 74.164, 363.796, 437.96
1876.96, 497, 0, 74.863, 435.388, 510.251
1876.99, 581, 0, 75.5884, 506.862, 582.45
1877.01, 681, 0, 76.3168, 573.988, 650.305
1877.04, 693, 0, 76.9837, 632.283, 709.266
1877.06, 836, 0, 77.6832, 677.515, 755.198
1877.09, 869, 0, 78.2211, 706.193, 784.414
1877.11, 859, 716.02, 78.5898, 716.02, 794.609
1877.14, 831, 0, 78.8297, 706.192, 785.022
1877.16, 805, 0, 78.9777, 677.513, 756.491
1877.19, 751, 0, 79.0286, 632.279, 711.307
1877.21, 668, 0, 79.0002, 573.978, 652.978
1877.24, 512, 0, 78.9417, 506.848, 585.79
1877.26, 388, 0, 79.0308, 435.368, 514.399
1877.29, 305, 0, 79.3727, 363.771, 443.143
1877.31, 290, 0, 79.9909, 295.664, 375.655
1877.34, 314, 0, 80.7804, 233.755, 314.536
1877.36, 295, 0, 81.5709, 179.772, 261.343
1877.39, 239, 0, 82.2942, 134.489, 216.783
1877.41, 197, 0, 82.973, 97.8744, 180.847
1877.44, 207, 0, 83.6195, 69.2978, 152.917
1877.46, 145, 0, 84.1579, 47.7504, 131.908
1877.48, 137, 0, 84.67, 32.0544, 116.724
1877.51, 131, 0, 85.1416, 21.0272, 106.169
1877.53, 149, 0, 85.5636, 13.5997, 99.1633
1877.56, 160, 0, 85.8859, 8.89442, 94.7803
1877.58, 158, 0, 86.0777, 6.25891, 92.3366
1877.61, 129, 0, 86.1382, 5.28179, 91.42
1877.63, 103, 0, 86.1235, 5.7932, 91.9167
1877.66, 111, 0, 86.0867, 7.86111, 93.9478
1877.68, 113, 0, 86.0158, 11.7864, 97.8022
1877.71, 136, 0, 85.9145, 18.0949, 104.009
1877.73, 159, 0, 85.7492, 27.5203, 113.27
1877.76, 134, 0, 85.4924, 40.966, 126.458
1877.78, 127, 0, 85.2206, 59.4415, 144.662
1877.81, 142, 0, 84.9841, 83.9548, 168.939
1877.83, 141, 0, 84.8014, 115.37, 200.171
1877.86, 206, 0, 84.7371, 154.228, 238.965
1877.88, 295, 0, 84.7388, 200.559, 285.298
1877.91, 364, 0, 84.721, 253.695, 338.416
1877.93, 364, 0, 84.652, 312.16, 396.812
1877.96, 498, 0, 84.6487, 373.625, 458.274
1877.98, 542, 0, 84.566, 434.996, 519.562
1878.01, 582, 0, 84.4383, 492.635, 577.073
1878.03, 727, 0, 84.3008, 542.697, 626.997
1878.06, 717, 0, 83.9633, 581.542, 665.505
1878.08, 656, 0, 83.5228, 606.17, 689.693
1878.11, 716, 614.61, 83.1497, 614.61, 697.76
1878.13, 727, 0, 82.7401, 606.17, 688.91
1878.16, 678, 0, 82.2543, 581.539, 663.794
1878.18, 605, 0, 81.7402, 542.693, 624.433
1878.21, 503, 0, 81.2649, 492.629, 573.893
1878.23, 452, 0, 80.9313, 434.984, 515.915
1878.26, 440, 0, 80.7256, 373.607, 454.333
1878.28, 393, 0, 80.5486, 312.138, 392.687
1878.31, 277, 0, 80.3709, 253.67, 334.041
1878.33, 204, 0, 80.3074, 200.528, 280.835
1878.36, 184, 0, 80.3975, 154.197, 234.594
1878.38, 180, 0, 80.5887, 115.335, 195.924
1878.41, 141, 0, 80.8119, 83.9156, 164.727
1878.43, 160, 0, 81.0825, 59.3927, 140.475
1878.46, 102, 0, 81.314, 40.8955, 122.21
1878.48, 91, 0, 81.5859, 27.4036, 108.989
1878.51, 111, 0, 81.8939, 17.887, 99.7809
1878.53, 125, 0, 82.1794, 11.4072, 93.5866
1878.56, 138, 0, 82.402, 7.17222, 89.5743
1878.58, 136, 0, 82.5279, 4.56412, 87.092
1878.61, 73, 0, 82.5559, 3.14086, 85.6967
1878.63, 91, 0, 82.6092, 2.62674, 85.236
1878.66, 115, 0, 82.6511, 2.89883, 85.5499
1878.68, 105, 0, 82.6341, 3.97399, 86.6081
1878.71, 96, 0, 82.5803, 5.99875, 88.579
1878.73, 69, 0, 82.5116, 9.24032, 91.7519
1878.76, 87, 0, 82.4884, 14.0747, 96.5632
1878.78, 122, 0, 82.4844, 20.9665, 103.451
1878.81, 112, 0, 82.4433, 30.4345, 112.878
1878.83, 134, 0, 82.4039, 42.9968, 125.401
1878.86, 162, 0, 82.3473, 59.0969, 141.444
1878.88, 159, 0, 82.2497, 79.0152, 161.265
1878.91, 168, 0, 82.1565, 102.766, 184.923
1878.93, 241, 0, 82.0972, 130.011, 212.109
1878.96, 233, 0, 81.9801, 159.991, 241.971
1878.98, 224, 0, 81.881, 191.512, 273.393
1879.01, 202, 0, 81.8806, 222.988, 304.869
1879.03, 279, 0, 82.086, 252.553, 334.639
1879.06, 383, 0, 82.4026, 278.233, 360.636
1879.08, 414, 0, 82.6745, 298.159, 380.834
1879.11, 447, 0, 82.8801, 310.794, 393.674
1879.13, 472, 315.124, 82.9791, 315.124, 398.103
1879.16, 411, 0, 82.9302, 310.795, 393.725
1879.18, 419, 0, 82.8468, 298.16, 381.007
1879.21, 326, 0, 82.6874, 278.232, 360.919
1879.23, 313, 0, 82.5979, 252.551, 335.149
1879.26, 289, 0, 82.5526, 222.985, 305.537
1879.28, 281, 0, 82.5404, 191.506, 274.046
1879.31, 189, 0, 82.5144, 159.982, 242.496
1879.33, 197, 0, 82.5953, 130, 212.595
1879.36, 201, 0, 82.7074, 102.755, 185.462
1879.38, 170, 0, 82.7884, 79.0036, 161.792
1879.41, 111, 0, 82.853, 59.0863, 141.939
1879.43, 106, 0, 82.9795, 42.989, 125.968
1879.46, 92, 0, 83.1459, 30.4337, 113.58
1879.48, 104, 0, 83.3555, 20.9761, 104.332
1879.51, 106, 0, 83.5657, 14.0995, 97.6653
1879.53, 147, 0, 83.7593, 9.28727, 93.0466
1879.56, 125, 0, 83.845, 6.07417, 89.9191
1879.58, 103, 0, 83.8605, 4.07984, 87.9403
1879.61, 102, 0, 83.8459, 3.02382, 86.8697
1879.63, 83, 0, 83.801, 2.72841, 86.5294
1879.66, 135, 0, 83.7632, 3.11451, 86.8777
1879.68, 116, 0, 83.6291, 4.19248, 87.8216
1879.71, 94, 0, 83.4387, 6.04974, 89.4884
1879.73, 124, 0, 83.2393, 8.83421, 92.0735
1879.76, 88, 0, 82.976, 12.7335, 95.7095
1879.78, 102, 0, 82.7281, 17.9465, 100.675
1879.81, 109, 0, 82.4776, 24.6485, 107.126
1879.83, 102, 0, 82.2233, 32.9507, 115.174
1879.85, 114, 0, 81.9954, 42.856, 124.851
1879.88, 90, 0, 81.7891, 54.222, 136.011
1879.9, 116, 0, 81.6749, 66.7315, 148.406
1879.93, 150, 0, 81.6256, 79.8856, 161.511
1879.95, 153, 0, 81.5992, 93.0221, 174.621
1879.98, 163, 0, 81.6161, 105.362, 186.978
1880, 228, 0, 81.6809, 116.081, 197.762
1880.03, 223, 0, 81.6853, 124.398, 206.084
1880.05, 223, 0, 81.6558, 129.673, 211.328
1880.08, 221, 131.48, 81.603, 131.48, 213.083
1880.1, 235, 0, 81.5343, 129.673, 211.207
1880.13, 237, 0, 81.4181, 124.398, 205.816
1880.15, 210, 0, 81.2395, 116.08, 197.32
1880.18, 182, 0, 81.0355, 105.36, 186.396
1880.2, 168, 0, 80.8403, 93.02, 173.86
1880.23, 123, 0, 80.6569, 79.8822, 160.539
1880.25, 134, 0, 80.5485, 66.7268, 147.275
1880.28, 116, 0, 80.4667, 54.2155, 134.682
1880.3, 125, 0, 80.4222, 42.8477, 123.27
1880.33, 88, 0, 80.3743, 32.9384, 113.313
1880.35, 117, 0, 80.377, 24.6294, 105.006
1880.38, 103, 0, 80.3557, 17.9135, 98.2692
1880.4, 116, 0, 80.325, 12.6731, 92.9981
1880.43, 85, 0, 80.2482, 8.72092, 88.9691
1880.45, 76, 0, 80.1794, 5.83726, 86.0167
1880.48, 88, 0, 80.1306, 3.80048, 83.9311
1880.5, 83, 0, 80.0737, 2.40678, 82.4805
1880.53, 66, 0, 80.0158, 1.48255, 81.4983
1880.55, 71, 0, 79.9888, 0.888292, 80.8771
1880.58, 51, 0, 79.9816, 0.517699, 80.4993
1880.6, 60, 0, 80.0334, 0.29347, 80.3269
1880.63, 60, 0, 80.1258, 0.161821, 80.2877
1880.65, 62, 0, 80.2589, 0.08679, 80.3457
1880.68, 91, 0, 80.4286, 0.0452771, 80.4739
1880.7, 94, 0, 80.5772, 0.0229753, 80.6002
1880.73, 79, 0, 80.6991, 0.0113398, 80.7105
1880.75, 82, 0, 80.8244, 0.00544421, 80.8298
1880.78, 76, 0, 80.9473, 0.00254229, 80.9499
1880.8, 78, 0, 81.0802, 0.00115475, 81.0813
1880.83, 92, 0, 81.2192, 0.000510181, 81.2197
1880.85, 69, 0, 81.3366, 0.000219247, 81.3369
1880.88, 84, 0, 81.4788, 9.16463e-05, 81.4788
1880.9, 65, 0, 81.6158, 3.72623e-05, 81.6159
1880.93, 84, 0, 81.7861, 1.4736e-05, 81.7862
1880.95, 129, 0, 81.952, 5.66845e-06, 81.952
1880.98, 99, 0, 82.0238, 2.1209e-06, 82.0238
1881, 67, 0, 82.0616, 7.71874e-07, 82.0616
1881.03, 78, 0, 82.1296, 2.73241e-07, 82.1296
1881.05, 133, 0, 82.2058, 9.40801e-08, 82.2058
1881.08, 104, 0, 82.1804, 3.15094e-08, 82.1804
1881.1, 103, 0, 82.1114, 1.02644e-08, 82.1114
1881.13, 98, 0, 82.0006, 3.25238e-09, 82.0006
1881.15, 56, 0, 81.8579, 1.00239e-09, 81.8579
1881.18, 84, 0, 81.7668, 3.005e-10, 81.7668
1881.2, 91, 0, 81.6713, 8.76197e-11, 81.6713
1881.23, 87, 0, 81.5571, 2.48514e-11, 81.5571
1881.25, 81, 0, 81.432, 6.85565e-12, 81.432
1881.28, 93, 0, 81.3078, 1.83957e-12, 81.3078
1881.3, 92, 0, 81.1602, 4.80124e-13, 81.1602
1881.33, 99, 0, 80.9909, 1.21881e-13, 80.9909
1881.35, 104, 0, 80.7856, 3.00963e-14, 80.7856
1881.38, 88, 0, 80.5338, 7.22829e-15, 80.5338
1881.4, 63, 0, 80.2672, 1.6887e-15, 80.2672
1881.43, 66, 0, 80.0351, 3.83719e-16, 80.0351
1881.45, 53, 0, 79.831, 8.48091e-17, 79.831
1881.48, 48, 0, 79.6806, 1.82312e-17, 79.6806
1881.5, 71, 0, 79.5936, 3.81225e-18, 79.5936
1881.53, 65, 0, 79.5237, 7.75336e-19, 79.5237
1881.55, 76, 0, 79.4829, 1.53379e-19, 79.4829
1881.58, 55, 0, 79.4491, 2.95148e-20, 79.4491
1881.6, 43, 0, 79.4642, 5.52362e-21, 79.4642
1881.63, 40, 0, 79.5522, 1.00555e-21, 79.5522
1881.65, 40, 0, 79.7193, 1.78055e-22, 79.7193
1881.68, 80, 0, 79.9658, 3.06648e-23, 79.9658
1881.7, 85, 0, 80.2123, 5.1368e-24, 80.2123
1881.73, 68, 0, 80.4491, 8.36976e-25, 80.4491
1881.75, 67, 0, 80.7109, 1.32648e-25, 80.7109
1881.78, 65, 0, 81.0002, 2.04482e-26, 81.0002
1881.8, 68, 0, 81.3214, 3.06603e-27, 81.3214
1881.83, 90, 0, 81.6692, 4.47128e-28, 81.6692
1881.85, 50, 0, 82.0004, 6.3424e-29, 82.0004
1881.88, 81, 0, 82.3956, 8.75066e-30, 82.3956
1881.9, 109, 0, 82.7936, 1.17434e-30, 82.7936
1881.93, 100, 0, 83.1392, 1.5329e-31, 83.1392
1881.95, 71, 0, 83.451, 1.94626e-32, 83.451
1881.98, 77, 0, 83.7878, 2.40334e-33, 83.7878
1882, 69, 0, 84.1381, 2.88667e-34, 84.1381
1882.03, 125, 0, 84.5187, 3.37243e-35, 84.5187
1882.05, 104, 0, 84.8184, 3.83225e-36, 84.8184
1882.08, 114, 0, 85.0796, 4.23575e-37, 85.0796
1882.1, 95, 0, 85.2831, 4.55336e-38, 85.2831
1882.13, 101, 0, 85.4671, 4.76144e-39, 85.4671
1882.15, 58, 0, 85.62, 4.84251e-40, 85.62
1882.18, 92, 0, 85.8282, 4.79033e-41, 85.8282
1882.2, 112, 0, 86.024, 4.6092e-42, 86.024
1882.23, 123, 0, 86.1679, 4.3137e-43, 86.1679
1882.25, 79, 0, 86.2381, 3.92642e-44, 86.2381
1882.28, 69, 0, 86.3228, 3.47655e-45, 86.3228
1882.3, 68, 0, 86.4422, 2.99379e-46, 86.4422
1882.33, 53, 0, 86.5984, 2.5076e-47, 86.5984
1882.35, 75, 0, 86.8218, 2.04295e-48, 86.8218
1882.38, 132, 0, 87.0689, 1.61891e-49, 87.0689
1882.4, 116, 0, 87.2261, 1.24768e-50, 87.2261
1882.43, 102, 0, 87.3257, 9.35391e-52, 87.3257
1882.45, 108, 0, 87.3961, 6.82024e-53, 87.3961
1882.48, 129, 0, 87.4252, 4.83692e-54, 87.4252
1882.5, 95, 0, 87.3711, 3.33657e-55, 87.3711
1882.53, 84, 0, 87.3018, 2.23869e-56, 87.3018
1882.55, 84, 0, 87.2391, 1.46084e-57, 87.2391
1882.58, 62, 0, 87.1829, 9.27301e-59, 87.1829
1882.6, 62, 0, 87.177, 5.72469e-60, 87.177
1882.63, 65, 0, 87.2215, 3.43752e-61, 87.2215
1882.65, 66, 0, 87.3104, 2.0077e-62, 87.3104
1882.68, 80, 0, 87.442, 1.14055e-63, 87.442
1882.7, 87, 0, 87.5884, 6.30146e-65, 87.5884
1882.73, 79, 0, 87.7361, 3.38672e-66, 87.7361
1882.75, 80, 0, 87.9011, 1.77022e-67, 87.9011
1882.78, 74, 0, 88.082, 8.99984e-69, 88.082
1882.8, 77, 0, 88.2911, 4.45044e-70, 88.2911
1882.83, 76, 0, 88.5227, 2.14058e-71, 88.5227
1882.85, 77, 0, 88.7794, 1.00143e-72, 88.7794
1882.88, 82, 0, 89.0597, 4.55634e-74, 89.0597
1882.9, 108, 0, 89.354, 2.01637e-75, 89.354
1882.93, 101, 0, 89.6111, 8.67932e-77, 89.6111
1882.95, 99, 0, 89.8454, 3.63378e-78, 89.8454
1882.98, 121, 0, 90.0614, 1.47976e-79, 90.0614
1883, 137, 0, 90.2155, 5.86118e-81, 90.2155
1883.03, 109, 0, 90.276, 2.25777e-82, 90.276
1883.05, 94, 0, 90.2991, 8.45928e-84, 90.2991
1883.08, 100, 0, 90.3148, 3.0828e-85, 90.3148
1883.1, 61, 0, 90.3111, 1.09274e-86, 90.3111
1883.13, 99, 0, 90.3661, 3.76743e-88, 90.3661
1883.15, 83, 0, 90.4037, 1.26338e-89, 90.4037
1883.18, 68, 0, 90.4562, 4.1202e-91, 90.4562
1883.2, 95, 0, 90.5536, 1.30696e-92, 90.5536
1883.23, 91, 0, 90.6421, 4.03296e-94, 90.6421
1883.25, 64, 0, 90.7299, 1.2101e-95, 90.7299
1883.28, 69, 0, 90.8711, 3.53214e-97, 90.8711
1883.3, 116, 0, 91.0561, 1.00279e-98, 91.0561
1883.33, 139, 0, 91.1912, 2.76872e-100, 91.1912
1883.35, 106, 0, 91.2307, 7.43648e-102, 91.2307
1883.38, 84, 0, 91.2406, 1.94245e-103, 91.2406
1883.4, 78, 0, 91.265, 4.93501e-105, 91.265
1883.43, 55, 0, 91.316, 1.21932e-106, 91.316
1883.45, 79, 0, 91.4396, 2.93069e-108, 91.4396
1883.48, 91, 0, 91.588, 6.85032e-110, 91.588
1883.5, 80, 0, 91.7377, 1.55767e-111, 91.7377
1883.53, 78, 0, 91.9108, 3.44452e-113, 91.9108
1883.55, 79, 0, 92.1117, 7.40862e-115, 92.1117
1883.58, 86, 0, 92.3389, 1.54965e-116, 92.3389
1883.6, 80, 0, 92.5787, 3.15322e-118, 92.5787
1883.63, 71, 0, 92.8437, 6.24065e-120, 92.8437
1883.65, 54, 0, 93.1524, 1.20113e-121, 93.1524
1883.68, 113, 0, 93.5394, 2.24858e-123, 93.5394
1883.7, 118, 0, 93.8875, 4.09429e-125, 93.8875
1883.73, 104, 0, 94.1873, 7.25112e-127, 94.1873
1883.75, 77, 0, 94.4675, 1.24886e-128, 94.4675
1883.78, 68, 0, 94.7827, 2.09242e-130, 94.7827
1883.8, 106, 0, 95.1514, 3.40931e-132, 95.1514
1883.83, 111, 0, 95.4984, 5.40302e-134, 95.4984
1883.85, 135, 0, 95.8144, 8.32839e-136, 95.8144
1883.87, 90, 0, 96.0521, 1.24865e-137, 96.0521
1883.9, 65, 0, 96.3018, 1.82084e-139, 96.3018
1883.92, 63, 0, 96.6142, 2.58215e-141, 96.6142
1883.95, 75, 0, 96.9938, 3.56161e-143, 96.9938
1883.97, 103, 0, 97.4173, 4.77818e-145, 97.4173
1884, 169, 0, 97.8297, 6.23493e-147, 97.8297
1884.02, 178, 0, 98.0998, 7.91322e-149, 98.0998
1884.05, 132, 0, 98.2101, 9.7685e-151, 98.2101
1884.07, 132, 0, 98.2527, 1.17268e-152, 98.2527
1884.1, 121, 0, 98.2279, 1.36948e-154, 98.2279
1884.12, 146, 0, 98.1576, 1.55529e-156, 98.1576
1884.15, 155, 0, 97.9915, 1.71797e-158, 97.9915
1884.17, 136, 0, 97.7115, 1.84542e-160, 97.7115
1884.2, 116, 0, 97.3548, 1.92843e-162, 97.3548
1884.22, 87, 0, 96.9609, 1.95967e-164, 96.9609
1884.25, 75, 0, 96.5869, 1.93729e-166, 96.5869
1884.27, 73, 0, 96.2561, 1.86242e-168, 96.2561
1884.3, 84, 0, 95.9718, 1.74145e-170, 95.9718
1884.32, 111, 0, 95.7114, 1.58378e-172, 95.7114
1884.35, 100, 0, 95.4204, 1.4007e-174, 95.4204
1884.37, 66, 0, 95.1203, 1.20512e-176, 95.1203
1884.4, 66, 0, 94.8784, 1.00828e-178, 94.8784
1884.42, 72, 0, 94.6943, 8.2051e-181, 94.6943
1884.45, 78, 0, 94.5556, 6.49435e-183, 94.5556
1884.47, 94, 0, 94.45, 4.99962e-185, 94.45
1884.5, 79, 0, 94.3453, 3.74359e-187, 94.3453
1884.52, 85, 0, 94.2713, 2.72586e-189, 94.2713
1884.55, 68, 0, 94.2158, 1.93049e-191, 94.2158
1884.57, 82, 0, 94.2127, 1.33004e-193, 94.2127
1884.6, 88, 0, 94.2341, 8.91104e-196, 94.2341
1884.62, 103, 0, 94.268, 5.80565e-198, 94.268
1884.65, 97, 0, 94.2843, 3.67968e-200, 94.2843
1884.67, 97, 0, 94.2953, 2.26793e-202, 94.2953
1884.7, 96, 0, 94.3008, 1.35983e-204, 94.3008
1884.72, 101, 0, 94.303, 7.92868e-207, 94.303
1884.75, 89, 0, 94.2917, 4.49639e-209, 94.2917
1884.77, 94, 0, 94.291, 2.48013e-211, 94.291
1884.8, 102, 0, 94.291, 1.33028e-213, 94.291
1884.82, 130, 0, 94.2755, 6.94144e-216, 94.2755
1884.85, 87, 0, 94.1885, 3.52218e-218, 94.1885
1884.87, 101, 0, 94.1159, 1.73828e-220, 94.1159
1884.9, 76, 0, 94.0296, 8.34403e-223, 94.0296
1884.92, 70, 0, 93.9793, 3.89564e-225, 93.9793
1884.95, 79, 0, 93.977, 1.769e-227, 93.977
1884.97, 110, 0, 94.0046, 7.81142e-230, 94.0046
1885, 154, 0, 94.0002, 3.35562e-232, 94.0002
1885.02, 129, 0, 93.8759, 1.40174e-234, 93.8759
1885.05, 110, 0, 93.6813, 5.69518e-237, 93.6813
1885.07, 110, 0, 93.454, 2.25008e-239, 93.454
1885.1, 137, 0, 93.1937, 8.64826e-242, 93.1937
1885.12, 125, 0, 92.8457, 3.233e-244, 92.8457
1885.15, 95, 0, 92.4334, 1.17525e-246, 92.4334
1885.17, 81, 0, 92.0161, 4.1553e-249, 92.0161
1885.2, 96, 0, 91.6207, 1.42895e-251, 91.6207
1885.22, 83, 0, 91.2166, 4.77945e-254, 91.2166
1885.25, 110, 0, 90.8289, 1.55483e-256, 90.8289
1885.27, 96, 0, 90.4028, 4.9185e-259, 90.4028
1885.3, 98, 0, 89.9656, 1.51331e-261, 89.9656
1885.32, 84, 0, 89.5123, 4.52966e-264, 89.5123
1885.35, 68, 0, 89.0701, 1.3184e-266, 89.0701
1885.37, 64, 0, 88.6699, 3.73141e-269, 88.6699
1885.4, 38, 0, 88.3191, 1.02741e-271, 88.3191
1885.42, 47, 0, 88.069, 2.75142e-274, 88.069
1885.45, 53, 0, 87.901, 7.1649e-277, 87.901
1885.47, 52, 0, 87.8028, 1.81471e-279, 87.8028
1885.5, 85, 0, 87.7762, 4.47041e-282, 87.7762
1885.52, 68, 0, 87.7551, 1.0711e-284, 87.7551
1885.55, 60, 0, 87.7736, 2.49547e-287, 87.7736
1885.57, 69, 0, 87.8476, 5.65615e-290, 87.8476
1885.6, 100, 0, 87.9593, 1.2466e-292, 87.9593
1885.62, 106, 0, 88.0469, 2.67223e-295, 88.0469
1885.65, 81, 0, 88.0986, 5.57138e-298, 88.0986
1885.67, 84, 0, 88.1645, 1.12978e-300, 88.1645
1885.7, 82, 0, 88.2387, 2.22827e-303, 88.2387
1885.72, 90, 0, 88.3254, 4.27341e-306, 88.3254
1885.75, 105, 0, 88.4088, 7.97318e-309, 88.4088
1885.77, 68, 0, 88.459, 1.44651e-311, 88.459
1885.8, 102, 0, 88.5501, 2.55241e-314, 88.5501
1885.82, 92, 0, 88.6143, 4.38049e-317, 88.6143
1885.85, 100, 0, 88.6717, 7.34033e-320, 88.6717
1885.87, 109, 0, 88.7065, 0, 88.7065
1885.9, 112, 0, 88.7007, 0, 88.7007
1885.92, 106, 0, 88.6483, 0, 88.6483
1885.95, 105, 0, 88.5612, 0, 88.5612
1885.97, 92, 0, 88.4412, 0, 88.4412
1886, 57, 0, 88.314, 0, 88.314
1886.02, 78, 0, 88.2496, 0, 88.2496
1886.05, 77, 0, 88.2056, 0, 88.2056
1886.07, 94, 0, 88.184, 0, 88.184
1886.1, 90, 0, 88.1508, 0, 88.1508
1886.12, 82, 0, 88.1139, 0, 88.1139
1886.15, 113, 0, 88.0892, 0, 88.0892
1886.17, 70, 0, 88.0147, 0, 88.0147
1886.2, 55, 0, 87.9763, 0, 87.9763
1886.22, 69, 0, 88.0037, 0, 88.0037
1886.25, 73, 0, 88.0692, 0, 88.0692
1886.27, 102, 0, 88.1649, 0, 88.1649
1886.3, 88, 0, 88.2328, 0, 88.2328
1886.32, 75, 0, 88.3013, 0, 88.3013
1886.35, 69, 0, 88.3963, 0, 88.3963
1886.37, 85, 0, 88.5301, 0, 88.5301
1886.4, 54, 0, 88.671, 0, 88.671
1886.42, 77, 0, 88.8812, 0, 88.8812
1886.45, 69, 0, 89.1152, 0, 89.1152
1886.47, 118, 0, 89.3894, 0, 89.3894
1886.5, 87, 0, 89.6064, 0, 89.6064
1886.52, 94, 0, 89.8286, 0, 89.8286
1886.55, 78, 0, 90.0425, 0, 90.0425
1886.57, 84, 0, 90.2804, 0, 90.2804
1886.6, 87, 0, 90.5309, 0, 90.5309
1886.62, 85, 0, 90.7885, 0, 90.7885
1886.65, 61, 0, 91.0577, 0, 91.0577
1886.67, 80, 0, 91.3869, 0, 91.3869
1886.7, 53, 0, 91.739, 0, 91.739
1886.72, 79, 0, 92.1685, 0, 92.1685
1886.75, 96, 0, 92.6243, 0, 92.6243
1886.77, 79, 0, 93.0734, 0, 93.0734
1886.8, 94, 0, 93.5507, 0, 93.5507
1886.82, 113, 0, 94.027, 0, 94.027
1886.85, 106, 0, 94.4655, 0, 94.4655
1886.87, 104, 0, 94.8808, 0, 94.8808
1886.9, 103, 0, 95.2779, 0, 95.2779
1886.92, 96, 0, 95.6595, 0, 95.6595
1886.95, 108, 0, 96.0405, 0, 96.0405
1886.97, 107, 0, 96.3976, 0, 96.3976
1887, 122, 0, 96.7334, 0, 96.7334
1887.02, 178, 0, 97.0187, 0, 97.0187
1887.05, 172, 0, 97.1421, 0, 97.1421
1887.07, 148, 0, 97.1157, 0, 97.1157
1887.1, 109, 0, 96.9876, 0, 96.9876
1887.12, 137, 0, 96.8354, 0, 96.8354
1887.15, 133, 0, 96.6029, 0, 96.6029
1887.17, 113, 0, 96.2977, 0, 96.2977
1887.2, 88, 0, 95.959, 0, 95.959
1887.22, 98, 0, 95.6362, 0, 95.6362
1887.25, 91, 0, 95.3087, 0, 95.3087
1887.27, 130, 0, 94.9898, 0, 94.9898
1887.3, 125, 0, 94.601, 0, 94.601
1887.32, 105, 0, 94.1513, 0, 94.1513
1887.35, 80, 0, 93.6799, 0, 93.6799
1887.37, 85, 0, 93.2358, 0, 93.2358
1887.4, 74, 0, 92.8083, 0, 92.8083
1887.42, 66, 0, 92.4183, 0, 92.4183
1887.45, 46, 0, 92.0812, 0, 92.0812
1887.47, 46, 0, 91.8363, 0, 91.8363
1887.5, 70, 0, 91.683, 0, 91.683
1887.52, 95, 0, 91.5731, 0, 91.5731
1887.55, 84, 0, 91.4563, 0, 91.4563
1887.57, 78, 0, 91.3545, 0, 91.3545
1887.6, 93, 0, 91.2794, 0, 91.2794
1887.62, 81, 0, 91.2008, 0, 91.2008
1887.65, 129, 0, 91.1426, 0, 91.1426
1887.67, 100, 0, 91.0087, 0, 91.0087
1887.7, 101, 0, 90.8568, 0, 90.8568
1887.72, 141, 0, 90.6847, 0, 90.6847
1887.75, 109, 0, 90.4119, 0, 90.4119
1887.77, 98, 0, 90.1019, 0, 90.1019
1887.8, 80, 0, 89.7761, 0, 89.7761
1887.82, 102, 0, 89.4699, 0, 89.4699
1887.85, 129, 0, 89.1386, 0, 89.1386
1887.87, 105, 0, 88.7277, 0, 88.7277
1887.9, 75, 0, 88.2841, 0, 88.2841
1887.92, 83, 0, 87.8671, 0, 87.8671
1887.95, 88, 0, 87.4599, 0, 87.4599
1887.97, 114, 0, 87.0516, 0, 87.0516
1888, 84, 0, 86.5894, 0, 86.5894
1888.02, 89, 0, 86.1323, 0, 86.1323
1888.05, 83, 0, 85.6696, 0, 85.6696
1888.07, 71, 0, 85.2121, 0, 85.2121
1888.1, 56, 0, 84.7831, 0, 84.7831
1888.12, 61, 0, 84.4117, 0, 84.4117
1888.15, 91, 0, 84.0871, 0, 84.0871
1888.17, 101, 0, 83.7486, 0, 83.7486
1888.2, 57, 0, 83.3757, 0, 83.3757
1888.22, 73, 0, 83.0555, 0, 83.0555
1888.25, 87, 0, 82.7554, 0, 82.7554
1888.27, 67, 0, 82.4468, 0, 82.4468
1888.3, 74, 0, 82.1691, 0, 82.1691
1888.32, 54, 0, 81.9078, 0, 81.9078
1888.35, 79, 0, 81.7023, 0, 81.7023
1888.37, 83, 0, 81.5021, 0, 81.5021
1888.4, 69, 0, 81.299, 0, 81.299
1888.42, 66, 0, 81.1205, 0, 81.1205
1888.45, 69, 0, 80.9722, 0, 80.9722
1888.47, 40, 0, 80.8479, 0, 80.8479
1888.5, 72, 0, 80.8052, 0, 80.8052
1888.52, 81, 0, 80.7802, 0, 80.7802
1888.55, 57, 0, 80.7547, 0, 80.7547
1888.57, 65, 0, 80.7768, 0, 80.7768
1888.6, 62, 0, 80.8304, 0, 80.8304
1888.62, 83, 0, 80.9216, 0, 80.9216
1888.65, 61, 0, 81.0087, 0, 81.0087
1888.67, 51, 0, 81.1359, 0, 81.1359
1888.7, 73, 0, 81.3232, 0, 81.3232
1888.72, 114, 0, 81.5273, 0, 81.5273
1888.75, 133, 0, 81.6664, 0, 81.6664
1888.77, 109, 0, 81.7028, 0, 81.7028
1888.8, 112, 0, 81.6846, 0, 81.6846
1888.82, 145, 0, 81.6058, 0, 81.6058
1888.85, 106, 0, 81.4002, 0, 81.4002
1888.87, 84, 0, 81.1454, 0, 81.1454
1888.9, 74, 0, 80.8849, 0, 80.8849
1888.92, 99, 0, 80.6382, 0, 80.6382
1888.95, 116, 0, 80.3547, 0, 80.3547
1888.97, 150, 0, 80.2994, 0, 80.2994
