# Generated by: ./jointDeconvolution Data/MALDI_ToF_High_A2.csv -p --sigma_left 0.15 --sigma_right 0.15 --yb_left 80 --yb_right 80 --lambda_1 0.2 
1871.03, 119, 0, 80.2375, 1.05269e-08, 80.2375
1871.06, 84, 0, 79.7233, 3.12579e-08, 79.7233
1871.08, 54, 0, 79.438, 9.02891e-08, 79.438
1871.11, 58, 0, 79.2036, 2.53737e-07, 79.2036
1871.13, 79, 0, 79.0116, 6.93663e-07, 79.0116
1871.16, 77, 0, 78.8197, 1.84487e-06, 78.8197
1871.18, 78, 0, 78.6313, 4.77311e-06, 78.6313
1871.21, 109, 0, 78.4443, 1.2014e-05, 78.4443
1871.23, 101, 0, 78.1961, 2.94178e-05, 78.1961
1871.26, 65, 0, 77.9023, 7.00754e-05, 77.9024
1871.28, 63, 0, 77.6343, 0.000162394, 77.6345
1871.3, 61, 0, 77.3956, 0.000366096, 77.396
1871.33, 78, 0, 77.1897, 0.000802911, 77.1905
1871.35, 37, 0, 76.9822, 0.00171306, 76.9839
1871.38, 32, 0, 76.8546, 0.0035556, 76.8582
1871.4, 48, 0, 76.8168, 0.00717936, 76.8239
1871.43, 57, 0, 76.8366, 0.0141028, 76.8507
1871.45, 84, 0, 76.8961, 0.0269491, 76.923
1871.48, 96, 0, 76.9414, 0.0500988, 76.9915
1871.5, 75, 0, 76.9487, 0.0906032, 77.0393
1871.53, 87, 0, 76.9601, 0.159402, 77.1195
1871.55, 111, 0, 76.9518, 0.272819, 77.2246
1871.58, 128, 0, 76.8759, 0.454243, 77.3301
1871.6, 91, 0, 76.6986, 0.735771, 77.4344
1871.63, 96, 0, 76.4943, 1.15939, 77.6536
1871.65, 81, 0, 76.2532, 1.77722, 78.0304
1871.68, 91, 0, 76.0062, 2.65027, 78.6564
1871.7, 75, 0, 75.7345, 3.84484, 79.5793
1871.73, 68, 0, 75.4719, 5.42614, 80.8981
1871.75, 71, 0, 75.2352, 7.44965, 82.6848
1871.78, 75, 0, 75.0218, 9.94986, 84.9717
1871.8, 66, 0, 74.8284, 12.9279, 87.7563
1871.83, 90, 0, 74.6785, 16.3407, 91.0192
1871.85, 65, 0, 74.5306, 20.0929, 94.6236
1871.88, 95, 0, 74.442, 24.0353, 98.4773
1871.9, 127, 0, 74.3603, 27.9695, 102.33
1871.93, 110, 0, 74.2293, 31.6629, 105.892
1871.95, 113, 0, 74.0901, 34.8696, 108.96
1871.98, 141, 0, 73.9427, 37.357, 111.3
1872, 119, 0, 73.736, 38.9339, 112.67
1872.03, 110, 39.4741, 73.5167, 39.4741, 112.991
1872.05, 94, 0, 73.3033, 38.9338, 112.237
1872.08, 114, 0, 73.1263, 37.3569, 110.483
1872.1, 104, 0, 72.9424, 34.8693, 107.812
1872.13, 90, 0, 72.7661, 31.6625, 104.429
1872.15, 91, 0, 72.6186, 27.9688, 100.587
1872.18, 126, 0, 72.4903, 24.0342, 96.5245
1872.2, 90, 0, 72.3031, 20.0917, 92.3948
1872.23, 87, 0, 72.1206, 16.3392, 88.4598
1872.25, 66, 0, 71.9411, 12.9262, 84.8673
1872.28, 72, 0, 71.7993, 9.94823, 81.7475
1872.3, 85, 0, 71.677, 7.4484, 79.1253
1872.33, 73, 0, 71.5429, 5.42565, 76.9685
1872.35, 73, 0, 71.4168, 3.84587, 75.2626
1872.38, 84, 0, 71.2952, 2.65438, 73.9496
1872.4, 108, 0, 71.1535, 1.78717, 72.9407
1872.43, 72, 0, 70.9417, 1.18021, 72.1219
1872.45, 66, 0, 70.7301, 0.77659, 71.5067
1872.48, 56, 0, 70.5295, 0.530898, 71.0604
1872.5, 76, 0, 70.3591, 0.412029, 70.7711
1872.53, 58, 0, 70.1782, 0.404765, 70.583
1872.55, 49, 0, 70.0225, 0.51092, 70.5334
1872.58, 94, 0, 69.9098, 0.750281, 70.6601
1872.6, 78, 0, 69.7505, 1.16146, 70.9119
1872.62, 41, 0, 69.577, 1.80228, 71.3792
1872.65, 27, 0, 69.4642, 2.74899, 72.2132
1872.67, 68, 0, 69.4419, 4.09318, 73.5351
1872.7, 69, 0, 69.4306, 5.93572, 75.3663
1872.72, 62, 0, 69.4321, 8.37694, 77.809
1872.75, 44, 0, 69.4652, 11.5023, 80.9674
1872.77, 71, 0, 69.5722, 15.3645, 84.9367
1872.8, 70, 0, 69.7071, 19.9657, 89.6728
1872.82, 65, 0, 69.8813, 25.2395, 95.1209
1872.85, 58, 0, 70.1158, 31.0387, 101.154
1872.87, 90, 0, 70.4366, 37.132, 107.569
1872.9, 138, 0, 70.7925, 43.2134, 114.006
1872.92, 121, 0, 71.1005, 48.9229, 120.023
1872.95, 95, 0, 71.4065, 53.8805, 125.287
1872.97, 156, 0, 71.773, 57.7263, 129.499
1873, 176, 0, 72.0866, 60.1642, 132.251
1873.02, 168, 60.9996, 72.3127, 60.9996, 133.312
1873.05, 186, 0, 72.4693, 60.1642, 132.634
1873.07, 148, 0, 72.5193, 57.726, 130.245
1873.1, 105, 0, 72.5337, 53.8801, 126.414
1873.12, 66, 0, 72.591, 48.9223, 121.513
1873.15, 70, 0, 72.7593, 43.2122, 115.972
1873.17, 92, 0, 73.0196, 37.1303, 110.15
1873.2, 88, 0, 73.3161, 31.0365, 104.353
1873.22, 130, 0, 73.6454, 25.237, 98.8824
1873.25, 105, 0, 73.9124, 19.9628, 93.8752
1873.27, 95, 0, 74.1571, 15.3614, 89.5186
1873.3, 108, 0, 74.3909, 11.499, 85.8899
1873.32, 99, 0, 74.5805, 8.37349, 82.954
1873.35, 73, 0, 74.738, 5.93169, 80.6697
1873.37, 59, 0, 74.9108, 4.08764, 78.9985
1873.4, 53, 0, 75.1237, 2.74045, 77.8641
1873.42, 44, 0, 75.3862, 1.78762, 77.1738
1873.45, 53, 0, 75.7151, 1.13516, 76.8503
1873.47, 64, 0, 76.0917, 0.702891, 76.7946
1873.5, 102, 0, 76.4939, 0.426757, 76.9206
1873.52, 120, 0, 76.8459, 0.25865, 77.1046
1873.55, 89, 0, 77.1122, 0.16497, 77.2771
1873.57, 83, 0, 77.355, 0.124711, 77.4797
1873.6, 105, 0, 77.5867, 0.127749, 77.7145
1873.62, 116, 0, 77.7639, 0.173677, 77.9376
1873.65, 91, 0, 77.865, 0.271374, 78.1363
1873.67, 83, 0, 77.9403, 0.4392, 78.3795
1873.7, 71, 0, 78.0064, 0.705582, 78.712
1873.72, 80, 0, 78.0879, 1.10948, 79.1974
1873.75, 82, 0, 78.1678, 1.7002, 79.868
1873.77, 93, 0, 78.2434, 2.53597, 80.7794
1873.8, 96, 0, 78.2946, 3.68025, 81.9749
1873.82, 110, 0, 78.3178, 5.19584, 83.5136
1873.85, 100, 0, 78.288, 7.13595, 85.4239
1873.87, 89, 0, 78.229, 9.53395, 87.763
1873.9, 75, 0, 78.1676, 12.3912, 90.5587
1873.92, 139, 0, 78.1372, 15.6663, 93.8036
1873.95, 98, 0, 78.0165, 19.2682, 97.2847
1873.97, 79, 0, 77.8944, 23.0532, 100.948
1874, 70, 0, 77.8161, 26.8313, 104.647
1874.02, 74, 0, 77.8071, 30.3785, 108.186
1874.04, 114, 0, 77.8665, 33.4588, 111.325
1874.07, 132, 0, 77.9206, 35.8484, 113.769
1874.09, 134, 0, 77.9382, 37.3633, 115.301
1874.12, 136, 37.8823, 77.9184, 37.8823, 115.801
1874.14, 119, 0, 77.8582, 37.3632, 115.221
1874.17, 100, 0, 77.7905, 35.8483, 113.639
1874.19, 124, 0, 77.75, 33.4585, 111.209
1874.22, 115, 0, 77.6839, 30.3781, 108.062
1874.24, 74, 0, 77.604, 26.8306, 104.435
1874.27, 87, 0, 77.5849, 23.0522, 100.637
1874.29, 101, 0, 77.5931, 19.2669, 96.86
1874.32, 106, 0, 77.593, 15.6648, 93.2579
1874.34, 83, 0, 77.5675, 12.3897, 89.9571
1874.37, 79, 0, 77.5558, 9.53294, 87.0888
1874.39, 88, 0, 77.5604, 7.1358, 84.6962
1874.42, 100, 0, 77.5583, 5.1976, 82.7559
1874.44, 86, 0, 77.5217, 3.68579, 81.2075
1874.47, 69, 0, 77.4756, 2.54845, 80.024
1874.49, 76, 0, 77.4515, 1.7254, 79.1769
1874.52, 75, 0, 77.4338, 1.15732, 78.5911
1874.54, 86, 0, 77.4232, 0.792699, 78.2159
1874.57, 90, 0, 77.3971, 0.592452, 77.9895
1874.59, 100, 0, 77.3469, 0.53269, 77.8796
1874.62, 91, 0, 77.2525, 0.606163, 77.8587
1874.64, 91, 0, 77.1318, 0.822742, 77.9546
1874.67, 69, 0, 76.9851, 1.20907, 78.1941
1874.69, 64, 0, 76.8567, 1.80722, 78.6639
1874.72, 83, 0, 76.7577, 2.67194, 79.4296
1874.74, 88, 0, 76.6515, 3.866, 80.5175
1874.77, 116, 0, 76.5303, 5.45281, 81.9831
1874.79, 98, 0, 76.3411, 7.48719, 83.8283
1874.82, 89, 0, 76.1236, 10.0033, 86.1269
1874.84, 69, 0, 75.9003, 13.0022, 88.9025
1874.87, 93, 0, 75.7168, 16.4407, 92.1575
1874.89, 67, 0, 75.5317, 20.2225, 95.7542
1874.92, 115, 0, 75.404, 24.1972, 99.6012
1874.94, 124, 0, 75.2456, 28.1649, 103.41
1874.97, 104, 0, 75.0459, 31.8905, 106.936
1874.99, 94, 0, 74.8522, 35.1258, 109.978
1875.02, 120, 0, 74.6904, 37.6358, 112.326
1875.04, 142, 0, 74.5132, 39.2271, 113.74
1875.07, 119, 39.7724, 74.2796, 39.7724, 114.052
1875.09, 91, 0, 74.036, 39.2271, 113.263
1875.12, 96, 0, 73.837, 37.6358, 111.473
1875.14, 96, 0, 73.6689, 35.1256, 108.795
1875.17, 104, 0, 73.5264, 31.8902, 105.417
1875.19, 106, 0, 73.3867, 28.1644, 101.551
1875.22, 116, 0, 73.2382, 24.1963, 97.4345
1875.24, 75, 0, 73.0525, 20.2213, 93.2737
1875.27, 74, 0, 72.9033, 16.439, 89.3424
1875.29, 93, 0, 72.7849, 13.0004, 85.7852
1875.32, 117, 0, 72.652, 10.0013, 82.6532
1875.34, 94, 0, 72.4504, 7.48496, 79.9353
1875.37, 84, 0, 72.2207, 5.45017, 77.6708
1875.39, 88, 0, 71.9783, 3.86261, 75.8409
1875.42, 80, 0, 71.7116, 2.6673, 74.3789
1875.44, 74, 0, 71.4337, 1.8003, 73.234
1875.47, 60, 0, 71.1542, 1.19842, 72.3526
1875.49, 44, 0, 70.8994, 0.806316, 71.7057
1875.52, 47, 0, 70.7001, 0.581423, 71.2815
1875.54, 47, 0, 70.5493, 0.496987, 71.0463
1875.57, 57, 0, 70.4466, 0.543907, 70.9905
1875.59, 83, 0, 70.3719, 0.731917, 71.1038
1875.61, 67, 0, 70.2734, 1.09028, 71.3637
1875.64, 77, 0, 70.1836, 1.66783, 71.8514
1875.66, 94, 0, 70.0835, 2.53192, 72.6154
1875.69, 76, 0, 69.9407, 3.76521, 73.7059
1875.71, 91, 0, 69.7932, 5.45982, 75.2531
1875.74, 67, 0, 69.6143, 7.70779, 77.3221
1875.76, 59, 0, 69.456, 10.5879, 80.0439
1875.79, 92, 0, 69.3398, 14.1493, 83.4891
1875.81, 93, 0, 69.2066, 18.3944, 87.601
1875.84, 114, 0, 69.0626, 23.2619, 92.3245
1875.86, 107, 0, 68.8752, 28.6161, 97.4913
1875.89, 105, 0, 68.6689, 34.2438, 102.913
1875.91, 124, 0, 68.4583, 39.8619, 108.32
1875.94, 136, 0, 68.2164, 45.1378, 113.354
1875.96, 99, 0, 67.9292, 49.7193, 117.649
1875.99, 102, 0, 67.6793, 53.2741, 120.953
1876.01, 120, 0, 67.4673, 55.5278, 122.995
1876.04, 127, 56.3, 67.2613, 56.3, 123.561
1876.06, 115, 0, 67.0484, 55.5278, 122.576
1876.09, 92, 0, 66.8506, 53.274, 120.125
1876.11, 110, 0, 66.7091, 49.7192, 116.428
1876.14, 133, 0, 66.5805, 45.1372, 111.718
1876.16, 108, 0, 66.4093, 39.861, 106.27
1876.19, 76, 0, 66.2346, 34.2424, 100.477
1876.21, 88, 0, 66.1089, 28.6143, 94.7232
1876.24, 111, 0, 65.9967, 23.2598, 89.2564
1876.26, 128, 0, 65.8409, 18.3919, 84.2328
1876.29, 91, 0, 65.5976, 14.1466, 79.7443
1876.31, 76, 0, 65.3319, 10.585, 75.9169
1876.34, 65, 0, 65.0659, 7.70491, 72.7708
1876.36, 89, 0, 64.8155, 5.45704, 70.2725
1876.39, 71, 0, 64.5276, 3.76286, 68.2905
1876.41, 82, 0, 64.2343, 2.53096, 66.7653
1876.44, 80, 0, 63.9106, 1.671, 65.5816
1876.46, 72, 0, 63.558, 1.10431, 64.6623
1876.49, 48, 0, 63.1907, 0.772096, 63.9628
1876.51, 68, 0, 62.8554, 0.642487, 63.4978
1876.54, 79, 0, 62.511, 0.718231, 63.2292
1876.56, 75, 0, 62.1351, 1.04703, 63.1821
1876.59, 94, 0, 61.7356, 1.73627, 63.4719
1876.61, 108, 0, 61.275, 2.97321, 64.2482
1876.64, 97, 0, 60.7269, 5.05128, 65.7782
1876.66, 97, 0, 60.1164, 8.39921, 68.5156
1876.69, 70, 0, 59.4489, 13.6112, 73.0601
1876.71, 64, 0, 58.7875, 21.469, 80.2565
1876.74, 63, 0, 58.1586, 32.9459, 91.1046
1876.76, 81, 0, 57.586, 49.1822, 106.768
1876.79, 82, 0, 57.0649, 71.4212, 128.486
1876.81, 89, 0, 56.6367, 100.891, 157.528
1876.84, 155, 0, 56.3456, 138.635, 194.981
1876.86, 191, 0, 56.1345, 185.31, 241.444
1876.89, 195, 0, 56.0242, 240.945, 296.969
1876.91, 269, 0, 56.1179, 304.747, 360.865
1876.94, 383, 0, 56.3954, 374.941, 431.336
1876.96, 497, 0, 56.7695, 448.734, 505.504
1876.99, 581, 0, 57.1606, 522.415, 579.576
1877.01, 681, 0, 57.5488, 591.631, 649.18
1877.04, 693, 0, 57.8735, 651.772, 709.645
1877.06, 836, 0, 58.2314, 698.493, 756.724
1877.09, 869, 0, 58.4307, 728.222, 786.653
1877.11, 859, 737.933, 58.4654, 738.627, 797.093
1877.14, 831, 0, 58.3762, 728.931, 787.307
1877.16, 805, 0, 58.1997, 700.025, 758.225
1877.19, 751, 0, 57.9296, 654.356, 712.286
1877.21, 668, 0, 57.5821, 595.615, 653.197
1877.24, 512, 0, 57.205, 528.272, 585.477
1877.26, 388, 0, 56.9748, 457.045, 514.02
1877.29, 305, 0, 56.9967, 386.382, 443.379
1877.31, 290, 0, 57.2953, 320.056, 377.352
1877.34, 314, 0, 57.7686, 260.861, 318.63
1877.36, 295, 0, 58.2512, 210.51, 268.761
1877.39, 239, 0, 58.6814, 169.655, 228.336
1877.41, 197, 0, 59.0901, 138.032, 197.122
1877.44, 207, 0, 59.4992, 114.683, 174.182
1877.46, 145, 0, 59.8426, 98.207, 158.05
1877.48, 137, 0, 60.2121, 87.0083, 147.22
1877.51, 131, 0, 60.602, 79.5056, 140.108
1877.53, 149, 0, 61.0102, 74.3, 135.31
1877.56, 160, 61.1223, 61.3909, 70.2904, 131.681
1877.58, 158, 0, 61.7151, 66.7364, 128.451
1877.61, 129, 0, 61.9801, 63.2826, 125.263
1877.63, 103, 0, 62.2377, 59.9508, 122.189
1877.66, 111, 0, 62.5336, 57.1096, 119.643
1877.68, 113, 0, 62.8468, 55.4318, 118.279
1877.71, 136, 0, 63.1706, 55.843, 119.014
1877.73, 159, 0, 63.4604, 59.4626, 122.923
1877.76, 134, 0, 63.6781, 67.5311, 131.209
1877.78, 127, 0, 63.8902, 81.3223, 145.212
1877.81, 142, 0, 64.1387, 102.024, 166.163
1877.83, 141, 0, 64.4355, 130.595, 195.03
1877.86, 206, 0, 64.8404, 167.59, 232.431
1877.88, 295, 0, 65.2981, 212.987, 278.285
1877.91, 364, 0, 65.7224, 266.009, 331.731
1877.93, 364, 0, 66.0822, 325.031, 391.113
1877.96, 498, 0, 66.4962, 387.543, 454.039
1877.98, 542, 0, 66.8223, 450.258, 517.08
1878.01, 582, 0, 67.0986, 509.339, 576.438
1878.03, 727, 0, 67.3637, 560.75, 628.113
1878.06, 717, 0, 67.431, 600.684, 668.115
1878.08, 656, 0, 67.4006, 626.008, 693.409
1878.11, 716, 634.584, 67.445, 634.66, 702.105
1878.13, 727, 0, 67.4616, 625.911, 693.373
1878.16, 678, 0, 67.411, 600.46, 667.871
1878.18, 605, 0, 67.34, 560.341, 627.681
1878.21, 503, 0, 67.3145, 508.644, 575.959
1878.23, 452, 0, 67.4349, 449.123, 516.558
1878.26, 440, 0, 67.6844, 385.751, 453.435
1878.28, 393, 0, 67.9607, 322.283, 390.244
1878.31, 277, 0, 68.2316, 261.914, 330.146
1878.33, 204, 0, 68.6087, 207.045, 275.654
1878.36, 184, 0, 69.1292, 159.208, 228.337
1878.38, 180, 0, 69.7383, 119.083, 188.822
1878.41, 141, 0, 70.365, 86.6428, 157.008
1878.43, 160, 0, 71.0238, 61.3229, 132.347
1878.46, 102, 0, 71.6273, 42.2245, 113.852
1878.48, 91, 0, 72.2545, 28.2938, 100.548
1878.51, 111, 0, 72.9007, 18.4677, 91.3684
1878.53, 125, 0, 73.5078, 11.7767, 85.2844
1878.56, 138, 0, 74.0353, 7.40281, 81.4381
1878.58, 136, 0, 74.4498, 4.70779, 79.1576
1878.61, 73, 0, 74.7506, 3.23448, 77.985
1878.63, 91, 0, 75.0613, 2.69721, 77.7585
1878.66, 115, 0, 75.3456, 2.96749, 78.313
1878.68, 105, 0, 75.5564, 4.06051, 79.6169
1878.71, 96, 0, 75.7166, 6.12453, 81.8411
1878.73, 69, 0, 75.8484, 9.43143, 85.2798
1878.76, 87, 0, 76.0127, 14.3645, 90.3772
1878.78, 122, 0, 76.1838, 21.3975, 97.5813
1878.81, 112, 0, 76.3061, 31.0598, 107.366
1878.83, 134, 0, 76.4191, 43.8801, 120.299
1878.86, 162, 0, 76.5047, 60.3109, 136.816
1878.88, 159, 0, 76.54, 80.6383, 157.178
1878.91, 168, 0, 76.5715, 104.877, 181.449
1878.93, 241, 0, 76.63, 132.682, 209.312
1878.96, 233, 0, 76.6252, 163.277, 239.902
1878.98, 224, 0, 76.6341, 195.446, 272.08
1879.01, 202, 0, 76.7392, 227.569, 304.308
1879.03, 279, 0, 77.0488, 257.741, 334.79
1879.06, 383, 0, 77.4701, 283.948, 361.419
1879.08, 414, 0, 77.8482, 304.284, 382.132
1879.11, 447, 0, 78.1626, 317.179, 395.341
1879.13, 472, 321.597, 78.3737, 321.597, 399.971
1879.16, 411, 0, 78.4407, 317.179, 395.62
1879.18, 419, 0, 78.4769, 304.285, 382.762
1879.21, 326, 0, 78.4407, 283.947, 362.388
1879.23, 313, 0, 78.4772, 257.739, 336.216
1879.26, 289, 0, 78.5602, 227.565, 306.126
1879.28, 281, 0, 78.6774, 195.44, 274.117
1879.31, 189, 0, 78.7809, 163.268, 242.049
1879.33, 197, 0, 78.9905, 132.671, 211.661
1879.36, 201, 0, 79.2293, 104.865, 184.095
1879.38, 170, 0, 79.4344, 80.6264, 160.061
1879.41, 111, 0, 79.6196, 60.3, 139.92
1879.43, 106, 0, 79.8626, 43.872, 123.735
1879.46, 92, 0, 80.1411, 31.0587, 111.2
1879.48, 104, 0, 80.458, 21.4068, 101.865
1879.51, 106, 0, 80.7707, 14.3888, 95.1594
1879.53, 147, 0, 81.0616, 9.47732, 90.5389
1879.56, 125, 0, 81.2396, 6.19761, 87.4372
1879.58, 103, 0, 81.3425, 4.16131, 85.5038
1879.61, 102, 0, 81.4104, 3.08191, 84.4923
1879.63, 83, 0, 81.4433, 2.77775, 84.2211
1879.66, 135, 0, 81.4787, 3.1676, 84.6463
1879.68, 116, 0, 81.4133, 4.2614, 85.6747
1879.71, 94, 0, 81.2873, 6.1476, 87.4349
1879.73, 124, 0, 81.1481, 8.97623, 90.1243
1879.76, 88, 0, 80.9412, 12.9378, 93.879
1879.78, 102, 0, 80.7461, 18.2342, 98.9802
1879.81, 109, 0, 80.5449, 25.0434, 105.588
1879.83, 102, 0, 80.3369, 33.4786, 113.816
1879.85, 114, 0, 80.1525, 43.5426, 123.695
1879.88, 90, 0, 79.9875, 55.0907, 135.078
1879.9, 116, 0, 79.9127, 67.8005, 147.713
1879.93, 150, 0, 79.9013, 81.1654, 161.067
1879.95, 153, 0, 79.912, 94.5123, 174.424
1879.98, 163, 0, 79.9656, 107.05, 187.015
1880, 228, 0, 80.0672, 117.94, 198.008
1880.03, 223, 0, 80.1088, 126.391, 206.5
1880.05, 223, 0, 80.1174, 131.75, 211.867
1880.08, 221, 133.586, 80.1038, 133.586, 213.69
1880.1, 235, 0, 80.0755, 131.75, 211.825
1880.13, 237, 0, 80.0009, 126.391, 206.392
1880.15, 210, 0, 79.8651, 117.94, 197.805
1880.18, 182, 0, 79.7049, 107.048, 186.753
1880.2, 168, 0, 79.5542, 94.5102, 174.064
1880.23, 123, 0, 79.4156, 81.1619, 160.577
1880.25, 134, 0, 79.3521, 67.7958, 147.148
1880.28, 116, 0, 79.315, 55.084, 134.399
1880.3, 125, 0, 79.3147, 43.5341, 122.849
1880.33, 88, 0, 79.31, 33.4661, 112.776
1880.35, 117, 0, 79.355, 25.024, 104.379
1880.38, 103, 0, 79.3746, 18.2005, 97.5751
1880.4, 116, 0, 79.3835, 12.8761, 92.2596
1880.43, 85, 0, 79.3448, 8.86063, 88.2054
1880.45, 76, 0, 79.3126, 5.93078, 85.2433
1880.48, 88, 0, 79.2988, 3.86137, 83.1602
1880.5, 83, 0, 79.2754, 2.44534, 81.7207
1880.53, 66, 0, 79.2494, 1.5063, 80.7557
1880.55, 71, 0, 79.2529, 0.902522, 80.1554
1880.58, 51, 0, 79.2747, 0.525993, 79.8007
1880.6, 60, 0, 79.3541, 0.298172, 79.6523
1880.63, 60, 0, 79.4728, 0.164413, 79.6373
1880.65, 62, 0, 79.6309, 0.0881804, 79.719
1880.68, 91, 0, 79.8243, 0.0460024, 79.8703
1880.7, 94, 0, 79.9955, 0.0233434, 80.0188
1880.73, 79, 0, 80.1387, 0.0115215, 80.1502
1880.75, 82, 0, 80.2842, 0.00553143, 80.2898
1880.78, 76, 0, 80.4263, 0.00258302, 80.4289
1880.8, 78, 0, 80.5773, 0.00117325, 80.5785
1880.83, 92, 0, 80.7334, 0.000518354, 80.7339
1880.85, 69, 0, 80.867, 0.000222759, 80.8672
1880.88, 84, 0, 81.0243, 9.31145e-05, 81.0244
1880.9, 65, 0, 81.1757, 3.78592e-05, 81.1757
1880.93, 84, 0, 81.3594, 1.49721e-05, 81.3594
1880.95, 129, 0, 81.5378, 5.75926e-06, 81.5378
1880.98, 99, 0, 81.6213, 2.15487e-06, 81.6213
1881, 67, 0, 81.6701, 7.8424e-07, 81.6701
1881.03, 78, 0, 81.7482, 2.77618e-07, 81.7482
1881.05, 133, 0, 81.8338, 9.55873e-08, 81.8338
1881.08, 104, 0, 81.817, 3.20142e-08, 81.817
1881.1, 103, 0, 81.7559, 1.04289e-08, 81.7559
1881.13, 98, 0, 81.6523, 3.30448e-09, 81.6523
1881.15, 56, 0, 81.516, 1.01845e-09, 81.516
1881.18, 84, 0, 81.4308, 3.05314e-10, 81.4308
1881.2, 91, 0, 81.3404, 8.90234e-11, 81.3404
1881.23, 87, 0, 81.2307, 2.52495e-11, 81.2307
1881.25, 81, 0, 81.1094, 6.96547e-12, 81.1094
1881.28, 93, 0, 80.9884, 1.86904e-12, 80.9884
1881.3, 92, 0, 80.8433, 4.87816e-13, 80.8433
1881.33, 99, 0, 80.676, 1.23834e-13, 80.676
1881.35, 104, 0, 80.4719, 3.05785e-14, 80.4719
1881.38, 88, 0, 80.2209, 7.34409e-15, 80.2209
1881.4, 63, 0, 79.9542, 1.71575e-15, 79.9542
1881.43, 66, 0, 79.7215, 3.89866e-16, 79.7215
1881.45, 53, 0, 79.5162, 8.61678e-17, 79.5162
1881.48, 48, 0, 79.364, 1.85232e-17, 79.364
1881.5, 71, 0, 79.2744, 3.87333e-18, 79.2744
1881.53, 65, 0, 79.2015, 7.87757e-19, 79.2015
1881.55, 76, 0, 79.1569, 1.55836e-19, 79.1569
1881.58, 55, 0, 79.1186, 2.99876e-20, 79.1186
1881.6, 43, 0, 79.1286, 5.61211e-21, 79.1286
1881.63, 40, 0, 79.2109, 1.02166e-21, 79.2109
1881.65, 40, 0, 79.3715, 1.80907e-22, 79.3715
1881.68, 80, 0, 79.6109, 3.1156e-23, 79.6109
1881.7, 85, 0, 79.8496, 5.21909e-24, 79.8496
1881.73, 68, 0, 80.0779, 8.50385e-25, 80.0779
1881.75, 67, 0, 80.3304, 1.34773e-25, 80.3304
1881.78, 65, 0, 80.6095, 2.07758e-26, 80.6095
1881.8, 68, 0, 80.9199, 3.11515e-27, 80.9199
1881.83, 90, 0, 81.2561, 4.54291e-28, 81.2561
1881.85, 50, 0, 81.5748, 6.444e-29, 81.5748
1881.88, 81, 0, 81.9566, 8.89085e-30, 81.9566
1881.9, 109, 0, 82.3404, 1.19316e-30, 82.3404
1881.93, 100, 0, 82.6709, 1.55746e-31, 82.6709
1881.95, 71, 0, 82.9667, 1.97744e-32, 82.9667
1881.98, 77, 0, 83.2864, 2.44185e-33, 83.2864
1882, 69, 0, 83.6187, 2.93291e-34, 83.6187
1882.03, 125, 0, 83.9802, 3.42661e-35, 83.9802
1882.05, 104, 0, 84.2597, 3.90893e-36, 84.2597
1882.08, 114, 0, 84.4997, 5.72703e-37, 84.4997
1882.1, 95, 0, 84.6808, 1.33573e-36, 84.6808
1882.13, 101, 0, 84.8411, 1.13657e-35, 84.8411
1882.15, 58, 0, 84.9692, 9.73679e-35, 84.9692
1882.18, 92, 0, 85.1512, 8.11673e-34, 85.1512
1882.2, 112, 0, 85.3195, 6.58131e-33, 85.3195
1882.23, 123, 0, 85.4345, 5.19049e-32, 85.4345
1882.25, 79, 0, 85.4743, 3.98202e-31, 85.4743
1882.28, 69, 0, 85.527, 2.97117e-30, 85.527
1882.3, 68, 0, 85.6128, 2.1565e-29, 85.6128
1882.33, 53, 0, 85.7339, 1.52242e-28, 85.7339
1882.35, 75, 0, 85.9204, 1.0454e-27, 85.9204
1882.38, 132, 0, 86.1287, 6.98226e-27, 86.1287
1882.4, 116, 0, 86.2453, 4.53632e-26, 86.2453
1882.43, 102, 0, 86.3024, 2.86643e-25, 86.3024
1882.45, 108, 0, 86.3281, 1.76187e-24, 86.3281
1882.48, 129, 0, 86.3105, 1.05334e-23, 86.3105
1882.5, 95, 0, 86.2075, 6.12529e-23, 86.2075
1882.53, 84, 0, 86.0869, 3.46454e-22, 86.0869
1882.55, 84, 0, 85.9704, 1.90615e-21, 85.9704
1882.58, 62, 0, 85.8579, 1.02e-20, 85.8579
1882.6, 62, 0, 85.7932, 5.30928e-20, 85.7932
1882.63, 65, 0, 85.776, 2.68802e-19, 85.776
1882.65, 66, 0, 85.8003, 1.3237e-18, 85.8003
1882.68, 80, 0, 85.8643, 6.34027e-18, 85.8643
1882.7, 87, 0, 85.94, 2.95402e-17, 85.94
1882.73, 79, 0, 86.0136, 1.33861e-16, 86.0136
1882.75, 80, 0, 86.1012, 5.90041e-16, 86.1012
1882.78, 74, 0, 86.201, 2.52971e-15, 86.201
1882.8, 77, 0, 86.3252, 1.05492e-14, 86.3252
1882.83, 76, 0, 86.468, 4.27886e-14, 86.468
1882.85, 77, 0, 86.6318, 1.68809e-13, 86.6318
1882.88, 82, 0, 86.8149, 6.47813e-13, 86.8149
1882.9, 108, 0, 87.0076, 2.41803e-12, 87.0076
1882.93, 101, 0, 87.1583, 8.77876e-12, 87.1583
1882.95, 99, 0, 87.2813, 3.10002e-11, 87.2813
1882.98, 121, 0, 87.3808, 1.06477e-10, 87.3808
1883, 137, 0, 87.4132, 3.55717e-10, 87.4132
1883.03, 109, 0, 87.3464, 1.15594e-09, 87.3464
1883.05, 94, 0, 87.2362, 3.65361e-09, 87.2362
1883.08, 100, 0, 87.1125, 1.12323e-08, 87.1125
1883.1, 61, 0, 86.9631, 3.35871e-08, 86.9631
1883.13, 99, 0, 86.8656, 9.76868e-08, 86.8656
1883.15, 83, 0, 86.7438, 2.76349e-07, 86.7438
1883.18, 68, 0, 86.6295, 7.60423e-07, 86.6295
1883.2, 95, 0, 86.5525, 2.03521e-06, 86.5525
1883.23, 91, 0, 86.4585, 5.29793e-06, 86.4585
1883.25, 64, 0, 86.3555, 1.34151e-05, 86.3555
1883.28, 69, 0, 86.2972, 3.30385e-05, 86.2972
1883.3, 116, 0, 86.2735, 7.91417e-05, 86.2736
1883.33, 139, 0, 86.1903, 0.0001844, 86.1905
1883.35, 106, 0, 86.0015, 0.00041789, 86.0019
1883.38, 84, 0, 85.7727, 0.000921153, 85.7737
1883.4, 78, 0, 85.5475, 0.00197496, 85.5495
1883.43, 55, 0, 85.3374, 0.00411865, 85.3415
1883.45, 79, 0, 85.1879, 0.008354, 85.1963
1883.48, 91, 0, 85.0509, 0.0164817, 85.0673
1883.5, 80, 0, 84.9019, 0.0316267, 84.9336
1883.53, 78, 0, 84.7629, 0.0590301, 84.8219
1883.55, 79, 0, 84.6375, 0.107164, 84.7446
1883.58, 86, 0, 84.5235, 0.189229, 84.7128
1883.6, 80, 0, 84.407, 0.324993, 84.732
1883.63, 71, 0, 84.3, 0.542893, 84.8429
1883.65, 54, 0, 84.2207, 0.882103, 85.1028
1883.68, 113, 0, 84.2035, 1.39405, 85.5976
1883.7, 118, 0, 84.1316, 2.14285, 86.2744
1883.73, 104, 0, 83.9962, 3.20377, 87.1999
1883.75, 77, 0, 83.8272, 4.65897, 88.4861
1883.78, 68, 0, 83.6811, 6.58973, 90.2709
1883.8, 106, 0, 83.5797, 9.06577, 92.6454
1883.83, 111, 0, 83.4515, 12.131, 95.5824
1883.85, 135, 0, 83.2924, 15.7885, 99.0809
1883.87, 90, 0, 83.0616, 19.9865, 103.048
1883.9, 65, 0, 82.8568, 24.6087, 107.466
1883.92, 63, 0, 82.737, 29.4712, 112.208
1883.95, 75, 0, 82.7155, 34.3288, 117.044
1883.97, 103, 0, 82.7782, 38.893, 121.671
1884, 169, 0, 82.8782, 42.8586, 125.737
1884.02, 178, 0, 82.8917, 45.9364, 128.828
1884.05, 132, 0, 82.8068, 47.8882, 130.695
1884.07, 132, 48.5571, 82.7193, 48.5571, 131.276
1884.1, 121, 0, 82.6304, 47.8882, 130.519
1884.12, 146, 0, 82.5605, 45.9364, 128.497
1884.15, 155, 0, 82.4557, 42.8585, 125.314
1884.17, 136, 0, 82.2914, 38.8925, 121.184
1884.2, 116, 0, 82.0975, 34.328, 116.426
1884.22, 87, 0, 81.9045, 29.47, 111.374
1884.25, 75, 0, 81.7602, 24.6074, 106.368
1884.27, 73, 0, 81.6786, 19.9848, 101.663
1884.3, 84, 0, 81.6544, 15.7865, 97.4409
1884.32, 111, 0, 81.657, 12.1291, 93.7861
1884.35, 100, 0, 81.6252, 9.06419, 90.6894
1884.37, 66, 0, 81.5749, 6.58908, 88.1639
1884.4, 66, 0, 81.5688, 4.65994, 86.2287
1884.42, 72, 0, 81.6032, 3.20796, 84.8111
1884.45, 78, 0, 81.6632, 2.15294, 83.8161
1884.47, 94, 0, 81.7348, 1.41492, 83.1497
1884.5, 79, 0, 81.7848, 0.922218, 82.707
1884.52, 85, 0, 81.8421, 0.616588, 82.4587
1884.55, 68, 0, 81.8944, 0.455763, 82.3501
1884.57, 82, 0, 81.9754, 0.414312, 82.3897
1884.6, 88, 0, 82.0571, 0.483547, 82.5407
1884.62, 103, 0, 82.1279, 0.67092, 82.7989
1884.65, 97, 0, 82.1584, 0.998973, 83.1573
1884.67, 97, 0, 82.1611, 1.50384, 83.665
1884.7, 96, 0, 82.1372, 2.23258, 84.3698
1884.72, 101, 0, 82.09, 3.23925, 85.3293
1884.75, 89, 0, 82.0115, 4.57866, 86.5901
1884.77, 94, 0, 81.9281, 6.29827, 88.2264
1884.8, 102, 0, 81.8332, 8.42826, 90.2615
1884.82, 130, 0, 81.7149, 10.9705, 92.6853
1884.85, 87, 0, 81.5219, 13.8891, 95.4109
1884.87, 101, 0, 81.3457, 17.103, 98.4487
1884.9, 76, 0, 81.1644, 20.4841, 101.649
1884.92, 70, 0, 81.0344, 23.8622, 104.897
1884.95, 79, 0, 80.9742, 27.0366, 108.011
1884.97, 110, 0, 80.9721, 29.7948, 110.767
1885, 154, 0, 80.9714, 31.9355, 112.907
1885.02, 129, 0, 80.8886, 33.2932, 114.182
1885.05, 110, 33.7584, 80.7762, 33.7584, 114.535
1885.07, 110, 0, 80.6728, 33.2931, 113.966
1885.1, 137, 0, 80.5773, 31.9355, 112.513
1885.12, 125, 0, 80.4329, 29.7946, 110.227
1885.15, 95, 0, 80.2589, 27.0362, 107.295
1885.17, 81, 0, 80.1095, 23.8616, 103.971
1885.2, 96, 0, 80.0061, 20.4832, 100.489
1885.22, 83, 0, 79.9116, 17.1017, 97.0134
1885.25, 110, 0, 79.8452, 13.8876, 93.7328
1885.27, 96, 0, 79.7462, 10.9687, 90.715
1885.3, 98, 0, 79.6367, 8.42616, 88.0628
1885.32, 84, 0, 79.5073, 6.29581, 85.8031
1885.35, 68, 0, 79.3814, 4.57523, 83.9567
1885.37, 64, 0, 79.2875, 3.23379, 82.5213
1885.4, 38, 0, 79.2307, 2.22311, 81.4538
1885.42, 47, 0, 79.2607, 1.48646, 80.7472
1885.45, 53, 0, 79.3583, 0.966678, 80.325
1885.47, 52, 0, 79.5105, 0.61144, 80.1219
1885.5, 85, 0, 79.7189, 0.376156, 80.0951
1885.52, 68, 0, 79.9176, 0.225075, 80.1426
1885.55, 60, 0, 80.1405, 0.130984, 80.2715
1885.57, 69, 0, 80.4039, 0.0741415, 80.4781
1885.6, 100, 0, 80.6904, 0.0408166, 80.7312
1885.62, 106, 0, 80.9382, 0.0218552, 80.9601
1885.65, 81, 0, 81.136, 0.0113819, 81.1474
1885.67, 84, 0, 81.3341, 0.00576523, 81.3399
1885.7, 82, 0, 81.5269, 0.00284028, 81.5297
1885.72, 90, 0, 81.7187, 0.00136092, 81.7201
1885.75, 105, 0, 81.894, 0.000634252, 81.8946
1885.77, 68, 0, 82.0231, 0.000287487, 82.0234
1885.8, 102, 0, 82.1802, 0.00012674, 82.1803
1885.82, 92, 0, 82.2976, 5.43441e-05, 82.2977
1885.85, 100, 0, 82.3957, 2.26629e-05, 82.3957
1885.87, 109, 0, 82.4586, 9.19255e-06, 82.4586
1885.9, 112, 0, 82.4683, 3.62644e-06, 82.4683
1885.92, 106, 0, 82.4191, 1.39145e-06, 82.4191
1885.95, 105, 0, 82.3226, 5.19302e-07, 82.3226
1885.97, 92, 0, 82.1808, 1.88603e-07, 82.1808
1886, 57, 0, 82.0193, 6.69647e-08, 82.0193
1886.02, 78, 0, 81.9079, 2.42402e-08, 81.9079
1886.05, 77, 0, 81.8044, 1.2045e-08, 81.8044
1886.07, 94, 0, 81.7104, 1.60783e-08, 81.7104
1886.1, 90, 0, 81.5918, 4.15224e-08, 81.5918
1886.12, 82, 0, 81.4564, 1.18933e-07, 81.4564
1886.15, 113, 0, 81.32, 3.36402e-07, 81.32
1886.17, 70, 0, 81.1201, 9.26992e-07, 81.1201
1886.2, 55, 0, 80.9426, 2.48488e-06, 80.9426
1886.22, 69, 0, 80.8169, 6.47836e-06, 80.8169
1886.25, 73, 0, 80.7148, 1.64278e-05, 80.7148
1886.27, 102, 0, 80.6282, 4.05181e-05, 80.6282
1886.3, 88, 0, 80.4988, 9.71943e-05, 80.4989
1886.32, 75, 0, 80.3544, 0.000226762, 80.3546
1886.35, 69, 0, 80.2207, 0.000514579, 80.2212
1886.37, 85, 0, 80.1095, 0.00113572, 80.1106
1886.4, 54, 0, 79.9885, 0.00243796, 79.9909
1886.42, 77, 0, 79.9195, 0.00509003, 79.9246
1886.45, 69, 0, 79.8563, 0.010336, 79.8666
1886.47, 118, 0, 79.8148, 0.0204141, 79.8353
1886.5, 87, 0, 79.6971, 0.0392134, 79.7363
1886.52, 94, 0, 79.5648, 0.0732634, 79.638
1886.55, 78, 0, 79.4037, 0.13313, 79.5369
1886.57, 84, 0, 79.2458, 0.235288, 79.4811
1886.6, 87, 0, 79.0788, 0.404456, 79.4833
1886.62, 85, 0, 78.8968, 0.676189, 79.573
1886.65, 61, 0, 78.7039, 1.09954, 79.8034
1886.67, 80, 0, 78.5486, 1.73895, 80.2876
1886.7, 53, 0, 78.3939, 2.67484, 81.0688
1886.72, 79, 0, 78.2954, 4.00171, 82.2971
1886.75, 96, 0, 78.2034, 5.82275, 84.0262
1886.77, 79, 0, 78.0875, 8.24036, 86.3279
1886.8, 94, 0, 77.9862, 11.3424, 89.3286
1886.82, 113, 0, 77.8757, 15.1844, 93.06
1886.85, 106, 0, 77.7252, 19.7708, 97.496
1886.87, 104, 0, 77.5577, 25.0372, 102.595
1886.9, 103, 0, 77.3874, 30.8377, 108.225
1886.92, 96, 0, 77.2275, 36.9416, 114.169
1886.95, 108, 0, 77.104, 43.0407, 120.145
1886.97, 107, 0, 77.0048, 48.773, 125.778
1887, 122, 0, 76.9432, 53.7543, 130.698
1887.02, 178, 0, 76.8989, 57.621, 134.52
1887.05, 172, 0, 76.7677, 60.0735, 136.841
1887.07, 148, 60.9136, 76.5661, 60.9142, 137.48
1887.1, 109, 0, 76.3435, 60.0745, 136.418
1887.12, 137, 0, 76.1758, 57.6237, 133.799
1887.15, 133, 0, 76.0016, 53.7598, 129.761
1887.17, 113, 0, 75.821, 48.7835, 124.605
1887.2, 88, 0, 75.6636, 43.0612, 118.725
1887.22, 98, 0, 75.5676, 36.9802, 112.548
1887.25, 91, 0, 75.5008, 30.9087, 106.409
1887.27, 130, 0, 75.4647, 25.1637, 100.628
1887.3, 125, 0, 75.3699, 19.9897, 95.3596
1887.32, 105, 0, 75.2158, 15.5521, 90.768
1887.35, 80, 0, 75.0333, 11.9424, 86.9757
1887.37, 85, 0, 74.8647, 9.19118, 84.0559
1887.4, 74, 0, 74.6942, 7.28723, 81.9814
1887.42, 66, 0, 74.5397, 6.19446, 80.7342
1887.45, 46, 0, 74.4147, 5.8672, 80.2818
1887.47, 46, 0, 74.3582, 6.25844, 80.6166
1887.5, 70, 0, 74.3709, 7.3219, 81.6928
1887.52, 95, 0, 74.4071, 9.00779, 83.4148
1887.55, 84, 0, 74.42, 11.2541, 85.6741
1887.57, 78, 0, 74.4363, 13.9765, 88.4128
1887.6, 93, 0, 74.4735, 17.0594, 91.5329
1887.62, 81, 0, 74.5077, 20.3512, 94.8589
1887.65, 129, 0, 74.5696, 23.6667, 98.2363
1887.67, 100, 0, 74.57, 26.796, 101.366
1887.7, 101, 0, 74.5731, 29.5217, 104.095
1887.72, 141, 0, 74.5824, 31.64, 106.222
1887.75, 109, 0, 74.5222, 32.9842, 107.506
1887.77, 98, 33.4434, 74.459, 33.4446, 107.904
1887.8, 80, 0, 74.4156, 32.9824, 107.398
1887.82, 102, 0, 74.4269, 31.6352, 106.062
1887.85, 129, 0, 74.4464, 29.5114, 103.958
1887.87, 105, 0, 74.4158, 26.7754, 101.191
1887.9, 75, 0, 74.3776, 23.6271, 98.0048
1887.92, 83, 0, 74.3855, 20.2774, 94.6629
1887.95, 88, 0, 74.4166, 16.9256, 91.3422
1887.97, 114, 0, 74.4544, 13.7404, 88.1949
1888, 84, 0, 74.4406, 10.8488, 85.2894
1888.02, 89, 0, 74.4294, 8.33086, 82.7603
1888.05, 83, 0, 74.4057, 6.22191, 80.6276
1888.07, 71, 0, 74.3773, 4.51945, 78.8967
1888.1, 56, 0, 74.3646, 3.19283, 77.5575
1888.12, 61, 0, 74.3951, 2.19376, 76.5889
1888.15, 91, 0, 74.4568, 1.46608, 75.9228
1888.17, 101, 0, 74.4883, 0.953031, 75.4413
1888.2, 57, 0, 74.4686, 0.602853, 75.0715
1888.22, 73, 0, 74.4852, 0.371567, 74.8567
1888.25, 87, 0, 74.5054, 0.224155, 74.7295
1888.27, 67, 0, 74.5011, 0.134394, 74.6355
1888.3, 74, 0, 74.512, 0.0840067, 74.5961
1888.32, 54, 0, 74.5242, 0.0615806, 74.5858
1888.35, 79, 0, 74.5775, 0.0616823, 74.6392
1888.37, 83, 0, 74.6221, 0.0843454, 74.7065
1888.4, 69, 0, 74.6502, 0.135081, 74.7852
1888.42, 66, 0, 74.6897, 0.225397, 74.9151
1888.45, 69, 0, 74.7472, 0.373702, 75.1209
1888.47, 40, 0, 74.8168, 0.606411, 75.4232
1888.5, 72, 0, 74.9573, 0.958782, 75.9161
1888.52, 81, 0, 75.1057, 1.4751, 76.5808
1888.55, 57, 0, 75.2452, 2.20756, 77.4527
1888.57, 65, 0, 75.4256, 3.2133, 78.6389
1888.6, 62, 0, 75.6333, 4.54896, 80.1822
1888.62, 83, 0, 75.8773, 6.26331, 82.1406
1888.65, 61, 0, 76.1197, 8.38723, 84.5069
1888.67, 51, 0, 76.409, 10.9234, 87.3324
1888.7, 73, 0, 76.771, 13.8362, 90.6072
1888.72, 114, 0, 77.1682, 17.0452, 94.2135
1888.75, 133, 0, 77.5259, 20.4225, 97.9484
1888.77, 109, 0, 77.8134, 23.7979, 101.611
1888.8, 112, 0, 78.0862, 26.9707, 105.057
1888.82, 145, 0, 78.3451, 29.728, 108.073
1888.85, 106, 0, 78.5301, 31.8685, 110.399
1888.87, 84, 0, 78.7239, 33.2262, 111.95
1888.9, 74, 33.6914, 78.9737, 33.6914, 112.665
1888.92, 99, 0, 79.3007, 33.2262, 112.527
1888.95, 116, 0, 79.6548, 31.8685, 111.523
1888.97, 150, 0, 80.2401, 29.7278, 109.968
