# Generated by: ./jointDeconvolution Data/MALDI_ToF_Low_B.csv -p --sigma_left 0.4 --sigma_right 0.5 --lambda_1 0.25 
2575.14, 1833, 0, 1836.66, 0, 1836.66
2575.26, 1812, 0, 1829.78, 0, 1829.78
2575.37, 1713, 0, 1826.6, 0, 1826.6
2575.49, 1771, 0, 1823.65, 0, 1823.65
2575.6, 1740, 0, 1820.8, 0, 1820.8
2575.72, 1739, 0, 1818.11, 0, 1818.11
2575.83, 1830, 0, 1815.59, 0, 1815.59
2575.95, 1742, 0, 1813.03, 0, 1813.03
2576.07, 1743, 0, 1810.61, 0, 1810.61
2576.18, 1759, 0, 1808.33, 0, 1808.33
2576.3, 1691, 0, 1806.15, 0, 1806.15
2576.41, 1726, 0, 1804.2, 0, 1804.2
2576.53, 1756, 0, 1802.41, 0, 1802.41
2576.64, 1729, 0, 1800.7, 0, 1800.7
2576.76, 1801, 0, 1799.15, 0, 1799.15
2576.87, 1823, 0, 1797.58, 0, 1797.58
2576.99, 1689, 0, 1795.97, 0, 1795.97
2577.1, 1751, 0, 1794.57, 0, 1794.57
2577.22, 1702, 0, 1793.26, 0, 1793.26
2577.33, 1768, 0, 1792.13, 0, 1792.13
2577.45, 1746, 0, 1791.05, 0, 1791.05
2577.56, 1739, 0, 1790.06, 0, 1790.06
2577.68, 1898, 0, 1789.17, 0, 1789.17
2577.79, 1855, 0, 1788.06, 0, 1788.06
2577.91, 1792, 0, 1786.82, 0, 1786.82
2578.02, 1749, 0, 1785.57, 0, 1785.57
2578.14, 1766, 0, 1784.4, 0, 1784.4
2578.25, 1700, 0, 1783.25, 0, 1783.25
2578.37, 1669, 0, 1782.28, 0, 1782.28
2578.48, 1678, 0, 1781.53, 0, 1781.53
2578.6, 1780, 0, 1780.99, 0, 1780.99
2578.71, 1746, 0, 1780.45, 0, 1780.45
2578.83, 1819, 0, 1779.98, 0, 1779.98
2578.94, 1789, 0, 1779.44, 0, 1779.44
2579.06, 1907, 0, 1778.87, 0, 1778.87
2579.17, 1706, 0, 1778.05, 0, 1778.05
2579.29, 1757, 0, 1777.37, 0, 1777.37
2579.4, 1757, 0, 1776.73, 0, 1776.73
2579.52, 1647, 0, 1776.13, 0, 1776.13
2579.63, 1722, 0, 1775.79, 0, 1775.79
2579.75, 1797, 0, 1775.56, 0, 1775.56
2579.86, 1762, 0, 1775.28, 0, 1775.28
2579.98, 1765, 0, 1775.03, 0, 1775.03
2580.09, 1698, 0, 1774.8, 0, 1774.8
2580.21, 1770, 0, 1774.72, 0, 1774.72
2580.32, 1801, 0, 1774.66, 0, 1774.66
2580.44, 1819, 0, 1774.54, 0, 1774.54
2580.56, 1674, 0, 1774.33, 0, 1774.33
2580.67, 1738, 0, 1774.32, 0, 1774.32
2580.79, 1717, 0, 1774.39, 0, 1774.39
2580.9, 1769, 0, 1774.57, 0, 1774.57
2581.02, 1784, 0, 1774.76, 0, 1774.76
2581.13, 1701, 0, 1774.93, 0, 1774.93
2581.25, 1744, 0, 1775.25, 0, 1775.25
2581.36, 1705, 0, 1775.64, 0, 1775.64
2581.48, 1765, 0, 1776.16, 0, 1776.16
2581.59, 1859, 0, 1776.71, 0, 1776.71
2581.71, 1806, 0, 1777.09, 0, 1777.09
2581.82, 1769, 0, 1777.42, 0, 1777.42
2581.94, 1725, 0, 1777.76, 0, 1777.76
2582.05, 1760, 0, 1778.2, 0, 1778.2
2582.17, 1791, 0, 1778.69, 0, 1778.69
2582.28, 1809, 0, 1779.15, 0, 1779.15
2582.4, 1790, 0, 1779.54, 0, 1779.54
2582.51, 1844, 0, 1779.92, 0, 1779.92
2582.63, 1810, 0, 1780.17, 0, 1780.17
2582.74, 1724, 0, 1780.36, 0, 1780.36
2582.86, 1752, 0, 1780.66, 0, 1780.66
2582.97, 1724, 0, 1781.02, 0, 1781.02
2583.09, 1853, 0, 1781.5, 0, 1781.5
2583.21, 1815, 0, 1781.83, 0, 1781.83
2583.32, 1839, 0, 1782.1, 0, 1782.1
2583.44, 1778, 0, 1782.25, 0, 1782.25
2583.55, 1715, 0, 1782.41, 0, 1782.41
2583.67, 1739, 0, 1782.7, 0, 1782.7
2583.78, 1706, 0, 1783.08, 0, 1783.08
2583.9, 1827, 0, 1783.62, 0, 1783.62
2584.01, 1812, 0, 1784.07, 0, 1784.07
2584.13, 1777, 0, 1784.46, 0, 1784.46
2584.24, 1854, 0, 1784.87, 0, 1784.87
2584.36, 1966, 0, 1785.14, 0, 1785.14
2584.47, 1919, 0, 1785.05, 0, 1785.05
2584.59, 1727, 0, 1784.69, 0, 1784.69
2584.7, 1772, 0, 1784.44, 0, 1784.44
2584.82, 1683, 0, 1784.22, 0, 1784.22
2584.93, 1738, 0, 1784.21, 0, 1784.21
2585.05, 1754, 0, 1784.28, 0, 1784.28
2585.16, 1763, 0, 1784.42, 0, 1784.42
2585.28, 1813, 0, 1784.6, 0, 1784.6
2585.4, 1701, 0, 1784.72, 0, 1784.72
2585.51, 1665, 0, 1785.01, 0, 1785.01
2585.63, 1694, 0, 1785.54, 0, 1785.54
2585.74, 1866, 0, 1786.25, 0, 1786.25
2585.86, 1791, 0, 1786.8, 0, 1786.8
2585.97, 1687, 0, 1787.35, 0, 1787.35
2586.09, 1709, 0, 1788.09, 0, 1788.09
2586.2, 1754, 0, 1789, 0, 1789
2586.32, 1679, 0, 1789.97, 0, 1789.97
2586.43, 1800, 0, 1791.17, 0, 1791.17
2586.55, 1735, 0, 1792.34, 0, 1792.34
2586.66, 1779, 0, 1793.64, 0, 1793.64
2586.78, 1856, 0, 1794.96, 0, 1794.96
2586.89, 1765, 0, 1796.16, 0, 1796.16
2587.01, 1839, 0, 1797.42, 0, 1797.42
2587.13, 1791, 0, 1798.6, 0, 1798.6
2587.24, 1682, 0, 1799.79, 0, 1799.79
2587.36, 1816, 0, 1801.22, 0, 1801.22
2587.47, 1893, 0, 1802.62, 0, 1802.62
2587.59, 1864, 0, 1803.84, 0, 1803.84
2587.7, 1853, 0, 1804.94, 0, 1804.94
2587.82, 1740, 0, 1805.94, 0, 1805.94
2587.93, 1836, 0, 1807.08, 0, 1807.08
2588.05, 1851, 0, 1808.16, 0, 1808.16
2588.16, 1902, 0, 1809.15, 0, 1809.15
2588.28, 1884, 0, 1809.95, 0, 1809.95
2588.39, 1933, 0, 1810.61, 0, 1810.61
2588.51, 1960, 0, 1811.02, 0, 1811.02
2588.62, 1892, 0, 1811.14, 0, 1811.14
2588.74, 1831, 0, 1811.09, 0, 1811.09
2588.86, 1826, 0, 1811, 0, 1811
2588.97, 1914, 0, 1810.89, 0, 1810.89
2589.09, 1844, 0, 1810.56, 0, 1810.56
2589.2, 1886, 0, 1810.17, 0, 1810.17
2589.32, 1895, 0, 1809.63, 0, 1809.63
2589.43, 1917, 0, 1808.92, 0, 1808.92
2589.55, 1822, 0, 1807.99, 0, 1807.99
2589.66, 1711, 0, 1807.03, 0, 1807.03
2589.78, 1787, 0, 1806.27, 0, 1806.27
2589.89, 1808, 0, 1805.54, 0, 1805.54
2590.01, 1793, 0, 1804.81, 0, 1804.81
2590.12, 1890, 0, 1804.11, 0, 1804.11
2590.24, 1847, 0, 1803.23, 0, 1803.23
2590.36, 1853, 0, 1802.26, 0, 1802.26
2590.47, 1862, 0, 1801.19, 0, 1801.19
2590.59, 1730, 0, 1800, 0, 1800
2590.7, 1835, 0, 1798.95, 0, 1798.95
2590.82, 1878, 0, 1797.83, 0, 1797.83
2590.93, 1820, 0, 1796.55, 0, 1796.55
2591.05, 1759, 0, 1795.22, 0, 1795.22
2591.16, 1712, 0, 1793.96, 0, 1793.96
2591.28, 1814, 0, 1792.87, 0, 1792.87
2591.39, 1763, 0, 1791.74, 0, 1791.74
2591.51, 1683, 0, 1790.66, 0, 1790.66
2591.63, 1731, 0, 1789.8, 0, 1789.8
2591.74, 1761, 0, 1789.05, 0, 1789.05
2591.86, 1734, 0, 1788.36, 0, 1788.36
2591.97, 1747, 0, 1787.78, 0, 1787.78
2592.09, 1705, 0, 1787.29, 0, 1787.29
2592.2, 1708, 0, 1786.95, 0, 1786.95
2592.32, 1763, 0, 1786.78, 0, 1786.78
2592.43, 1719, 0, 1786.65, 0, 1786.65
2592.55, 1776, 0, 1786.66, 0, 1786.66
2592.66, 1780, 0, 1786.69, 0, 1786.69
2592.78, 1817, 0, 1786.73, 0, 1786.73
2592.9, 1741, 0, 1786.71, 0, 1786.71
2593.01, 1862, 0, 1786.78, 0, 1786.78
2593.13, 1723, 0, 1786.7, 0, 1786.7
2593.24, 1773, 0, 1786.75, 0, 1786.75
2593.36, 1697, 0, 1786.83, 0, 1786.83
2593.47, 1695, 0, 1787.09, 0, 1787.09
2593.59, 1710, 0, 1787.53, 0, 1787.53
2593.7, 1806, 0, 1788.13, 0, 1788.13
2593.82, 1828, 0, 1788.69, 0, 1788.69
2593.93, 1846, 0, 1789.17, 0, 1789.17
2594.05, 1863, 0, 1789.54, 0, 1789.54
2594.17, 1845, 0, 1789.76, 0, 1789.76
2594.28, 1819, 0, 1789.87, 0, 1789.87
2594.4, 1834, 0, 1789.92, 5.495e-320, 1789.92
2594.51, 1818, 0, 1789.89, 3.23943e-315, 1789.89
2594.63, 1845, 0, 1789.79, 1.74647e-310, 1789.79
2594.74, 1870, 0, 1789.59, 8.62871e-306, 1789.59
2594.86, 1895, 0, 1789.23, 3.90733e-301, 1789.23
2594.97, 1824, 0, 1788.65, 1.62188e-296, 1788.65
2595.09, 1803, 0, 1788.01, 6.17185e-292, 1788.01
2595.2, 1705, 0, 1787.33, 2.17292e-287, 1787.33
2595.32, 1710, 0, 1786.82, 6.95173e-283, 1786.82
2595.44, 1772, 0, 1786.47, 2.0397e-278, 1786.47
2595.55, 1827, 0, 1786.14, 5.48933e-274, 1786.14
2595.67, 1821, 0, 1785.73, 1.35521e-269, 1785.73
2595.78, 1803, 0, 1785.25, 3.09627e-265, 1785.25
2595.9, 1733, 0, 1784.73, 6.4347e-261, 1784.73
2596.01, 1689, 0, 1784.32, 1.2272e-256, 1784.32
2596.13, 1747, 0, 1784.1, 2.16628e-252, 1784.1
2596.24, 1747, 0, 1783.95, 3.48041e-248, 1783.95
2596.36, 1725, 0, 1783.88, 5.13345e-244, 1783.88
2596.48, 1718, 0, 1783.92, 7.00916e-240, 1783.92
2596.59, 1821, 0, 1784.1, 8.71565e-236, 1784.1
2596.71, 1872, 0, 1784.2, 1.00336e-231, 1784.2
2596.82, 1766, 0, 1784.12, 1.05235e-227, 1784.12
2596.94, 1756, 0, 1784.09, 1.02196e-223, 1784.09
2597.05, 1673, 0, 1784.11, 9.04539e-220, 1784.11
2597.17, 1732, 0, 1784.35, 7.41363e-216, 1784.35
2597.28, 1930, 0, 1784.69, 5.58298e-212, 1784.69
2597.4, 1820, 0, 1784.75, 3.83424e-208, 1784.75
2597.52, 1849, 0, 1784.73, 2.43876e-204, 1784.73
2597.63, 1799, 0, 1784.59, 1.42578e-200, 1784.59
2597.75, 1818, 0, 1784.42, 7.6062e-197, 1784.42
2597.86, 1802, 0, 1784.18, 3.7586e-193, 1784.18
2597.98, 1736, 0, 1783.9, 1.7078e-189, 1783.9
2598.09, 1756, 0, 1783.72, 7.13596e-186, 1783.72
2598.21, 1709, 0, 1783.6, 2.72297e-182, 1783.6
2598.32, 1695, 0, 1783.62, 9.62633e-179, 1783.62
2598.44, 1772, 0, 1783.83, 3.13072e-175, 1783.83
2598.56, 1815, 0, 1784.05, 9.368e-172, 1784.05
2598.67, 1856, 0, 1784.22, 2.57941e-168, 1784.22
2598.79, 1760, 0, 1784.24, 6.53607e-165, 1784.24
2598.9, 1724, 0, 1784.3, 1.52437e-161, 1784.3
2599.02, 1688, 0, 1784.49, 3.27261e-158, 1784.49
2599.13, 1788, 0, 1784.88, 6.46813e-155, 1784.88
2599.25, 1809, 0, 1785.25, 1.17706e-151, 1785.25
2599.37, 1757, 0, 1785.58, 1.97245e-148, 1785.58
2599.48, 1803, 0, 1785.97, 3.04405e-145, 1785.97
2599.6, 1703, 0, 1786.32, 4.32702e-142, 1786.32
2599.71, 1654, 0, 1786.84, 5.66593e-139, 1786.84
2599.83, 1651, 0, 1787.62, 6.877e-136, 1787.62
2599.94, 1621, 0, 1788.68, 7.64353e-133, 1788.68
2600.06, 1720, 0, 1790.07, 7.82869e-130, 1790.07
2600.17, 1830, 0, 1791.61, 7.38986e-127, 1791.61
2600.29, 1855, 0, 1793.06, 6.46718e-124, 1793.06
2600.41, 1821, 0, 1794.39, 5.1867e-121, 1794.39
2600.52, 1903, 0, 1795.67, 3.83508e-118, 1795.67
2600.64, 1999, 0, 1796.74, 2.62938e-115, 1796.74
2600.75, 1965, 0, 1797.4, 1.65301e-112, 1797.4
2600.87, 1794, 0, 1797.72, 9.58429e-110, 1797.72
2600.98, 1848, 0, 1798.05, 5.1535e-107, 1798.05
2601.1, 1773, 0, 1798.29, 2.54235e-104, 1798.29
2601.22, 1848, 0, 1798.57, 1.16323e-101, 1798.57
2601.33, 1870, 0, 1798.75, 4.88486e-99, 1798.75
2601.45, 1793, 0, 1798.79, 1.90274e-96, 1798.79
2601.56, 1873, 0, 1798.85, 6.8049e-94, 1798.85
2601.68, 1887, 0, 1798.75, 2.2576e-91, 1798.75
2601.79, 1862, 0, 1798.48, 6.91329e-89, 1798.48
2601.91, 1831, 0, 1798.08, 1.94482e-86, 1798.08
2602.02, 1925, 0, 1797.62, 5.076e-84, 1797.62
2602.14, 1881, 0, 1796.9, 1.22328e-81, 1796.9
2602.26, 1756, 0, 1796.01, 2.70976e-79, 1796.01
2602.37, 1708, 0, 1795.2, 5.56987e-77, 1795.2
2602.49, 1742, 0, 1794.57, 1.05748e-74, 1794.57
2602.6, 1773, 0, 1794.04, 1.85467e-72, 1794.04
2602.72, 1828, 0, 1793.55, 3.00523e-70, 1793.55
2602.83, 1738, 0, 1793, 4.4801e-68, 1793
2602.95, 1759, 0, 1792.55, 6.19884e-66, 1792.55
2603.07, 1770, 0, 1792.18, 7.92683e-64, 1792.18
2603.18, 1701, 0, 1791.84, 9.36925e-62, 1791.84
2603.3, 1778, 0, 1791.69, 1.02371e-59, 1791.69
2603.41, 1831, 0, 1791.57, 1.03411e-57, 1791.57
2603.53, 1727, 0, 1791.36, 9.65875e-56, 1791.36
2603.64, 1814, 0, 1791.29, 8.34243e-54, 1791.29
2603.76, 1827, 0, 1791.17, 6.66392e-52, 1791.17
2603.88, 1883, 0, 1790.98, 4.9236e-50, 1790.98
2603.99, 1740, 0, 1790.6, 3.36512e-48, 1790.6
2604.11, 1737, 0, 1790.33, 2.13538e-46, 1790.33
2604.22, 1834, 0, 1790.16, 1.24923e-44, 1790.16
2604.34, 1775, 0, 1789.91, 6.76277e-43, 1789.91
2604.45, 1754, 0, 1789.68, 3.38819e-41, 1789.68
2604.57, 1723, 0, 1789.53, 1.57117e-39, 1789.53
2604.69, 1686, 0, 1789.5, 6.76608e-38, 1789.5
2604.8, 1788, 0, 1789.69, 2.68866e-36, 1789.69
2604.92, 1776, 0, 1789.88, 9.89219e-35, 1789.88
2605.03, 1729, 0, 1790.1, 3.38039e-33, 1790.1
2605.15, 1705, 0, 1790.44, 1.0665e-31, 1790.44
2605.26, 1662, 0, 1790.95, 3.11644e-30, 1790.95
2605.38, 1727, 0, 1791.71, 8.45934e-29, 1791.71
2605.5, 1692, 0, 1792.61, 2.12111e-27, 1792.61
2605.61, 1750, 0, 1793.71, 4.94094e-26, 1793.71
2605.73, 1783, 0, 1794.89, 1.06355e-24, 1794.89
2605.84, 1754, 0, 1796.1, 2.127e-23, 1796.1
2605.96, 1777, 0, 1797.4, 3.9322e-22, 1797.4
2606.07, 1770, 0, 1798.73, 6.75461e-21, 1798.73
2606.19, 1848, 0, 1800.13, 1.07295e-19, 1800.13
2606.31, 1845, 0, 1801.42, 1.58377e-18, 1801.42
2606.42, 1795, 0, 1802.63, 2.1674e-17, 1802.63
2606.54, 1821, 0, 1803.86, 2.74428e-16, 1803.86
2606.65, 1763, 0, 1805.05, 3.22934e-15, 1805.05
2606.77, 1700, 0, 1806.32, 3.52433e-14, 1806.32
2606.89, 1642, 0, 1807.81, 3.5675e-13, 1807.81
2607, 1732, 0, 1809.63, 3.34347e-12, 1809.63
2607.12, 1718, 0, 1811.6, 2.91277e-11, 1811.6
2607.23, 1860, 0, 1813.76, 2.35441e-10, 1813.76
2607.35, 1895, 0, 1815.83, 1.76593e-09, 1815.83
2607.46, 1816, 0, 1817.74, 1.22922e-08, 1817.74
2607.58, 1887, 0, 1819.65, 7.94136e-08, 1819.65
2607.7, 1810, 0, 1821.43, 4.76232e-07, 1821.43
2607.81, 1730, 0, 1823.23, 2.65123e-06, 1823.23
2607.93, 1777, 0, 1825.22, 1.37035e-05, 1825.22
2608.04, 1788, 0, 1827.31, 6.57676e-05, 1827.31
2608.16, 1861, 0, 1829.47, 0.000293117, 1829.47
2608.27, 1744, 0, 1831.57, 0.00121329, 1831.57
2608.39, 1747, 0, 1833.85, 0.00466476, 1833.85
2608.51, 1789, 0, 1836.3, 0.0166603, 1836.31
2608.62, 1839, 0, 1838.84, 0.0552805, 1838.9
2608.74, 1902, 0, 1841.38, 0.170429, 1841.55
2608.85, 1900, 0, 1843.81, 0.488259, 1844.3
2608.97, 1944, 0, 1846.12, 1.30104, 1847.42
2609.09, 2025, 0, 1848.24, 3.21947, 1851.46
2609.2, 2026, 0, 1850.01, 7.40575, 1857.41
2609.32, 2008, 0, 1851.44, 15.8482, 1867.29
2609.43, 2037, 0, 1852.59, 31.5155, 1884.11
2609.55, 2103, 0, 1853.44, 58.2913, 1911.73
2609.66, 2103, 0, 1853.91, 100.359, 1954.26
2609.78, 2075, 0, 1854.07, 160.766, 2014.84
2609.9, 2157, 0, 1854.12, 239.937, 2094.05
2610.01, 2210, 0, 1854.04, 334.173, 2188.21
2610.13, 2451, 0, 1853.92, 435.086, 2289
2610.24, 2425, 0, 1853.47, 531.847, 2385.32
2610.36, 2385, 0, 1852.94, 614.056, 2467
2610.48, 2516, 585.389, 1852.58, 676.464, 2529.04
2610.59, 2523, 0, 1852.24, 721.063, 2573.31
2610.71, 2553, 0, 1852.01, 756.714, 2608.72
2610.82, 2579, 0, 1851.88, 794.933, 2646.82
2610.94, 2673, 0, 1851.9, 843.551, 2695.45
2611.05, 2717, 0, 1851.95, 902.11, 2754.06
2611.17, 2802, 0, 1852.08, 960.758, 2812.84
2611.29, 2809, 0, 1852.23, 1004.63, 2856.86
2611.4, 2945, 907.942, 1852.48, 1021.31, 2873.79
2611.52, 2934, 0, 1852.59, 1007.92, 2860.51
2611.63, 2838, 0, 1852.55, 973.873, 2826.42
2611.75, 2752, 0, 1852.48, 937.745, 2790.23
2611.87, 2814, 0, 1852.49, 919.291, 2771.78
2611.98, 2872, 0, 1852.42, 930.32, 2782.74
2612.1, 2726, 0, 1852.17, 968.81, 2820.98
2612.21, 2808, 0, 1852.11, 1019.12, 2871.23
2612.33, 2844, 0, 1852.17, 1058.33, 2910.5
2612.45, 3007, 984.515, 1852.37, 1066.01, 2918.38
2612.56, 3035, 0, 1852.39, 1032.53, 2884.92
2612.68, 2816, 0, 1852.11, 963.07, 2815.18
2612.79, 2557, 0, 1851.83, 874.794, 2726.63
2612.91, 2631, 0, 1851.89, 789.45, 2641.34
2613.03, 2463, 0, 1851.97, 724.693, 2576.66
2613.14, 2613, 0, 1852.27, 688.049, 2540.32
2613.26, 2702, 0, 1852.44, 675.825, 2528.26
2613.37, 2621, 0, 1852.25, 676.77, 2529.02
2613.49, 2619, 555.341, 1851.88, 678.177, 2530.06
2613.6, 2456, 0, 1851.33, 671.271, 2522.6
2613.72, 2353, 0, 1850.92, 653.532, 2504.45
2613.84, 2415, 0, 1850.8, 627.352, 2478.16
2613.95, 2450, 0, 1850.82, 596.655, 2447.47
2614.07, 2377, 0, 1850.83, 563.406, 2414.23
2614.18, 2341, 0, 1850.91, 526.362, 2377.27
2614.3, 2235, 384.242, 1851.07, 482.344, 2333.41
2614.42, 2172, 0, 1851.42, 428.613, 2280.03
2614.53, 2260, 0, 1851.99, 365.187, 2217.17
2614.65, 2350, 0, 1852.47, 295.715, 2148.19
2614.76, 2237, 0, 1852.55, 225.985, 2078.54
2614.88, 2106, 0, 1852.31, 162.317, 2014.63
2615, 2000, 0, 1851.89, 109.194, 1961.09
2615.11, 1970, 0, 1851.39, 68.6897, 1920.08
2615.23, 2045, 0, 1850.8, 40.3808, 1891.18
2615.34, 1921, 0, 1849.89, 22.1495, 1872.04
2615.46, 1885, 0, 1848.89, 11.3367, 1860.23
2615.58, 1754, 0, 1847.84, 5.41689, 1853.25
2615.69, 1835, 0, 1846.98, 2.41308, 1849.39
2615.81, 1901, 0, 1846.16, 1.00279, 1847.16
2615.92, 1923, 0, 1845.22, 0.388764, 1845.61
2616.04, 1904, 0, 1844.13, 0.140739, 1844.28
2616.16, 1946, 0, 1842.93, 0.0474971, 1842.97
2616.27, 1910, 0, 1841.51, 0.0149572, 1841.53
2616.39, 1889, 0, 1839.96, 0.00439546, 1839.97
2616.5, 1856, 0, 1838.31, 0.00120551, 1838.32
2616.62, 1829, 0, 1836.63, 0.000308595, 1836.63
2616.74, 1924, 0, 1834.96, 7.374e-05, 1834.96
2616.85, 1862, 0, 1833.12, 1.64497e-05, 1833.12
2616.97, 1758, 0, 1831.21, 3.42605e-06, 1831.21
2617.08, 1783, 0, 1829.45, 6.66276e-07, 1829.45
2617.2, 1729, 0, 1827.79, 1.21e-07, 1827.79
2617.32, 1610, 0, 1826.32, 2.05223e-08, 1826.32
2617.43, 1740, 0, 1825.29, 3.25103e-09, 1825.29
2617.55, 1785, 0, 1824.42, 4.81077e-10, 1824.42
2617.66, 1753, 0, 1823.64, 6.65043e-11, 1823.64
2617.78, 1795, 0, 1822.99, 8.57411e-12, 1822.99
2617.9, 1828, 0, 1822.4, 1.03469e-12, 1822.4
2618.01, 1762, 0, 1821.8, 1.1668e-13, 1821.8
2618.13, 1785, 0, 1821.32, 1.2297e-14, 1821.32
2618.24, 1794, 0, 1820.92, 1.20886e-15, 1820.92
2618.36, 1781, 0, 1820.56, 1.11303e-16, 1820.56
2618.48, 1791, 0, 1820.29, 9.58024e-18, 1820.29
2618.59, 1787, 0, 1820.07, 7.69261e-19, 1820.07
2618.71, 1811, 0, 1819.92, 5.78798e-20, 1819.92
2618.82, 1742, 0, 1819.79, 4.07239e-21, 1819.79
2618.94, 1714, 0, 1819.82, 2.67331e-22, 1819.82
2619.06, 1800, 0, 1820.05, 1.64516e-23, 1820.05
2619.17, 1726, 0, 1820.33, 9.44676e-25, 1820.33
2619.29, 1711, 0, 1820.79, 5.08686e-26, 1820.79
2619.4, 1766, 0, 1821.48, 2.55602e-27, 1821.48
2619.52, 1747, 0, 1822.27, 1.20158e-28, 1822.27
2619.64, 1833, 0, 1823.22, 5.29948e-30, 1823.22
2619.75, 1882, 0, 1824.14, 2.18129e-31, 1824.14
2619.87, 1804, 0, 1824.95, 8.42604e-33, 1824.95
2619.98, 1765, 0, 1825.8, 3.03785e-34, 1825.8
2620.1, 1822, 0, 1826.78, 1.02516e-35, 1826.78
2620.22, 1817, 0, 1827.76, 3.23847e-37, 1827.76
2620.33, 1847, 0, 1828.77, 9.60689e-39, 1828.77
2620.45, 1736, 0, 1829.73, 2.66028e-40, 1829.73
2620.57, 1753, 0, 1830.89, 6.89796e-42, 1830.89
2620.68, 1721, 0, 1832.2, 1.67496e-43, 1832.2
2620.8, 1860, 0, 1833.73, 3.80906e-45, 1833.73
2620.91, 1878, 0, 1835.22, 8.14063e-47, 1835.22
2621.03, 1866, 0, 1836.61, 1.62437e-48, 1836.61
2621.15, 1843, 0, 1837.95, 3.03645e-50, 1837.95
2621.26, 1779, 0, 1839.28, 5.31795e-52, 1839.28
2621.38, 1805, 0, 1840.72, 8.72692e-54, 1840.72
2621.49, 1787, 0, 1842.24, 1.34201e-55, 1842.24
2621.61, 1847, 0, 1843.87, 1.93408e-57, 1843.87
2621.73, 1868, 0, 1845.5, 2.61247e-59, 1845.5
2621.84, 1886, 0, 1847.07, 3.29522e-61, 1847.07
2621.96, 1860, 0, 1848.57, 3.91096e-63, 1848.57
2622.07, 1854, 0, 1850.05, 4.35178e-65, 1850.05
2622.19, 1820, 0, 1851.52, 4.5402e-67, 1851.52
2622.31, 1864, 0, 1853.05, 4.4417e-69, 1853.05
2622.42, 1879, 0, 1854.56, 4.07502e-71, 1854.56
2622.54, 1923, 0, 1856.03, 3.49193e-73, 1856.03
2622.65, 1931, 0, 1857.35, 2.8181e-75, 1857.35
2622.77, 1831, 0, 1858.53, 2.13342e-77, 1858.53
2622.89, 1873, 0, 1859.77, 1.50869e-79, 1859.77
2623, 1802, 0, 1860.98, 1.00525e-81, 1860.98
2623.12, 1894, 0, 1862.31, 6.28485e-84, 1862.31
2623.24, 1923, 0, 1863.57, 3.6709e-86, 1863.57
2623.35, 1803, 0, 1864.71, 2.02111e-88, 1864.71
2623.47, 1834, 0, 1865.98, 1.03967e-90, 1865.98
2623.58, 1903, 0, 1867.32, 5.04278e-93, 1867.32
2623.7, 1925, 0, 1868.58, 2.28542e-95, 1868.58
2623.82, 1875, 0, 1869.72, 9.76913e-98, 1869.72
2623.93, 1822, 0, 1870.86, 3.90212e-100, 1870.86
2624.05, 1855, 0, 1872.1, 1.47051e-102, 1872.1
2624.16, 1961, 0, 1873.37, 5.17871e-105, 1873.37
2624.28, 1908, 0, 1874.46, 1.71269e-107, 1874.46
2624.4, 1936, 0, 1875.49, 5.34623e-110, 1875.49
2624.51, 1880, 0, 1876.39, 1.55974e-112, 1876.39
2624.63, 1913, 0, 1877.29, 4.27443e-115, 1877.29
2624.75, 1934, 0, 1878.12, 1.10613e-117, 1878.12
2624.86, 1881, 0, 1878.84, 2.67558e-120, 1878.84
2624.98, 1902, 0, 1879.55, 6.08095e-123, 1879.55
2625.09, 1973, 0, 1880.21, 1.29869e-125, 1880.21
2625.21, 1976, 0, 1880.69, 2.60649e-128, 1880.69
2625.33, 1881, 0, 1880.98, 4.91662e-131, 1880.98
2625.44, 1942, 0, 1881.27, 8.76506e-134, 1881.27
2625.56, 1943, 0, 1881.44, 1.46091e-136, 1881.44
2625.68, 1958, 0, 1881.49, 2.28913e-139, 1881.49
2625.79, 1949, 0, 1881.38, 3.37234e-142, 1881.38
2625.91, 1936, 0, 1881.14, 4.67139e-145, 1881.14
2626.02, 1896, 0, 1880.79, 6.08493e-148, 1880.79
2626.14, 1902, 0, 1880.4, 7.45413e-151, 1880.4
2626.26, 1995, 0, 1879.98, 8.58836e-154, 1879.98
2626.37, 1941, 0, 1879.32, 9.25274e-157, 1879.32
2626.49, 1828, 0, 1878.54, 9.43235e-160, 1878.54
2626.6, 1798, 0, 1877.86, 9.04602e-163, 1877.86
2626.72, 1817, 0, 1877.35, 8.16246e-166, 1877.35
2626.84, 1890, 0, 1876.95, 6.93212e-169, 1876.95
2626.95, 1801, 0, 1876.52, 3.43422e-169, 1876.52
2627.07, 1950, 0, 1876.25, 5.94601e-166, 1876.25
2627.19, 1993, 0, 1875.83, 9.51015e-163, 1875.83
2627.3, 1784, 0, 1875.18, 1.41207e-159, 1875.18
2627.42, 1841, 0, 1874.7, 1.95868e-156, 1874.7
2627.53, 1804, 0, 1874.3, 2.50699e-153, 1874.3
2627.65, 1865, 0, 1874.03, 2.97977e-150, 1874.03
2627.77, 1959, 0, 1873.79, 3.30904e-147, 1873.79
2627.88, 2016, 0, 1873.37, 3.3925e-144, 1873.37
2628, 1884, 0, 1872.67, 3.24984e-141, 1872.67
2628.12, 1809, 0, 1871.94, 2.87505e-138, 1871.94
2628.23, 1830, 0, 1871.35, 2.37676e-135, 1871.35
2628.35, 1848, 0, 1870.83, 1.81515e-132, 1870.83
2628.46, 1799, 0, 1870.36, 1.29548e-129, 1870.36
2628.58, 1806, 0, 1870.03, 8.5443e-127, 1870.03
2628.7, 1911, 0, 1869.83, 5.26681e-124, 1869.83
2628.81, 1984, 0, 1869.55, 3.01751e-121, 1869.55
2628.93, 1851, 0, 1869.04, 1.59842e-118, 1869.04
2629.05, 1876, 0, 1868.56, 7.91425e-116, 1868.56
2629.16, 1810, 0, 1868.07, 3.64325e-113, 1868.07
2629.28, 1834, 0, 1867.7, 1.55946e-110, 1867.7
2629.39, 1743, 0, 1867.39, 6.17567e-108, 1867.39
2629.51, 1872, 0, 1867.34, 2.28632e-105, 1867.34
2629.63, 1858, 0, 1867.27, 7.87274e-103, 1867.27
2629.74, 1779, 0, 1867.22, 2.52171e-100, 1867.22
2629.86, 1824, 0, 1867.35, 7.51426e-98, 1867.35
2629.98, 1846, 0, 1867.57, 2.08327e-95, 1867.57
2630.09, 1862, 0, 1867.82, 5.3742e-93, 1867.82
2630.21, 1895, 0, 1868.09, 1.29014e-90, 1868.09
2630.33, 1885, 0, 1868.31, 2.88241e-88, 1868.31
2630.44, 1805, 0, 1868.49, 5.99397e-86, 1868.49
2630.56, 1691, 0, 1868.8, 1.16027e-83, 1868.8
2630.67, 1693, 0, 1869.47, 2.09087e-81, 1869.47
2630.79, 1766, 0, 1870.49, 3.50805e-79, 1870.49
2630.91, 1759, 0, 1871.71, 5.48045e-77, 1871.71
2631.02, 1906, 0, 1873.17, 7.97303e-75, 1873.17
2631.14, 1868, 0, 1874.55, 1.08026e-72, 1874.55
2631.26, 1783, 0, 1875.95, 1.36325e-70, 1875.95
2631.37, 1799, 0, 1877.54, 1.60906e-68, 1877.54
2631.49, 1913, 0, 1879.28, 1.76198e-66, 1879.28
2631.6, 1935, 0, 1880.96, 1.79763e-64, 1880.96
2631.72, 1908, 0, 1882.52, 1.70888e-62, 1882.52
2631.84, 1851, 0, 1884.04, 1.51963e-60, 1884.04
2631.95, 1881, 0, 1885.62, 1.25451e-58, 1885.62
2632.07, 1909, 0, 1887.21, 9.65275e-57, 1887.21
2632.19, 1951, 0, 1888.76, 6.9485e-55, 1888.76
2632.3, 1906, 0, 1890.19, 4.64565e-53, 1890.19
2632.42, 1939, 0, 1891.58, 2.90601e-51, 1891.58
2632.54, 1845, 0, 1892.88, 1.68889e-49, 1892.88
2632.65, 1927, 0, 1894.27, 9.18402e-48, 1894.27
2632.77, 1935, 0, 1895.6, 4.64145e-46, 1895.6
2632.88, 1970, 0, 1896.85, 2.195e-44, 1896.85
2633, 2002, 0, 1897.95, 9.65029e-43, 1897.95
2633.12, 2002, 0, 1898.84, 3.97044e-41, 1898.84
2633.23, 1988, 0, 1899.53, 1.52386e-39, 1899.53
2633.35, 1990, 0, 1900.04, 5.43976e-38, 1900.04
2633.47, 1974, 0, 1900.37, 1.81742e-36, 1900.37
2633.58, 1883, 0, 1900.56, 5.66582e-35, 1900.56
2633.7, 1784, 0, 1900.78, 1.64362e-33, 1900.78
2633.82, 1813, 0, 1901.23, 4.46302e-32, 1901.23
2633.93, 1821, 0, 1901.86, 1.13114e-30, 1901.86
2634.05, 1842, 0, 1902.65, 2.67609e-29, 1902.65
2634.16, 1897, 0, 1903.56, 5.91055e-28, 1903.56
2634.28, 1829, 0, 1904.49, 1.21569e-26, 1904.49
2634.4, 1855, 0, 1905.56, 2.3409e-25, 1905.56
2634.51, 1840, 0, 1906.74, 4.20929e-24, 1906.74
2634.63, 1861, 0, 1908.05, 7.06873e-23, 1908.05
2634.75, 1787, 0, 1909.45, 1.10872e-21, 1909.45
2634.86, 1774, 0, 1911.1, 1.6244e-20, 1911.1
2634.98, 1841, 0, 1913.03, 2.22327e-19, 1913.03
2635.1, 1839, 0, 1915.1, 2.84292e-18, 1915.1
2635.21, 1876, 0, 1917.32, 3.39663e-17, 1917.32
2635.33, 1791, 0, 1919.62, 3.79214e-16, 1919.62
2635.44, 1888, 0, 1922.18, 3.9644e-15, 1922.18
2635.56, 1926, 0, 1924.81, 3.8656e-14, 1924.81
2635.68, 1890, 0, 1927.43, 3.52316e-13, 1927.43
2635.79, 1833, 0, 1930.14, 3.00167e-12, 1930.14
2635.91, 1960, 0, 1933.03, 2.39084e-11, 1933.03
2636.03, 1797, 0, 1935.87, 1.7835e-10, 1935.87
2636.14, 1779, 0, 1938.99, 1.24185e-09, 1938.99
2636.26, 1873, 0, 1942.43, 8.08622e-09, 1942.43
2636.38, 1906, 0, 1946.01, 4.93175e-08, 1946.01
2636.49, 1926, 0, 1949.67, 2.80885e-07, 1949.67
2636.61, 1963, 0, 1953.37, 1.49643e-06, 1953.37
2636.73, 2071, 0, 1957.06, 7.46809e-06, 1957.06
2636.84, 2098, 0, 1960.52, 3.48201e-05, 1960.52
2636.96, 2062, 0, 1963.7, 0.000152093, 1963.7
2637.07, 2001, 0, 1966.68, 0.000620845, 1966.69
2637.19, 1898, 0, 1969.6, 0.00237436, 1969.6
2637.31, 1995, 0, 1972.66, 0.00848859, 1972.67
2637.42, 1995, 0, 1975.68, 0.0284343, 1975.71
2637.54, 2051, 0, 1978.66, 0.089065, 1978.75
2637.66, 2021, 0, 1981.49, 0.261408, 1981.75
2637.77, 2056, 0, 1984.25, 0.71826, 1984.96
2637.89, 2086, 0, 1986.86, 1.84627, 1988.71
2638.01, 2168, 0, 1989.28, 4.44735, 1993.72
2638.12, 2262, 0, 1991.35, 10.0318, 2001.38
2638.24, 2244, 0, 1992.9, 21.1791, 2014.07
2638.36, 2228, 0, 1993.98, 41.9067, 2035.89
2638.47, 2225, 0, 1994.69, 77.6726, 2072.36
2638.59, 2280, 0, 1995.09, 134.871, 2129.96
2638.71, 2367, 0, 1995.19, 219.438, 2214.62
2638.82, 2488, 0, 1994.98, 334.512, 2329.49
2638.94, 2583, 0, 1994.46, 478.305, 2472.76
2639.05, 2563, 0, 1993.71, 641.675, 2635.39
2639.17, 2727, 0, 1993.12, 808.651, 2801.77
2639.29, 2962, 0, 1992.67, 959.363, 2952.03
2639.4, 2965, 0, 1992.2, 1075.69, 3067.89
2639.52, 3049, 1070.42, 1991.93, 1147.9, 3139.84
2639.64, 3070, 0, 1991.85, 1179.76, 3171.61
2639.75, 3203, 0, 1991.98, 1189.39, 3181.37
2639.87, 3167, 0, 1992.05, 1204.97, 3197.02
2639.99, 3349, 0, 1992.19, 1255.73, 3247.92
2640.1, 3582, 0, 1992.13, 1361.69, 3353.82
2640.22, 3537, 0, 1991.61, 1525.74, 3517.35
2640.34, 3758, 0, 1991.05, 1731.8, 3722.85
2640.45, 4064, 0, 1990.42, 1950.26, 3940.68
2640.57, 4367, 0, 1989.54, 2149.22, 4138.76
2640.69, 4332, 1951.47, 1988.21, 2306.14, 4294.35
2640.8, 4407, 0, 1986.8, 2416.91, 4403.72
2640.92, 4357, 0, 1985.39, 2494.93, 4480.32
2641.04, 4361, 0, 1984.22, 2562.37, 4546.59
2641.15, 4370, 0, 1983.42, 2637.41, 4620.84
2641.27, 4491, 0, 1983.13, 2723.24, 4706.37
2641.39, 4724, 0, 1983.26, 2804.92, 4788.18
2641.5, 4756, 0, 1983.53, 2857.11, 4840.64
2641.62, 4777, 2434.32, 1983.96, 2857.35, 4841.31
2641.73, 4764, 0, 1984.52, 2799.67, 4784.19
2641.85, 4882, 0, 1985.13, 2700.48, 4685.6
2641.97, 4850, 0, 1985.34, 2593.12, 4578.46
2642.08, 4663, 0, 1985, 2514.45, 4499.45
2642.2, 4678, 0, 1984.34, 2487.91, 4472.25
2642.32, 4656, 0, 1983.27, 2513.19, 4496.46
2642.43, 4678, 0, 1981.88, 2565.75, 4547.63
2642.55, 4472, 0, 1980.23, 2607.78, 4588
2642.67, 4594, 2295.42, 1978.81, 2604.48, 4583.28
2642.78, 4531, 0, 1977.36, 2539.19, 4516.55
2642.9, 4332, 0, 1975.89, 2419.98, 4395.88
2643.02, 4089, 0, 1974.55, 2274.68, 4249.23
2643.13, 3802, 0, 1973.53, 2138.39, 4111.92
2643.25, 3770, 0, 1973.13, 2037.53, 4010.65
2643.37, 3916, 0, 1973.21, 1978.86, 3952.06
2643.48, 4033, 0, 1973.36, 1947.53, 3920.89
2643.6, 3937, 0, 1973.28, 1914.46, 3887.74
2643.72, 3763, 1658.51, 1973.11, 1849.29, 3822.41
2643.83, 3688, 0, 1973.06, 1733.22, 3706.29
2643.95, 3569, 0, 1973.04, 1566.36, 3539.4
2644.07, 3517, 0, 1972.97, 1367.32, 3340.29
2644.18, 3254, 0, 1972.54, 1166.07, 3138.61
2644.3, 3044, 0, 1971.88, 993.344, 2965.22
2644.42, 2919, 0, 1971.06, 870.88, 2841.94
2644.53, 2801, 0, 1970.09, 805.604, 2775.7
2644.65, 2829, 0, 1969.07, 789.033, 2758.1
2644.77, 2816, 0, 1967.91, 801.333, 2769.24
2644.88, 2750, 0, 1966.65, 818.171, 2784.82
2645, 2744, 730.114, 1965.46, 817.928, 2783.39
2645.12, 2596, 0, 1964.35, 787.385, 2751.74
2645.23, 2570, 0, 1963.56, 724.139, 2687.7
2645.35, 2611, 66.2393, 1963, 635.716, 2598.71
2645.47, 2522, 0, 1962.41, 536.503, 2498.91
2645.58, 2469, 0, 1961.78, 442.633, 2404.41
2645.7, 2469, 0, 1961.01, 368.289, 2329.3
2645.82, 2307, 0, 1959.97, 322.094, 2282.07
2645.93, 2341, 0, 1958.88, 306.066, 2264.95
2646.05, 2314, 0, 1957.64, 315.77, 2273.41
2646.17, 2256, 0, 1956.31, 341.747, 2298.06
2646.28, 2261, 0, 1955.07, 371.868, 2326.94
2646.4, 2228, 0, 1953.97, 394.274, 2348.24
2646.52, 2225, 393.425, 1953.1, 399.862, 2352.96
2646.63, 2335, 0, 1952.49, 384.247, 2336.73
2646.75, 2325, 0, 1951.88, 348.239, 2300.12
2646.87, 2325, 0, 1951.22, 297.057, 2248.28
2646.98, 2271, 0, 1950.41, 238.203, 2188.61
2647.1, 2241, 0, 1949.43, 179.5, 2128.93
2647.22, 2141, 0, 1948.23, 127.133, 2075.36
2647.33, 2090, 0, 1946.9, 84.5777, 2031.48
2647.45, 2073, 0, 1945.45, 52.8675, 1998.32
2647.57, 1982, 0, 1943.85, 31.0514, 1974.9
2647.68, 1982, 0, 1942.24, 17.1381, 1959.38
2647.8, 2101, 0, 1940.58, 8.88934, 1949.47
2647.92, 2139, 0, 1938.62, 4.33624, 1942.96
2648.03, 2118, 0, 1936.27, 1.98699, 1938.26
2648.15, 2005, 0, 1933.56, 0.855878, 1934.41
2648.27, 1969, 0, 1930.7, 0.346573, 1931.05
2648.38, 1870, 0, 1927.77, 0.131942, 1927.91
2648.5, 1929, 0, 1924.96, 0.0472295, 1925.01
2648.62, 1871, 0, 1922.14, 0.0158972, 1922.15
2648.73, 1869, 0, 1919.42, 0.00503205, 1919.42
2648.85, 1885, 0, 1916.8, 0.00149643, 1916.8
2648.97, 1944, 0, 1914.25, 0.000418984, 1914.25
2649.08, 1998, 0, 1911.63, 0.000110347, 1911.63
2649.2, 1911, 0, 1908.85, 2.73393e-05, 1908.85
2649.32, 1914, 0, 1906.05, 6.3725e-06, 1906.05
2649.43, 1940, 0, 1903.25, 1.39755e-06, 1903.25
2649.55, 1884, 0, 1900.37, 2.88001e-07, 1900.37
2649.67, 1971, 0, 1897.52, 5.59247e-08, 1897.52
2649.78, 1980, 0, 1894.52, 1.02201e-08, 1894.52
2649.9, 1945, 0, 1891.36, 1.75517e-09, 1891.36
2650.02, 2006, 0, 1888.08, 2.84147e-10, 1888.08
2650.13, 1854, 0, 1884.57, 4.33029e-11, 1884.57
2650.25, 1873, 0, 1881.13, 6.20216e-12, 1881.13
2650.37, 1851, 0, 1877.7, 8.37729e-13, 1877.7
2650.48, 1846, 0, 1874.32, 1.06351e-13, 1874.32
2650.6, 1780, 0, 1871, 1.2736e-14, 1871
2650.72, 1850, 0, 1867.86, 1.43361e-15, 1867.86
2650.83, 1875, 0, 1864.75, 1.52264e-16, 1864.75
2650.95, 1920, 0, 1861.63, 1.52018e-17, 1861.63
2651.07, 1838, 0, 1858.39, 1.43244e-18, 1858.39
2651.18, 1831, 0, 1855.19, 1.26887e-19, 1855.19
2651.3, 1749, 0, 1852.03, 1.05882e-20, 1852.03
2651.42, 1735, 0, 1849.09, 8.3423e-22, 1849.09
2651.53, 1780, 0, 1846.37, 6.17944e-23, 1846.37
2651.65, 1823, 0, 1843.79, 4.31303e-24, 1843.79
2651.77, 1833, 0, 1841.24, 2.84345e-25, 1841.24
2651.88, 1880, 0, 1838.72, 1.76258e-26, 1838.72
2652, 1915, 0, 1836.11, 1.02974e-27, 1836.11
2652.12, 1900, 0, 1833.34, 5.67048e-29, 1833.34
2652.24, 1916, 0, 1830.44, 2.94347e-30, 1830.44
2652.35, 1830, 0, 1827.37, 1.44039e-31, 1827.37
2652.47, 1637, 0, 1824.29, 6.66309e-33, 1824.29
2652.59, 1651, 0, 1821.59, 2.89861e-34, 1821.59
2652.7, 1682, 0, 1819.23, 1.18903e-35, 1819.23
2652.82, 1787, 0, 1817.14, 4.59957e-37, 1817.14
2652.94, 1734, 0, 1815.11, 1.67803e-38, 1815.11
2653.05, 1789, 0, 1813.25, 5.77398e-40, 1813.25
2653.17, 1773, 0, 1811.43, 1.87404e-41, 1811.43
2653.29, 1782, 0, 1809.69, 5.72054e-43, 1809.69
2653.4, 1767, 0, 1808.01, 1.65226e-44, 1808.01
2653.52, 1774, 0, 1806.41, 4.50248e-46, 1806.41
2653.64, 1765, 0, 1804.87, 1.15769e-47, 1804.87
2653.75, 1758, 0, 1803.41, 2.80887e-49, 1803.41
2653.87, 1721, 0, 1802.05, 6.43145e-51, 1802.05
2653.99, 1910, 0, 1800.84, 1.38522e-52, 1800.84
2654.1, 1909, 0, 1799.42, 2.82521e-54, 1799.42
2654.22, 1871, 0, 1797.78, 5.43902e-56, 1797.78
2654.34, 1824, 0, 1795.99, 9.88471e-58, 1795.99
2654.45, 1803, 0, 1794.15, 1.69003e-59, 1794.15
2654.57, 1804, 0, 1792.29, 2.73758e-61, 1792.29
2654.69, 1815, 0, 1790.4, 4.17206e-63, 1790.4
2654.81, 1794, 0, 1788.47, 6.02546e-65, 1788.47
2654.92, 1661, 0, 1786.52, 8.21815e-67, 1786.52
2655.04, 1684, 0, 1784.83, 1.05465e-68, 1784.83
2655.16, 1761, 0, 1783.33, 1.28311e-70, 1783.33
2655.27, 1775, 0, 1781.89, 1.46891e-72, 1781.89
2655.39, 1781, 0, 1780.45, 1.59463e-74, 1780.45
2655.51, 1889, 0, 1779.02, 1.62901e-76, 1779.02
2655.62, 1712, 0, 1777.36, 1.57215e-78, 1777.36
2655.74, 1662, 0, 1775.84, 1.43934e-80, 1775.84
2655.86, 1591, 0, 1774.54, 1.24014e-82, 1774.54
2655.97, 1685, 0, 1773.61, 1.00969e-84, 1773.61
2656.09, 1708, 0, 1772.86, 7.8013e-87, 1772.86
2656.21, 1729, 0, 1772.23, 5.67313e-89, 1772.23
2656.32, 1766, 0, 1771.7, 3.89932e-91, 1771.7
2656.44, 1780, 0, 1771.17, 2.53337e-93, 1771.17
2656.56, 1793, 0, 1770.63, 1.56274e-95, 1770.63
2656.67, 1859, 0, 1770.04, 9.07414e-98, 1770.04
2656.79, 1765, 0, 1769.28, 4.98159e-100, 1769.28
2656.91, 1744, 0, 1768.52, 2.58587e-102, 1768.52
2657.03, 1760, 0, 1767.81, 1.26928e-104, 1767.81
2657.14, 1717, 0, 1767.12, 5.89187e-107, 1767.12
2657.26, 1687, 0, 1766.53, 2.58658e-109, 1766.53
2657.38, 1701, 0, 1766.1, 1.07401e-111, 1766.1
2657.49, 1656, 0, 1765.79, 4.2183e-114, 1765.79
2657.61, 1859, 0, 1765.71, 1.56726e-116, 1765.71
2657.73, 1751, 0, 1765.44, 5.50881e-119, 1765.44
2657.84, 1816, 0, 1765.2, 1.83197e-121, 1765.2
2657.96, 1765, 0, 1764.86, 5.7644e-124, 1764.86
2658.08, 1821, 0, 1764.52, 1.71633e-126, 1764.52
2658.19, 1764, 0, 1764.06, 4.83602e-129, 1764.06
2658.31, 1775, 0, 1763.6, 1.28304e-131, 1763.6
2658.43, 1773, 0, 1763.13, 3.23812e-134, 1763.13
2658.55, 1759, 0, 1762.63, 7.73548e-137, 1762.63
2658.66, 1730, 0, 1762.14, 1.74926e-139, 1762.14
2658.78, 1739, 0, 1761.71, 3.72509e-142, 1761.71
2658.9, 1752, 0, 1761.33, 7.54973e-145, 1761.33
2659.01, 1673, 0, 1760.97, 1.44877e-147, 1760.97
2659.13, 1722, 0, 1760.78, 2.61828e-150, 1760.78
2659.25, 1697, 0, 1760.67, 4.5051e-153, 1760.67
2659.36, 1720, 0, 1760.69, 7.30078e-156, 1760.69
2659.48, 1879, 0, 1760.79, 1.12671e-158, 1760.79
2659.6, 1746, 0, 1760.65, 1.64698e-161, 1760.65
2659.71, 1732, 0, 1760.55, 2.26765e-164, 1760.55
2659.83, 1755, 0, 1760.5, 2.9575e-167, 1760.5
2659.95, 1696, 0, 1760.46, 3.67503e-170, 1760.46
2660.07, 1730, 0, 1760.55, 4.30176e-173, 1760.55
2660.18, 1697, 0, 1760.7, 4.7987e-176, 1760.7
2660.3, 1773, 0, 1760.98, 5.04283e-179, 1760.98
2660.42, 1834, 0, 1761.23, 5.02164e-182, 1761.23
2660.53, 1865, 0, 1761.34, 4.76724e-185, 1761.34
2660.65, 1802, 0, 1761.24, 4.2638e-188, 1761.24
2660.77, 1808, 0, 1761.06, 3.61447e-191, 1761.06
2660.88, 1752, 0, 1760.79, 2.92212e-194, 1760.79
2661, 1686, 0, 1760.53, 2.22585e-197, 1760.53
2661.12, 1741, 0, 1760.42, 1.60734e-200, 1760.42
2661.24, 1754, 0, 1760.35, 1.10044e-203, 1760.35
2661.35, 1783, 0, 1760.3, 7.14334e-207, 1760.3
2661.47, 1793, 0, 1760.2, 4.39689e-210, 1760.2
2661.59, 1886, 0, 1760.03, 2.56644e-213, 1760.03
2661.7, 1819, 0, 1759.61, 1.42065e-216, 1759.61
2661.82, 1784, 0, 1759.07, 7.45848e-220, 1759.07
2661.94, 1772, 0, 1758.48, 3.71406e-223, 1758.48
2662.05, 1710, 0, 1757.87, 1.75434e-226, 1757.87
2662.17, 1653, 0, 1757.35, 7.86102e-230, 1757.35
2662.29, 1706, 0, 1757.04, 3.34175e-233, 1757.04
2662.41, 1758, 0, 1756.83, 1.34782e-236, 1756.83
2662.52, 1748, 0, 1756.62, 5.15803e-240, 1756.62
2662.64, 1608, 0, 1756.43, 1.8731e-243, 1756.43
2662.76, 1694, 0, 1756.53, 6.45496e-247, 1756.53
2662.87, 1732, 0, 1756.76, 2.11113e-250, 1756.76
2662.99, 1822, 0, 1757.04, 6.50798e-254, 1757.04
2663.11, 1720, 0, 1757.19, 1.91742e-257, 1757.19
2663.22, 1742, 0, 1757.41, 5.36252e-261, 1757.41
2663.34, 1779, 0, 1757.67, 1.41373e-264, 1757.67
2663.46, 1754, 0, 1757.88, 3.56334e-268, 1757.88
2663.58, 1740, 0, 1758.1, 8.52749e-272, 1758.1
2663.69, 1749, 0, 1758.35, 1.92383e-275, 1758.35
2663.81, 1855, 0, 1758.62, 4.15102e-279, 1758.62
2663.93, 1802, 0, 1758.7, 8.50571e-283, 1758.7
2664.04, 1722, 0, 1758.7, 1.64318e-286, 1758.7
2664.16, 1884, 0, 1758.77, 3.03703e-290, 1758.77
2664.28, 1763, 0, 1758.58, 5.29242e-294, 1758.58
2664.39, 1788, 0, 1758.39, 8.82575e-298, 1758.39
2664.51, 1774, 0, 1758.14, 1.38776e-301, 1758.14
2664.63, 1726, 0, 1757.86, 2.07296e-305, 1757.86
2664.75, 1770, 0, 1757.64, 2.9642e-309, 1757.64
2664.86, 1780, 0, 1757.4, 3.99691e-313, 1757.4
2664.98, 1783, 0, 1757.11, 5.12089e-317, 1757.11
2665.1, 1793, 0, 1756.77, 5.82997e-321, 1756.77
2665.21, 1780, 0, 1756.35, 0, 1756.35
2665.33, 1846, 0, 1755.89, 0, 1755.89
2665.45, 1741, 0, 1755.25, 0, 1755.25
2665.57, 1693, 0, 1754.64, 0, 1754.64
2665.68, 1822, 0, 1754.15, 0, 1754.15
2665.8, 1764, 0, 1753.53, 0, 1753.53
2665.92, 1778, 0, 1752.88, 0, 1752.88
2666.03, 1709, 0, 1752.19, 0, 1752.19
2666.15, 1694, 0, 1751.58, 0, 1751.58
2666.27, 1693, 0, 1751.08, 0, 1751.08
2666.39, 1699, 0, 1750.71, 0, 1750.71
2666.5, 1722, 0, 1750.43, 0, 1750.43
2666.62, 1743, 0, 1750.21, 0, 1750.21
2666.74, 1799, 0, 1750.01, 0, 1750.01
2666.85, 1660, 0, 1749.71, 0, 1749.71
2666.97, 1704, 0, 1749.59, 0, 1749.59
2667.09, 1791, 0, 1749.56, 0, 1749.56
2667.2, 1701, 0, 1749.44, 0, 1749.44
2667.32, 1806, 0, 1749.43, 0, 1749.43
2667.44, 1853, 0, 1749.3, 0, 1749.3
2667.56, 1725, 0, 1748.96, 0, 1748.96
2667.67, 1727, 0, 1748.67, 0, 1748.67
2667.79, 1732, 0, 1748.43, 0, 1748.43
2667.91, 1735, 0, 1748.21, 0, 1748.21
2668.02, 1747, 0, 1748.03, 0, 1748.03
2668.14, 1714, 0, 1747.84, 0, 1747.84
2668.26, 1766, 0, 1747.72, 0, 1747.72
2668.38, 1707, 0, 1747.57, 0, 1747.57
2668.49, 1739, 0, 1747.5, 0, 1747.5
2668.61, 1752, 0, 1747.44, 0, 1747.44
2668.73, 1736, 0, 1747.38, 0, 1747.38
2668.84, 1780, 0, 1747.34, 0, 1747.34
2668.96, 1722, 0, 1747.23, 0, 1747.23
2669.08, 1784, 0, 1747.17, 0, 1747.17
2669.2, 1665, 0, 1747.04, 0, 1747.04
2669.31, 1624, 0, 1747.08, 0, 1747.08
2669.43, 1609, 0, 1747.36, 0, 1747.36
2669.55, 1605, 0, 1747.91, 0, 1747.91
2669.67, 1671, 0, 1748.76, 0, 1748.76
2669.78, 1707, 0, 1749.75, 0, 1749.75
2669.9, 1680, 0, 1750.84, 0, 1750.84
2670.02, 1748, 0, 1752.06, 0, 1752.06
2670.13, 1697, 0, 1753.3, 0, 1753.3
2670.25, 1615, 0, 1754.64, 0, 1754.64
2670.37, 1671, 0, 1756.27, 0, 1756.27
2670.49, 1640, 0, 1758.06, 0, 1758.06
2670.6, 1585, 0, 1760.1, 0, 1760.1
2670.72, 1730, 0, 1762.48, 0, 1762.48
2670.84, 1687, 0, 1764.93, 0, 1764.93
2670.95, 1714, 0, 1767.53, 0, 1767.53
2671.07, 1771, 0, 1770.24, 0, 1770.24
2671.19, 1788, 0, 1772.95, 0, 1772.95
2671.31, 1799, 0, 1775.63, 0, 1775.63
2671.42, 1825, 0, 1778.26, 0, 1778.26
2671.54, 1795, 0, 1780.8, 0, 1780.8
2671.66, 1801, 0, 1783.31, 0, 1783.31
2671.77, 1776, 0, 1785.78, 0, 1785.78
2671.89, 1768, 0, 1788.27, 0, 1788.27
2672.01, 1735, 0, 1790.81, 0, 1790.81
2672.13, 1823, 0, 1793.45, 0, 1793.45
2672.24, 1855, 0, 1796.04, 0, 1796.04
2672.36, 1754, 0, 1798.51, 0, 1798.51
2672.48, 1743, 0, 1801.07, 0, 1801.07
2672.6, 1784, 0, 1803.74, 0, 1803.74
2672.71, 1758, 0, 1806.46, 0, 1806.46
2672.83, 1798, 0, 1809.27, 0, 1809.27
2672.95, 1915, 0, 1812.1, 0, 1812.1
2673.06, 1918, 0, 1814.73, 0, 1814.73
2673.18, 1961, 0, 1817.15, 0, 1817.15
2673.3, 2002, 0, 1819.28, 0, 1819.28
2673.42, 1868, 0, 1821.05, 0, 1821.05
2673.53, 1881, 0, 1822.72, 0, 1822.72
2673.65, 1806, 0, 1824.28, 0, 1824.28
2673.77, 1838, 0, 1825.88, 0, 1825.88
2673.88, 1841, 0, 1827.44, 0, 1827.44
2674, 1942, 0, 1828.99, 0, 1828.99
2674.12, 1879, 0, 1830.3, 0, 1830.3
2674.24, 1933, 0, 1831.52, 0, 1831.52
2674.35, 1820, 0, 1832.54, 0, 1832.54
2674.47, 1895, 0, 1833.58, 0, 1833.58
2674.59, 1910, 0, 1834.5, 0, 1834.5
2674.71, 1881, 0, 1835.27, 0, 1835.27
2674.82, 1939, 0, 1835.94, 0, 1835.94
2674.94, 1904, 0, 1836.41, 0, 1836.41
2675.06, 1839, 0, 1836.75, 0, 1836.75
2675.18, 1834, 0, 1837.08, 0, 1837.08
2675.29, 1781, 0, 1837.41, 0, 1837.41
2675.41, 1869, 0, 1837.86, 0, 1837.86
2675.53, 1842, 0, 1838.25, 0, 1838.25
2675.64, 1928, 0, 1838.63, 0, 1838.63
2675.76, 1968, 0, 1838.83, 0, 1838.83
2675.88, 1958, 0, 1838.77, 0, 1838.77
2676, 1962, 0, 1838.47, 0, 1838.47
2676.11, 1968, 0, 1837.93, 0, 1837.93
2676.23, 1885, 0, 1837.13, 0, 1837.13
2676.35, 1961, 0, 1836.23, 0, 1836.23
2676.47, 1990, 0, 1835.08, 0, 1835.08
2676.58, 1905, 0, 1833.62, 0, 1833.62
2676.7, 1824, 0, 1832.02, 0, 1832.02
2676.82, 1735, 0, 1830.43, 0, 1830.43
2676.93, 1782, 0, 1829.04, 0, 1829.04
2677.05, 1830, 0, 1827.74, 0, 1827.74
2677.17, 1816, 0, 1826.43, 0, 1826.43
2677.29, 1856, 0, 1825.15, 0, 1825.15
2677.4, 1834, 0, 1823.8, 0, 1823.8
2677.52, 1846, 0, 1822.44, 0, 1822.44
2677.64, 1813, 0, 1821.02, 0, 1821.02
2677.76, 1781, 0, 1819.63, 0, 1819.63
2677.87, 1804, 0, 1818.31, 0, 1818.31
2677.99, 1910, 0, 1817.02, 0, 1817.02
2678.11, 1958, 0, 1815.54, 0, 1815.54
2678.23, 1898, 0, 1813.78, 0, 1813.78
2678.34, 1956, 0, 1811.85, 0, 1811.85
2678.46, 1837, 0, 1809.63, 0, 1809.63
2678.58, 1867, 0, 1807.35, 0, 1807.35
2678.7, 1812, 0, 1804.96, 0, 1804.96
2678.81, 1876, 0, 1802.55, 0, 1802.55
2678.93, 1917, 0, 1800, 0, 1800
2679.05, 1908, 0, 1797.21, 0, 1797.21
2679.16, 1807, 0, 1794.2, 0, 1794.2
2679.28, 1785, 0, 1791.17, 0, 1791.17
2679.4, 1806, 0, 1788.14, 0, 1788.14
2679.52, 1701, 0, 1785.09, 0, 1785.09
2679.63, 1727, 0, 1782.2, 0, 1782.2
2679.75, 1825, 0, 1779.42, 0, 1779.42
2679.87, 1744, 0, 1776.54, 0, 1776.54
2679.99, 1695, 0, 1773.74, 0, 1773.74
2680.1, 1691, 0, 1771.09, 0, 1771.09
2680.22, 1734, 0, 1768.6, 0, 1768.6
2680.34, 1758, 0, 1766.18, 0, 1766.18
2680.46, 1735, 0, 1763.78, 0, 1763.78
2680.57, 1755, 0, 1761.43, 0, 1761.43
2680.69, 1708, 0, 1759.1, 0, 1759.1
2680.81, 1744, 0, 1756.87, 0, 1756.87
2680.93, 1717, 0, 1754.67, 0, 1754.67
2681.04, 1850, 0, 1752.54, 0, 1752.54
2681.16, 1853, 0, 1750.21, 0, 1750.21
2681.28, 1821, 0, 1747.68, 0, 1747.68
2681.4, 1681, 0, 1745.01, 0, 1745.01
2681.51, 1699, 0, 1742.46, 0, 1742.46
2681.63, 1785, 0, 1740, 0, 1740
2681.75, 1746, 0, 1737.45, 0, 1737.45
2681.86, 1688, 0, 1734.88, 0, 1734.88
2681.98, 1693, 0, 1732.4, 0, 1732.4
2682.1, 1703, 0, 1730.01, 0, 1730.01
2682.22, 1575, 0, 1727.67, 0, 1727.67
2682.33, 1674, 0, 1725.63, 0, 1725.63
2682.45, 1738, 0, 1723.7, 0, 1723.7
2682.57, 1792, 0, 1721.73, 0, 1721.73
2682.69, 1773, 0, 1719.63, 0, 1719.63
2682.8, 1803, 0, 1717.42, 0, 1717.42
2682.92, 1842, 0, 1715.04, 0, 1715.04
2683.04, 1755, 0, 1712.41, 0, 1712.41
2683.16, 1760, 0, 1709.69, 0, 1709.69
2683.27, 1762, 0, 1706.87, 0, 1706.87
2683.39, 1694, 0, 1703.94, 0, 1703.94
2683.51, 1768, 0, 1701.03, 0, 1701.03
2683.63, 1739, 0, 1697.98, 0, 1697.98
2683.74, 1764, 0, 1694.86, 0, 1694.86
2683.86, 1823, 0, 1691.59, 0, 1691.59
2683.98, 1836, 0, 1688.06, 0, 1688.06
2684.1, 1752, 0, 1684.24, 0, 1684.24
2684.21, 1654, 0, 1680.28, 0, 1680.28
2684.33, 1723, 0, 1676.38, 0, 1676.38
2684.45, 1650, 0, 1672.38, 0, 1672.38
2684.57, 1727, 0, 1668.42, 0, 1668.42
2684.68, 1696, 0, 1664.35, 0, 1664.35
2684.8, 1700, 0, 1660.21, 0, 1660.21
2684.92, 1656, 0, 1659.31, 0, 1659.31
